JUnit version 4.13.2
12:29:47.049 [main] INFO org.evosuite.runtime.instrumentation.EvoClassLoader - Seeing class for first time: org.apache.commons.math.complex.Complex_ESTest
12:29:47.050 [main] INFO org.evosuite.runtime.instrumentation.EvoClassLoader - Instrumenting class 'org.apache.commons.math.complex.Complex_ESTest'.
12:29:47.179 [main] INFO org.evosuite.runtime.instrumentation.EvoClassLoader - Seeing class for first time: org.apache.commons.math.complex.Complex_ESTest_scaffolding
12:29:47.180 [main] INFO org.evosuite.runtime.instrumentation.EvoClassLoader - Instrumenting class 'org.apache.commons.math.complex.Complex_ESTest_scaffolding'.
12:29:47.182 [main] INFO org.evosuite.runtime.instrumentation.EvoClassLoader - Keeping class: org.apache.commons.math.complex.Complex_ESTest_scaffolding
12:29:47.182 [main] INFO org.evosuite.runtime.instrumentation.EvoClassLoader - Keeping class: org.apache.commons.math.complex.Complex_ESTest
12:29:47.385 [main] DEBUG org.evosuite.runtime.sandbox.MSecurityManager - Adding privileged thread: "Reference Handler"
12:29:47.385 [main] DEBUG org.evosuite.runtime.sandbox.MSecurityManager - Adding privileged thread: "Finalizer"
12:29:47.385 [main] DEBUG org.evosuite.runtime.sandbox.MSecurityManager - Adding privileged thread: "Signal Dispatcher"
12:29:47.385 [main] DEBUG org.evosuite.runtime.sandbox.MSecurityManager - Adding privileged thread: "Java2D Disposer"
12:29:47.385 [main] DEBUG org.evosuite.runtime.sandbox.MSecurityManager - Adding privileged thread: "AWT-XAWT"
12:29:47.385 [main] DEBUG org.evosuite.runtime.sandbox.MSecurityManager - Adding privileged thread: "main"
12:29:47.401 [main] INFO org.evosuite.runtime.instrumentation.EvoClassLoader - Seeing class for first time: org.apache.commons.math.exception.util.Localizable
12:29:47.401 [main] INFO org.evosuite.runtime.instrumentation.EvoClassLoader - Instrumenting class 'org.apache.commons.math.exception.util.Localizable'.
12:29:47.425 [main] INFO org.evosuite.runtime.instrumentation.EvoClassLoader - Defined package (3): package org.apache.commons.math.exception.util, 512723339
12:29:47.425 [main] INFO org.evosuite.runtime.instrumentation.EvoClassLoader - Keeping class: org.apache.commons.math.exception.util.Localizable
12:29:47.426 [main] INFO org.evosuite.runtime.instrumentation.EvoClassLoader - Seeing class for first time: org.apache.commons.math.exception.NumberIsTooSmallException
12:29:47.426 [main] INFO org.evosuite.runtime.instrumentation.EvoClassLoader - Instrumenting class 'org.apache.commons.math.exception.NumberIsTooSmallException'.
12:29:47.427 [main] INFO org.evosuite.runtime.instrumentation.MethodCallReplacementClassAdapter - Adding mock interface to class org/apache/commons/math/exception/NumberIsTooSmallException
12:29:47.468 [main] INFO org.evosuite.runtime.instrumentation.CreateClassResetClassAdapter - Creating brand-new static initializer in class org/apache/commons/math/exception/NumberIsTooSmallException
12:29:47.468 [main] INFO org.evosuite.runtime.instrumentation.EvoClassLoader - Defined package (3): package org.apache.commons.math.exception, 1929745093
12:29:47.469 [main] INFO org.evosuite.runtime.instrumentation.EvoClassLoader - Seeing class for first time: org.apache.commons.math.exception.MathIllegalNumberException
12:29:47.469 [main] INFO org.evosuite.runtime.instrumentation.EvoClassLoader - Instrumenting class 'org.apache.commons.math.exception.MathIllegalNumberException'.
12:29:47.469 [main] INFO org.evosuite.runtime.instrumentation.MethodCallReplacementClassAdapter - Adding mock interface to class org/apache/commons/math/exception/MathIllegalNumberException
12:29:47.469 [main] INFO org.evosuite.runtime.instrumentation.CreateClassResetClassAdapter - Creating brand-new static initializer in class org/apache/commons/math/exception/MathIllegalNumberException
12:29:47.469 [main] INFO org.evosuite.runtime.instrumentation.EvoClassLoader - Seeing class for first time: org.apache.commons.math.exception.MathIllegalArgumentException
12:29:47.470 [main] INFO org.evosuite.runtime.instrumentation.EvoClassLoader - Instrumenting class 'org.apache.commons.math.exception.MathIllegalArgumentException'.
12:29:47.470 [main] INFO org.evosuite.runtime.instrumentation.MethodCallReplacementClassAdapter - Adding mock interface to class org/apache/commons/math/exception/MathIllegalArgumentException
12:29:47.470 [main] INFO org.evosuite.runtime.instrumentation.CreateClassResetClassAdapter - Creating brand-new static initializer in class org/apache/commons/math/exception/MathIllegalArgumentException
12:29:47.470 [main] INFO org.evosuite.runtime.instrumentation.EvoClassLoader - Seeing class for first time: org.apache.commons.math.exception.util.ExceptionContextProvider
12:29:47.470 [main] INFO org.evosuite.runtime.instrumentation.EvoClassLoader - Instrumenting class 'org.apache.commons.math.exception.util.ExceptionContextProvider'.
12:29:47.471 [main] INFO org.evosuite.runtime.instrumentation.EvoClassLoader - Keeping class: org.apache.commons.math.exception.util.ExceptionContextProvider
12:29:47.471 [main] INFO org.evosuite.runtime.instrumentation.EvoClassLoader - Keeping class: org.apache.commons.math.exception.MathIllegalArgumentException
12:29:47.471 [main] INFO org.evosuite.runtime.instrumentation.EvoClassLoader - Keeping class: org.apache.commons.math.exception.MathIllegalNumberException
12:29:47.471 [main] INFO org.evosuite.runtime.instrumentation.EvoClassLoader - Keeping class: org.apache.commons.math.exception.NumberIsTooSmallException
12:29:47.471 [main] INFO org.evosuite.runtime.instrumentation.EvoClassLoader - Seeing class for first time: org.apache.commons.math.exception.NullArgumentException
12:29:47.471 [main] INFO org.evosuite.runtime.instrumentation.EvoClassLoader - Instrumenting class 'org.apache.commons.math.exception.NullArgumentException'.
12:29:47.472 [main] INFO org.evosuite.runtime.instrumentation.MethodCallReplacementClassAdapter - Adding mock interface to class org/apache/commons/math/exception/NullArgumentException
12:29:47.472 [main] INFO org.evosuite.runtime.instrumentation.CreateClassResetClassAdapter - Creating brand-new static initializer in class org/apache/commons/math/exception/NullArgumentException
12:29:47.472 [main] INFO org.evosuite.runtime.instrumentation.EvoClassLoader - Keeping class: org.apache.commons.math.exception.NullArgumentException
12:29:47.473 [main] INFO org.evosuite.runtime.instrumentation.EvoClassLoader - Seeing class for first time: org.apache.commons.math.exception.util.ExceptionContext
12:29:47.473 [main] INFO org.evosuite.runtime.instrumentation.EvoClassLoader - Instrumenting class 'org.apache.commons.math.exception.util.ExceptionContext'.
12:29:47.473 [main] INFO org.evosuite.runtime.instrumentation.MethodCallReplacementClassAdapter - Adding mock interface to class org/apache/commons/math/exception/util/ExceptionContext
12:29:47.476 [main] INFO org.evosuite.runtime.instrumentation.CreateClassResetClassAdapter - Creating brand-new static initializer in class org/apache/commons/math/exception/util/ExceptionContext
12:29:47.476 [main] INFO org.evosuite.runtime.instrumentation.EvoClassLoader - Keeping class: org.apache.commons.math.exception.util.ExceptionContext
12:29:47.477 [main] INFO org.evosuite.runtime.instrumentation.EvoClassLoader - Seeing class for first time: org.apache.commons.math.exception.NonMonotonousSequenceException
12:29:47.477 [main] INFO org.evosuite.runtime.instrumentation.EvoClassLoader - Instrumenting class 'org.apache.commons.math.exception.NonMonotonousSequenceException'.
12:29:47.477 [main] INFO org.evosuite.runtime.instrumentation.MethodCallReplacementClassAdapter - Adding mock interface to class org/apache/commons/math/exception/NonMonotonousSequenceException
12:29:47.478 [main] INFO org.evosuite.runtime.instrumentation.CreateClassResetClassAdapter - Creating brand-new static initializer in class org/apache/commons/math/exception/NonMonotonousSequenceException
12:29:47.478 [main] INFO org.evosuite.runtime.instrumentation.EvoClassLoader - Keeping class: org.apache.commons.math.exception.NonMonotonousSequenceException
12:29:47.478 [main] INFO org.evosuite.runtime.instrumentation.EvoClassLoader - Seeing class for first time: org.apache.commons.math.complex.Complex
12:29:47.478 [main] INFO org.evosuite.runtime.instrumentation.EvoClassLoader - Instrumenting class 'org.apache.commons.math.complex.Complex'.
12:29:47.479 [main] INFO org.evosuite.runtime.instrumentation.MethodCallReplacementClassAdapter - Adding mock interface to class org/apache/commons/math/complex/Complex
12:29:47.482 [main] INFO org.evosuite.runtime.instrumentation.CreateClassResetClassAdapter - Found static initializer in class org/apache/commons/math/complex/Complex
12:29:47.483 [main] INFO org.evosuite.runtime.instrumentation.EvoClassLoader - Seeing class for first time: org.apache.commons.math.FieldElement
12:29:47.483 [main] INFO org.evosuite.runtime.instrumentation.EvoClassLoader - Instrumenting class 'org.apache.commons.math.FieldElement'.
12:29:47.484 [main] INFO org.evosuite.runtime.instrumentation.EvoClassLoader - Defined package (3): package org.apache.commons.math, 802290660
12:29:47.484 [main] INFO org.evosuite.runtime.instrumentation.EvoClassLoader - Keeping class: org.apache.commons.math.FieldElement
12:29:47.484 [main] INFO org.evosuite.runtime.instrumentation.EvoClassLoader - Keeping class: org.apache.commons.math.complex.Complex
12:29:47.484 [main] INFO org.evosuite.runtime.instrumentation.EvoClassLoader - Seeing class for first time: org.apache.commons.math.Field
12:29:47.484 [main] INFO org.evosuite.runtime.instrumentation.EvoClassLoader - Instrumenting class 'org.apache.commons.math.Field'.
12:29:47.485 [main] INFO org.evosuite.runtime.instrumentation.EvoClassLoader - Keeping class: org.apache.commons.math.Field
12:29:47.485 [main] INFO org.evosuite.runtime.instrumentation.EvoClassLoader - Seeing class for first time: org.apache.commons.math.exception.NotPositiveException
12:29:47.485 [main] INFO org.evosuite.runtime.instrumentation.EvoClassLoader - Instrumenting class 'org.apache.commons.math.exception.NotPositiveException'.
12:29:47.485 [main] INFO org.evosuite.runtime.instrumentation.MethodCallReplacementClassAdapter - Adding mock interface to class org/apache/commons/math/exception/NotPositiveException
12:29:47.486 [main] INFO org.evosuite.runtime.instrumentation.CreateClassResetClassAdapter - Creating brand-new static initializer in class org/apache/commons/math/exception/NotPositiveException
12:29:47.486 [main] INFO org.evosuite.runtime.instrumentation.EvoClassLoader - Keeping class: org.apache.commons.math.exception.NotPositiveException
12:29:47.487 [main] INFO org.evosuite.runtime.instrumentation.EvoClassLoader - Seeing class for first time: org.apache.commons.math.util.FastMath
12:29:47.487 [main] INFO org.evosuite.runtime.instrumentation.EvoClassLoader - Instrumenting class 'org.apache.commons.math.util.FastMath'.
12:29:47.489 [main] INFO org.evosuite.runtime.instrumentation.MethodCallReplacementClassAdapter - Adding mock interface to class org/apache/commons/math/util/FastMath
12:29:47.506 [main] INFO org.evosuite.runtime.instrumentation.CreateClassResetClassAdapter - Found static initializer in class org/apache/commons/math/util/FastMath
12:29:47.507 [main] INFO org.evosuite.runtime.instrumentation.EvoClassLoader - Defined package (3): package org.apache.commons.math.util, -486343732
12:29:47.507 [main] INFO org.evosuite.runtime.instrumentation.EvoClassLoader - Keeping class: org.apache.commons.math.util.FastMath
12:29:47.698 [main] INFO org.evosuite.runtime.instrumentation.EvoClassLoader - Seeing class for first time: org.apache.commons.math.exception.MathArithmeticException
12:29:47.698 [main] INFO org.evosuite.runtime.instrumentation.EvoClassLoader - Instrumenting class 'org.apache.commons.math.exception.MathArithmeticException'.
12:29:47.699 [main] INFO org.evosuite.runtime.instrumentation.MethodCallReplacementClassAdapter - Adding mock interface to class org/apache/commons/math/exception/MathArithmeticException
12:29:47.705 [main] INFO org.evosuite.runtime.instrumentation.CreateClassResetClassAdapter - Creating brand-new static initializer in class org/apache/commons/math/exception/MathArithmeticException
12:29:47.705 [main] INFO org.evosuite.runtime.instrumentation.EvoClassLoader - Keeping class: org.apache.commons.math.exception.MathArithmeticException
12:29:47.706 [main] INFO org.evosuite.runtime.instrumentation.EvoClassLoader - Seeing class for first time: org.apache.commons.math.util.MathUtils
12:29:47.706 [main] INFO org.evosuite.runtime.instrumentation.EvoClassLoader - Instrumenting class 'org.apache.commons.math.util.MathUtils'.
12:29:47.707 [main] INFO org.evosuite.runtime.instrumentation.MethodCallReplacementClassAdapter - Adding mock interface to class org/apache/commons/math/util/MathUtils
12:29:47.713 [main] INFO org.evosuite.runtime.instrumentation.CreateClassResetClassAdapter - Found static initializer in class org/apache/commons/math/util/MathUtils
12:29:47.714 [main] INFO org.evosuite.runtime.instrumentation.EvoClassLoader - Keeping class: org.apache.commons.math.util.MathUtils
12:29:47.715 [main] INFO org.evosuite.runtime.instrumentation.EvoClassLoader - Seeing class for first time: org.apache.commons.math.exception.NumberIsTooLargeException
12:29:47.715 [main] INFO org.evosuite.runtime.instrumentation.EvoClassLoader - Instrumenting class 'org.apache.commons.math.exception.NumberIsTooLargeException'.
12:29:47.715 [main] INFO org.evosuite.runtime.instrumentation.MethodCallReplacementClassAdapter - Adding mock interface to class org/apache/commons/math/exception/NumberIsTooLargeException
12:29:47.716 [main] INFO org.evosuite.runtime.instrumentation.CreateClassResetClassAdapter - Creating brand-new static initializer in class org/apache/commons/math/exception/NumberIsTooLargeException
12:29:47.716 [main] INFO org.evosuite.runtime.instrumentation.EvoClassLoader - Keeping class: org.apache.commons.math.exception.NumberIsTooLargeException
12:29:47.716 [main] INFO org.evosuite.runtime.instrumentation.EvoClassLoader - Seeing class for first time: org.apache.commons.math.exception.NotFiniteNumberException
12:29:47.716 [main] INFO org.evosuite.runtime.instrumentation.EvoClassLoader - Instrumenting class 'org.apache.commons.math.exception.NotFiniteNumberException'.
12:29:47.716 [main] INFO org.evosuite.runtime.instrumentation.MethodCallReplacementClassAdapter - Adding mock interface to class org/apache/commons/math/exception/NotFiniteNumberException
12:29:47.717 [main] INFO org.evosuite.runtime.instrumentation.CreateClassResetClassAdapter - Creating brand-new static initializer in class org/apache/commons/math/exception/NotFiniteNumberException
12:29:47.717 [main] INFO org.evosuite.runtime.instrumentation.EvoClassLoader - Keeping class: org.apache.commons.math.exception.NotFiniteNumberException
12:29:47.718 [main] INFO org.evosuite.runtime.instrumentation.EvoClassLoader - Seeing class for first time: org.apache.commons.math.exception.DimensionMismatchException
12:29:47.718 [main] INFO org.evosuite.runtime.instrumentation.EvoClassLoader - Instrumenting class 'org.apache.commons.math.exception.DimensionMismatchException'.
12:29:47.718 [main] INFO org.evosuite.runtime.instrumentation.MethodCallReplacementClassAdapter - Adding mock interface to class org/apache/commons/math/exception/DimensionMismatchException
12:29:47.719 [main] INFO org.evosuite.runtime.instrumentation.CreateClassResetClassAdapter - Creating brand-new static initializer in class org/apache/commons/math/exception/DimensionMismatchException
12:29:47.719 [main] INFO org.evosuite.runtime.instrumentation.EvoClassLoader - Keeping class: org.apache.commons.math.exception.DimensionMismatchException
12:29:47.720 [main] INFO org.evosuite.runtime.instrumentation.EvoClassLoader - Seeing class for first time: org.apache.commons.math.complex.ComplexField
12:29:47.720 [main] INFO org.evosuite.runtime.instrumentation.EvoClassLoader - Instrumenting class 'org.apache.commons.math.complex.ComplexField'.
12:29:47.720 [main] INFO org.evosuite.runtime.instrumentation.MethodCallReplacementClassAdapter - Adding mock interface to class org/apache/commons/math/complex/ComplexField
12:29:47.720 [main] INFO org.evosuite.runtime.instrumentation.CreateClassResetClassAdapter - Creating brand-new static initializer in class org/apache/commons/math/complex/ComplexField
12:29:47.720 [main] INFO org.evosuite.runtime.instrumentation.EvoClassLoader - Keeping class: org.apache.commons.math.complex.ComplexField
12:29:47.721 [main] INFO org.evosuite.runtime.instrumentation.EvoClassLoader - Seeing class for first time: org.apache.commons.math.complex.ComplexField$LazyHolder
12:29:47.721 [main] INFO org.evosuite.runtime.instrumentation.EvoClassLoader - Instrumenting class 'org.apache.commons.math.complex.ComplexField$LazyHolder'.
12:29:47.721 [main] INFO org.evosuite.runtime.instrumentation.MethodCallReplacementClassAdapter - Adding mock interface to class org/apache/commons/math/complex/ComplexField$LazyHolder
12:29:47.721 [main] INFO org.evosuite.runtime.instrumentation.CreateClassResetClassAdapter - Found static initializer in class org/apache/commons/math/complex/ComplexField$LazyHolder
12:29:47.721 [main] INFO org.evosuite.runtime.instrumentation.EvoClassLoader - Keeping class: org.apache.commons.math.complex.ComplexField$LazyHolder
12:29:47.721 [main] INFO org.evosuite.runtime.instrumentation.EvoClassLoader - Seeing class for first time: org.apache.commons.math.exception.util.LocalizedFormats
12:29:47.721 [main] INFO org.evosuite.runtime.instrumentation.EvoClassLoader - Instrumenting class 'org.apache.commons.math.exception.util.LocalizedFormats'.
12:29:47.722 [main] INFO org.evosuite.runtime.instrumentation.MethodCallReplacementClassAdapter - Adding mock interface to class org/apache/commons/math/exception/util/LocalizedFormats
12:29:47.723 [main] INFO org.evosuite.runtime.instrumentation.CreateClassResetClassAdapter - Found static initializer in class org/apache/commons/math/exception/util/LocalizedFormats
12:29:47.726 [main] INFO org.evosuite.runtime.instrumentation.EvoClassLoader - Keeping class: org.apache.commons.math.exception.util.LocalizedFormats
12:29:47.730 [main] INFO org.evosuite.runtime.instrumentation.EvoClassLoader - Seeing class for first time: org.apache.commons.math.exception.util.ArgUtils
12:29:47.730 [main] INFO org.evosuite.runtime.instrumentation.EvoClassLoader - Instrumenting class 'org.apache.commons.math.exception.util.ArgUtils'.
12:29:47.730 [main] INFO org.evosuite.runtime.instrumentation.MethodCallReplacementClassAdapter - Adding mock interface to class org/apache/commons/math/exception/util/ArgUtils
12:29:47.730 [main] INFO org.evosuite.runtime.instrumentation.CreateClassResetClassAdapter - Creating brand-new static initializer in class org/apache/commons/math/exception/util/ArgUtils
12:29:47.730 [main] INFO org.evosuite.runtime.instrumentation.EvoClassLoader - Keeping class: org.apache.commons.math.exception.util.ArgUtils
12:29:47.731 [main] INFO org.evosuite.runtime.instrumentation.EvoClassLoader - Seeing class for first time: org.apache.commons.math.util.MathUtils$OrderDirection
12:29:47.731 [main] INFO org.evosuite.runtime.instrumentation.EvoClassLoader - Instrumenting class 'org.apache.commons.math.util.MathUtils$OrderDirection'.
12:29:47.731 [main] INFO org.evosuite.runtime.instrumentation.MethodCallReplacementClassAdapter - Adding mock interface to class org/apache/commons/math/util/MathUtils$OrderDirection
12:29:47.731 [main] INFO org.evosuite.runtime.instrumentation.CreateClassResetClassAdapter - Found static initializer in class org/apache/commons/math/util/MathUtils$OrderDirection
12:29:47.731 [main] INFO org.evosuite.runtime.instrumentation.EvoClassLoader - Keeping class: org.apache.commons.math.util.MathUtils$OrderDirection
.12:29:47.748 [main] INFO org.evosuite.runtime.instrumentation.EvoClassLoader - Seeing class for first time: org.apache.commons.math.complex.ComplexField$1
12:29:47.748 [main] INFO org.evosuite.runtime.instrumentation.EvoClassLoader - Instrumenting class 'org.apache.commons.math.complex.ComplexField$1'.
12:29:47.748 [main] INFO org.evosuite.runtime.instrumentation.MethodCallReplacementClassAdapter - Adding mock interface to class org/apache/commons/math/complex/ComplexField$1
12:29:47.749 [main] INFO org.evosuite.runtime.instrumentation.EvoClassLoader - Keeping class: org.apache.commons.math.complex.ComplexField$1
.......................................................................................................E...............................................................................................................E................................................................................E.....................................................................................................E..........................................................................................E.......................................................................................................................................................................E...................E..........................................................................................................................................................................................................................................E.........E...................................................12:29:51.675 [main] INFO org.evosuite.runtime.thread.ThreadStopper - Found new thread
...E..........................................E...............................................................E..................................................................................E........................................................E..............................
Time: 5.508
There were 14 failures:
1) test_0003(org.apache.commons.math.complex.Complex_ESTest)
java.lang.AssertionError: expected:<NaN> but was:<Infinity>
	at org.junit.Assert.fail(Assert.java:89)
	at org.junit.Assert.failNotEquals(Assert.java:835)
	at org.junit.Assert.assertEquals(Assert.java:555)
	at org.junit.Assert.assertEquals(Assert.java:685)
	at org.apache.commons.math.complex.Complex_ESTest.test_0003(Complex_ESTest.java:58)
2) test_0448(org.apache.commons.math.complex.Complex_ESTest)
java.lang.AssertionError: expected:<NaN> but was:<Infinity>
	at org.junit.Assert.fail(Assert.java:89)
	at org.junit.Assert.failNotEquals(Assert.java:835)
	at org.junit.Assert.assertEquals(Assert.java:555)
	at org.junit.Assert.assertEquals(Assert.java:685)
	at org.apache.commons.math.complex.Complex_ESTest.test_0448(Complex_ESTest.java:4339)
3) test_0891(org.apache.commons.math.complex.Complex_ESTest)
java.lang.AssertionError: expected same:<(NaN, NaN)> was not:<(Infinity, Infinity)>
	at org.junit.Assert.fail(Assert.java:89)
	at org.junit.Assert.failNotSame(Assert.java:829)
	at org.junit.Assert.assertSame(Assert.java:772)
	at org.junit.Assert.assertSame(Assert.java:783)
	at org.apache.commons.math.complex.Complex_ESTest.test_0891(Complex_ESTest.java:8582)
4) test_0607(org.apache.commons.math.complex.Complex_ESTest)
java.lang.AssertionError: expected same:<(-Infinity, -Infinity)> was not:<(Infinity, Infinity)>
	at org.junit.Assert.fail(Assert.java:89)
	at org.junit.Assert.failNotSame(Assert.java:829)
	at org.junit.Assert.assertSame(Assert.java:772)
	at org.junit.Assert.assertSame(Assert.java:783)
	at org.apache.commons.math.complex.Complex_ESTest.test_0607(Complex_ESTest.java:5862)
5) test_1066(org.apache.commons.math.complex.Complex_ESTest)
java.lang.AssertionError: expected:<NaN> but was:<Infinity>
	at org.junit.Assert.fail(Assert.java:89)
	at org.junit.Assert.failNotEquals(Assert.java:835)
	at org.junit.Assert.assertEquals(Assert.java:555)
	at org.junit.Assert.assertEquals(Assert.java:685)
	at org.apache.commons.math.complex.Complex_ESTest.test_1066(Complex_ESTest.java:10255)
6) test_1226(org.apache.commons.math.complex.Complex_ESTest)
java.lang.AssertionError: expected same:<(Infinity, Infinity)> was not:<(Infinity, Infinity)>
	at org.junit.Assert.fail(Assert.java:89)
	at org.junit.Assert.failNotSame(Assert.java:829)
	at org.junit.Assert.assertSame(Assert.java:772)
	at org.junit.Assert.assertSame(Assert.java:783)
	at org.apache.commons.math.complex.Complex_ESTest.test_1226(Complex_ESTest.java:11768)
7) test_1222(org.apache.commons.math.complex.Complex_ESTest)
java.lang.AssertionError: expected:<NaN> but was:<Infinity>
	at org.junit.Assert.fail(Assert.java:89)
	at org.junit.Assert.failNotEquals(Assert.java:835)
	at org.junit.Assert.assertEquals(Assert.java:555)
	at org.junit.Assert.assertEquals(Assert.java:685)
	at org.apache.commons.math.complex.Complex_ESTest.test_1222(Complex_ESTest.java:11733)
8) test_0766(org.apache.commons.math.complex.Complex_ESTest)
java.lang.AssertionError: expected same:<(Infinity, -Infinity)> was not:<(Infinity, Infinity)>
	at org.junit.Assert.fail(Assert.java:89)
	at org.junit.Assert.failNotSame(Assert.java:829)
	at org.junit.Assert.assertSame(Assert.java:772)
	at org.junit.Assert.assertSame(Assert.java:783)
	at org.apache.commons.math.complex.Complex_ESTest.test_0766(Complex_ESTest.java:7367)
9) test_0759(org.apache.commons.math.complex.Complex_ESTest)
java.lang.AssertionError: expected:<NaN> but was:<Infinity>
	at org.junit.Assert.fail(Assert.java:89)
	at org.junit.Assert.failNotEquals(Assert.java:835)
	at org.junit.Assert.assertEquals(Assert.java:555)
	at org.junit.Assert.assertEquals(Assert.java:685)
	at org.apache.commons.math.complex.Complex_ESTest.test_0759(Complex_ESTest.java:7306)
10) test_0746(org.apache.commons.math.complex.Complex_ESTest)
java.lang.AssertionError
	at org.junit.Assert.fail(Assert.java:87)
	at org.junit.Assert.assertTrue(Assert.java:42)
	at org.junit.Assert.assertFalse(Assert.java:65)
	at org.junit.Assert.assertFalse(Assert.java:75)
	at org.apache.commons.math.complex.Complex_ESTest.test_0746(Complex_ESTest.java:7185)
11) test_0724(org.apache.commons.math.complex.Complex_ESTest)
java.lang.AssertionError: expected same:<(Infinity, NaN)> was not:<(Infinity, Infinity)>
	at org.junit.Assert.fail(Assert.java:89)
	at org.junit.Assert.failNotSame(Assert.java:829)
	at org.junit.Assert.assertSame(Assert.java:772)
	at org.junit.Assert.assertSame(Assert.java:783)
	at org.apache.commons.math.complex.Complex_ESTest.test_0724(Complex_ESTest.java:6998)
12) test_0913(org.apache.commons.math.complex.Complex_ESTest)
java.lang.AssertionError
	at org.junit.Assert.fail(Assert.java:87)
	at org.junit.Assert.assertTrue(Assert.java:42)
	at org.junit.Assert.assertFalse(Assert.java:65)
	at org.junit.Assert.assertFalse(Assert.java:75)
	at org.apache.commons.math.complex.Complex_ESTest.test_0913(Complex_ESTest.java:8778)
13) test_0079(org.apache.commons.math.complex.Complex_ESTest)
java.lang.AssertionError: expected same:<(-Infinity, -Infinity)> was not:<(Infinity, Infinity)>
	at org.junit.Assert.fail(Assert.java:89)
	at org.junit.Assert.failNotSame(Assert.java:829)
	at org.junit.Assert.assertSame(Assert.java:772)
	at org.junit.Assert.assertSame(Assert.java:783)
	at org.apache.commons.math.complex.Complex_ESTest.test_0079(Complex_ESTest.java:824)
14) test_0290(org.apache.commons.math.complex.Complex_ESTest)
java.lang.AssertionError: expected:<NaN> but was:<Infinity>
	at org.junit.Assert.fail(Assert.java:89)
	at org.junit.Assert.failNotEquals(Assert.java:835)
	at org.junit.Assert.assertEquals(Assert.java:555)
	at org.junit.Assert.assertEquals(Assert.java:685)
	at org.apache.commons.math.complex.Complex_ESTest.test_0290(Complex_ESTest.java:2823)

FAILURES!!!
Tests run: 1242,  Failures: 14

