JUnit version 4.13.2
12:29:12.665 [main] INFO org.evosuite.runtime.instrumentation.EvoClassLoader - Seeing class for first time: org.apache.commons.math.complex.Complex_ESTest
12:29:12.667 [main] INFO org.evosuite.runtime.instrumentation.EvoClassLoader - Instrumenting class 'org.apache.commons.math.complex.Complex_ESTest'.
12:29:12.793 [main] INFO org.evosuite.runtime.instrumentation.EvoClassLoader - Seeing class for first time: org.apache.commons.math.complex.Complex_ESTest_scaffolding
12:29:12.793 [main] INFO org.evosuite.runtime.instrumentation.EvoClassLoader - Instrumenting class 'org.apache.commons.math.complex.Complex_ESTest_scaffolding'.
12:29:12.795 [main] INFO org.evosuite.runtime.instrumentation.EvoClassLoader - Keeping class: org.apache.commons.math.complex.Complex_ESTest_scaffolding
12:29:12.795 [main] INFO org.evosuite.runtime.instrumentation.EvoClassLoader - Keeping class: org.apache.commons.math.complex.Complex_ESTest
12:29:12.989 [main] DEBUG org.evosuite.runtime.sandbox.MSecurityManager - Adding privileged thread: "Reference Handler"
12:29:12.989 [main] DEBUG org.evosuite.runtime.sandbox.MSecurityManager - Adding privileged thread: "Finalizer"
12:29:12.989 [main] DEBUG org.evosuite.runtime.sandbox.MSecurityManager - Adding privileged thread: "Signal Dispatcher"
12:29:12.989 [main] DEBUG org.evosuite.runtime.sandbox.MSecurityManager - Adding privileged thread: "Java2D Disposer"
12:29:12.989 [main] DEBUG org.evosuite.runtime.sandbox.MSecurityManager - Adding privileged thread: "AWT-XAWT"
12:29:12.989 [main] DEBUG org.evosuite.runtime.sandbox.MSecurityManager - Adding privileged thread: "main"
12:29:13.004 [main] INFO org.evosuite.runtime.instrumentation.EvoClassLoader - Seeing class for first time: org.apache.commons.math.exception.util.Localizable
12:29:13.004 [main] INFO org.evosuite.runtime.instrumentation.EvoClassLoader - Instrumenting class 'org.apache.commons.math.exception.util.Localizable'.
12:29:13.030 [main] INFO org.evosuite.runtime.instrumentation.EvoClassLoader - Defined package (3): package org.apache.commons.math.exception.util, 512723339
12:29:13.030 [main] INFO org.evosuite.runtime.instrumentation.EvoClassLoader - Keeping class: org.apache.commons.math.exception.util.Localizable
12:29:13.030 [main] INFO org.evosuite.runtime.instrumentation.EvoClassLoader - Seeing class for first time: org.apache.commons.math.exception.NumberIsTooSmallException
12:29:13.030 [main] INFO org.evosuite.runtime.instrumentation.EvoClassLoader - Instrumenting class 'org.apache.commons.math.exception.NumberIsTooSmallException'.
12:29:13.031 [main] INFO org.evosuite.runtime.instrumentation.MethodCallReplacementClassAdapter - Adding mock interface to class org/apache/commons/math/exception/NumberIsTooSmallException
12:29:13.075 [main] INFO org.evosuite.runtime.instrumentation.CreateClassResetClassAdapter - Creating brand-new static initializer in class org/apache/commons/math/exception/NumberIsTooSmallException
12:29:13.075 [main] INFO org.evosuite.runtime.instrumentation.EvoClassLoader - Defined package (3): package org.apache.commons.math.exception, 1929745093
12:29:13.075 [main] INFO org.evosuite.runtime.instrumentation.EvoClassLoader - Seeing class for first time: org.apache.commons.math.exception.MathIllegalNumberException
12:29:13.075 [main] INFO org.evosuite.runtime.instrumentation.EvoClassLoader - Instrumenting class 'org.apache.commons.math.exception.MathIllegalNumberException'.
12:29:13.076 [main] INFO org.evosuite.runtime.instrumentation.MethodCallReplacementClassAdapter - Adding mock interface to class org/apache/commons/math/exception/MathIllegalNumberException
12:29:13.077 [main] INFO org.evosuite.runtime.instrumentation.CreateClassResetClassAdapter - Creating brand-new static initializer in class org/apache/commons/math/exception/MathIllegalNumberException
12:29:13.077 [main] INFO org.evosuite.runtime.instrumentation.EvoClassLoader - Seeing class for first time: org.apache.commons.math.exception.MathIllegalArgumentException
12:29:13.077 [main] INFO org.evosuite.runtime.instrumentation.EvoClassLoader - Instrumenting class 'org.apache.commons.math.exception.MathIllegalArgumentException'.
12:29:13.078 [main] INFO org.evosuite.runtime.instrumentation.MethodCallReplacementClassAdapter - Adding mock interface to class org/apache/commons/math/exception/MathIllegalArgumentException
12:29:13.078 [main] INFO org.evosuite.runtime.instrumentation.CreateClassResetClassAdapter - Creating brand-new static initializer in class org/apache/commons/math/exception/MathIllegalArgumentException
12:29:13.078 [main] INFO org.evosuite.runtime.instrumentation.EvoClassLoader - Seeing class for first time: org.apache.commons.math.exception.util.ExceptionContextProvider
12:29:13.078 [main] INFO org.evosuite.runtime.instrumentation.EvoClassLoader - Instrumenting class 'org.apache.commons.math.exception.util.ExceptionContextProvider'.
12:29:13.079 [main] INFO org.evosuite.runtime.instrumentation.EvoClassLoader - Keeping class: org.apache.commons.math.exception.util.ExceptionContextProvider
12:29:13.080 [main] INFO org.evosuite.runtime.instrumentation.EvoClassLoader - Keeping class: org.apache.commons.math.exception.MathIllegalArgumentException
12:29:13.080 [main] INFO org.evosuite.runtime.instrumentation.EvoClassLoader - Keeping class: org.apache.commons.math.exception.MathIllegalNumberException
12:29:13.080 [main] INFO org.evosuite.runtime.instrumentation.EvoClassLoader - Keeping class: org.apache.commons.math.exception.NumberIsTooSmallException
12:29:13.080 [main] INFO org.evosuite.runtime.instrumentation.EvoClassLoader - Seeing class for first time: org.apache.commons.math.exception.NullArgumentException
12:29:13.080 [main] INFO org.evosuite.runtime.instrumentation.EvoClassLoader - Instrumenting class 'org.apache.commons.math.exception.NullArgumentException'.
12:29:13.080 [main] INFO org.evosuite.runtime.instrumentation.MethodCallReplacementClassAdapter - Adding mock interface to class org/apache/commons/math/exception/NullArgumentException
12:29:13.081 [main] INFO org.evosuite.runtime.instrumentation.CreateClassResetClassAdapter - Creating brand-new static initializer in class org/apache/commons/math/exception/NullArgumentException
12:29:13.081 [main] INFO org.evosuite.runtime.instrumentation.EvoClassLoader - Keeping class: org.apache.commons.math.exception.NullArgumentException
12:29:13.081 [main] INFO org.evosuite.runtime.instrumentation.EvoClassLoader - Seeing class for first time: org.apache.commons.math.exception.util.ExceptionContext
12:29:13.081 [main] INFO org.evosuite.runtime.instrumentation.EvoClassLoader - Instrumenting class 'org.apache.commons.math.exception.util.ExceptionContext'.
12:29:13.082 [main] INFO org.evosuite.runtime.instrumentation.MethodCallReplacementClassAdapter - Adding mock interface to class org/apache/commons/math/exception/util/ExceptionContext
12:29:13.085 [main] INFO org.evosuite.runtime.instrumentation.CreateClassResetClassAdapter - Creating brand-new static initializer in class org/apache/commons/math/exception/util/ExceptionContext
12:29:13.085 [main] INFO org.evosuite.runtime.instrumentation.EvoClassLoader - Keeping class: org.apache.commons.math.exception.util.ExceptionContext
12:29:13.086 [main] INFO org.evosuite.runtime.instrumentation.EvoClassLoader - Seeing class for first time: org.apache.commons.math.exception.NonMonotonousSequenceException
12:29:13.086 [main] INFO org.evosuite.runtime.instrumentation.EvoClassLoader - Instrumenting class 'org.apache.commons.math.exception.NonMonotonousSequenceException'.
12:29:13.087 [main] INFO org.evosuite.runtime.instrumentation.MethodCallReplacementClassAdapter - Adding mock interface to class org/apache/commons/math/exception/NonMonotonousSequenceException
12:29:13.087 [main] INFO org.evosuite.runtime.instrumentation.CreateClassResetClassAdapter - Creating brand-new static initializer in class org/apache/commons/math/exception/NonMonotonousSequenceException
12:29:13.088 [main] INFO org.evosuite.runtime.instrumentation.EvoClassLoader - Keeping class: org.apache.commons.math.exception.NonMonotonousSequenceException
12:29:13.088 [main] INFO org.evosuite.runtime.instrumentation.EvoClassLoader - Seeing class for first time: org.apache.commons.math.complex.Complex
12:29:13.088 [main] INFO org.evosuite.runtime.instrumentation.EvoClassLoader - Instrumenting class 'org.apache.commons.math.complex.Complex'.
12:29:13.089 [main] INFO org.evosuite.runtime.instrumentation.MethodCallReplacementClassAdapter - Adding mock interface to class org/apache/commons/math/complex/Complex
12:29:13.092 [main] INFO org.evosuite.runtime.instrumentation.CreateClassResetClassAdapter - Found static initializer in class org/apache/commons/math/complex/Complex
12:29:13.092 [main] INFO org.evosuite.runtime.instrumentation.EvoClassLoader - Seeing class for first time: org.apache.commons.math.FieldElement
12:29:13.092 [main] INFO org.evosuite.runtime.instrumentation.EvoClassLoader - Instrumenting class 'org.apache.commons.math.FieldElement'.
12:29:13.092 [main] INFO org.evosuite.runtime.instrumentation.EvoClassLoader - Defined package (3): package org.apache.commons.math, 802290660
12:29:13.093 [main] INFO org.evosuite.runtime.instrumentation.EvoClassLoader - Keeping class: org.apache.commons.math.FieldElement
12:29:13.093 [main] INFO org.evosuite.runtime.instrumentation.EvoClassLoader - Keeping class: org.apache.commons.math.complex.Complex
12:29:13.093 [main] INFO org.evosuite.runtime.instrumentation.EvoClassLoader - Seeing class for first time: org.apache.commons.math.exception.NotPositiveException
12:29:13.093 [main] INFO org.evosuite.runtime.instrumentation.EvoClassLoader - Instrumenting class 'org.apache.commons.math.exception.NotPositiveException'.
12:29:13.093 [main] INFO org.evosuite.runtime.instrumentation.MethodCallReplacementClassAdapter - Adding mock interface to class org/apache/commons/math/exception/NotPositiveException
12:29:13.094 [main] INFO org.evosuite.runtime.instrumentation.CreateClassResetClassAdapter - Creating brand-new static initializer in class org/apache/commons/math/exception/NotPositiveException
12:29:13.094 [main] INFO org.evosuite.runtime.instrumentation.EvoClassLoader - Keeping class: org.apache.commons.math.exception.NotPositiveException
12:29:13.094 [main] INFO org.evosuite.runtime.instrumentation.EvoClassLoader - Seeing class for first time: org.apache.commons.math.Field
12:29:13.094 [main] INFO org.evosuite.runtime.instrumentation.EvoClassLoader - Instrumenting class 'org.apache.commons.math.Field'.
12:29:13.095 [main] INFO org.evosuite.runtime.instrumentation.EvoClassLoader - Keeping class: org.apache.commons.math.Field
12:29:13.098 [main] INFO org.evosuite.runtime.instrumentation.EvoClassLoader - Seeing class for first time: org.apache.commons.math.util.FastMath
12:29:13.098 [main] INFO org.evosuite.runtime.instrumentation.EvoClassLoader - Instrumenting class 'org.apache.commons.math.util.FastMath'.
12:29:13.101 [main] INFO org.evosuite.runtime.instrumentation.MethodCallReplacementClassAdapter - Adding mock interface to class org/apache/commons/math/util/FastMath
12:29:13.117 [main] INFO org.evosuite.runtime.instrumentation.CreateClassResetClassAdapter - Found static initializer in class org/apache/commons/math/util/FastMath
12:29:13.118 [main] INFO org.evosuite.runtime.instrumentation.EvoClassLoader - Defined package (3): package org.apache.commons.math.util, -486343732
12:29:13.119 [main] INFO org.evosuite.runtime.instrumentation.EvoClassLoader - Keeping class: org.apache.commons.math.util.FastMath
12:29:13.347 [main] INFO org.evosuite.runtime.instrumentation.EvoClassLoader - Seeing class for first time: org.apache.commons.math.exception.MathArithmeticException
12:29:13.347 [main] INFO org.evosuite.runtime.instrumentation.EvoClassLoader - Instrumenting class 'org.apache.commons.math.exception.MathArithmeticException'.
12:29:13.348 [main] INFO org.evosuite.runtime.instrumentation.MethodCallReplacementClassAdapter - Adding mock interface to class org/apache/commons/math/exception/MathArithmeticException
12:29:13.353 [main] INFO org.evosuite.runtime.instrumentation.CreateClassResetClassAdapter - Creating brand-new static initializer in class org/apache/commons/math/exception/MathArithmeticException
12:29:13.354 [main] INFO org.evosuite.runtime.instrumentation.EvoClassLoader - Keeping class: org.apache.commons.math.exception.MathArithmeticException
12:29:13.354 [main] INFO org.evosuite.runtime.instrumentation.EvoClassLoader - Seeing class for first time: org.apache.commons.math.util.MathUtils
12:29:13.354 [main] INFO org.evosuite.runtime.instrumentation.EvoClassLoader - Instrumenting class 'org.apache.commons.math.util.MathUtils'.
12:29:13.356 [main] INFO org.evosuite.runtime.instrumentation.MethodCallReplacementClassAdapter - Adding mock interface to class org/apache/commons/math/util/MathUtils
12:29:13.361 [main] INFO org.evosuite.runtime.instrumentation.CreateClassResetClassAdapter - Found static initializer in class org/apache/commons/math/util/MathUtils
12:29:13.362 [main] INFO org.evosuite.runtime.instrumentation.EvoClassLoader - Keeping class: org.apache.commons.math.util.MathUtils
12:29:13.362 [main] INFO org.evosuite.runtime.instrumentation.EvoClassLoader - Seeing class for first time: org.apache.commons.math.exception.DimensionMismatchException
12:29:13.362 [main] INFO org.evosuite.runtime.instrumentation.EvoClassLoader - Instrumenting class 'org.apache.commons.math.exception.DimensionMismatchException'.
12:29:13.363 [main] INFO org.evosuite.runtime.instrumentation.MethodCallReplacementClassAdapter - Adding mock interface to class org/apache/commons/math/exception/DimensionMismatchException
12:29:13.363 [main] INFO org.evosuite.runtime.instrumentation.CreateClassResetClassAdapter - Creating brand-new static initializer in class org/apache/commons/math/exception/DimensionMismatchException
12:29:13.363 [main] INFO org.evosuite.runtime.instrumentation.EvoClassLoader - Keeping class: org.apache.commons.math.exception.DimensionMismatchException
12:29:13.364 [main] INFO org.evosuite.runtime.instrumentation.EvoClassLoader - Seeing class for first time: org.apache.commons.math.exception.NotFiniteNumberException
12:29:13.364 [main] INFO org.evosuite.runtime.instrumentation.EvoClassLoader - Instrumenting class 'org.apache.commons.math.exception.NotFiniteNumberException'.
12:29:13.365 [main] INFO org.evosuite.runtime.instrumentation.MethodCallReplacementClassAdapter - Adding mock interface to class org/apache/commons/math/exception/NotFiniteNumberException
12:29:13.366 [main] INFO org.evosuite.runtime.instrumentation.CreateClassResetClassAdapter - Creating brand-new static initializer in class org/apache/commons/math/exception/NotFiniteNumberException
12:29:13.366 [main] INFO org.evosuite.runtime.instrumentation.EvoClassLoader - Keeping class: org.apache.commons.math.exception.NotFiniteNumberException
12:29:13.367 [main] INFO org.evosuite.runtime.instrumentation.EvoClassLoader - Seeing class for first time: org.apache.commons.math.exception.NumberIsTooLargeException
12:29:13.367 [main] INFO org.evosuite.runtime.instrumentation.EvoClassLoader - Instrumenting class 'org.apache.commons.math.exception.NumberIsTooLargeException'.
12:29:13.367 [main] INFO org.evosuite.runtime.instrumentation.MethodCallReplacementClassAdapter - Adding mock interface to class org/apache/commons/math/exception/NumberIsTooLargeException
12:29:13.367 [main] INFO org.evosuite.runtime.instrumentation.CreateClassResetClassAdapter - Creating brand-new static initializer in class org/apache/commons/math/exception/NumberIsTooLargeException
12:29:13.368 [main] INFO org.evosuite.runtime.instrumentation.EvoClassLoader - Keeping class: org.apache.commons.math.exception.NumberIsTooLargeException
12:29:13.369 [main] INFO org.evosuite.runtime.instrumentation.EvoClassLoader - Seeing class for first time: org.apache.commons.math.complex.ComplexField
12:29:13.369 [main] INFO org.evosuite.runtime.instrumentation.EvoClassLoader - Instrumenting class 'org.apache.commons.math.complex.ComplexField'.
12:29:13.369 [main] INFO org.evosuite.runtime.instrumentation.MethodCallReplacementClassAdapter - Adding mock interface to class org/apache/commons/math/complex/ComplexField
12:29:13.370 [main] INFO org.evosuite.runtime.instrumentation.CreateClassResetClassAdapter - Creating brand-new static initializer in class org/apache/commons/math/complex/ComplexField
12:29:13.370 [main] INFO org.evosuite.runtime.instrumentation.EvoClassLoader - Keeping class: org.apache.commons.math.complex.ComplexField
12:29:13.370 [main] INFO org.evosuite.runtime.instrumentation.EvoClassLoader - Seeing class for first time: org.apache.commons.math.complex.ComplexField$LazyHolder
12:29:13.370 [main] INFO org.evosuite.runtime.instrumentation.EvoClassLoader - Instrumenting class 'org.apache.commons.math.complex.ComplexField$LazyHolder'.
12:29:13.371 [main] INFO org.evosuite.runtime.instrumentation.MethodCallReplacementClassAdapter - Adding mock interface to class org/apache/commons/math/complex/ComplexField$LazyHolder
12:29:13.371 [main] INFO org.evosuite.runtime.instrumentation.CreateClassResetClassAdapter - Found static initializer in class org/apache/commons/math/complex/ComplexField$LazyHolder
12:29:13.371 [main] INFO org.evosuite.runtime.instrumentation.EvoClassLoader - Keeping class: org.apache.commons.math.complex.ComplexField$LazyHolder
12:29:13.372 [main] INFO org.evosuite.runtime.instrumentation.EvoClassLoader - Seeing class for first time: org.apache.commons.math.exception.util.LocalizedFormats
12:29:13.372 [main] INFO org.evosuite.runtime.instrumentation.EvoClassLoader - Instrumenting class 'org.apache.commons.math.exception.util.LocalizedFormats'.
12:29:13.373 [main] INFO org.evosuite.runtime.instrumentation.MethodCallReplacementClassAdapter - Adding mock interface to class org/apache/commons/math/exception/util/LocalizedFormats
12:29:13.374 [main] INFO org.evosuite.runtime.instrumentation.CreateClassResetClassAdapter - Found static initializer in class org/apache/commons/math/exception/util/LocalizedFormats
12:29:13.380 [main] INFO org.evosuite.runtime.instrumentation.EvoClassLoader - Keeping class: org.apache.commons.math.exception.util.LocalizedFormats
12:29:13.384 [main] INFO org.evosuite.runtime.instrumentation.EvoClassLoader - Seeing class for first time: org.apache.commons.math.exception.util.ArgUtils
12:29:13.384 [main] INFO org.evosuite.runtime.instrumentation.EvoClassLoader - Instrumenting class 'org.apache.commons.math.exception.util.ArgUtils'.
12:29:13.384 [main] INFO org.evosuite.runtime.instrumentation.MethodCallReplacementClassAdapter - Adding mock interface to class org/apache/commons/math/exception/util/ArgUtils
12:29:13.385 [main] INFO org.evosuite.runtime.instrumentation.CreateClassResetClassAdapter - Creating brand-new static initializer in class org/apache/commons/math/exception/util/ArgUtils
12:29:13.385 [main] INFO org.evosuite.runtime.instrumentation.EvoClassLoader - Keeping class: org.apache.commons.math.exception.util.ArgUtils
12:29:13.385 [main] INFO org.evosuite.runtime.instrumentation.EvoClassLoader - Seeing class for first time: org.apache.commons.math.util.MathUtils$OrderDirection
12:29:13.385 [main] INFO org.evosuite.runtime.instrumentation.EvoClassLoader - Instrumenting class 'org.apache.commons.math.util.MathUtils$OrderDirection'.
12:29:13.386 [main] INFO org.evosuite.runtime.instrumentation.MethodCallReplacementClassAdapter - Adding mock interface to class org/apache/commons/math/util/MathUtils$OrderDirection
12:29:13.386 [main] INFO org.evosuite.runtime.instrumentation.CreateClassResetClassAdapter - Found static initializer in class org/apache/commons/math/util/MathUtils$OrderDirection
12:29:13.386 [main] INFO org.evosuite.runtime.instrumentation.EvoClassLoader - Keeping class: org.apache.commons.math.util.MathUtils$OrderDirection
.12:29:13.400 [main] INFO org.evosuite.runtime.instrumentation.EvoClassLoader - Seeing class for first time: org.apache.commons.math.complex.ComplexField$1
12:29:13.401 [main] INFO org.evosuite.runtime.instrumentation.EvoClassLoader - Instrumenting class 'org.apache.commons.math.complex.ComplexField$1'.
12:29:13.401 [main] INFO org.evosuite.runtime.instrumentation.MethodCallReplacementClassAdapter - Adding mock interface to class org/apache/commons/math/complex/ComplexField$1
12:29:13.401 [main] INFO org.evosuite.runtime.instrumentation.EvoClassLoader - Keeping class: org.apache.commons.math.complex.ComplexField$1
.......................................................................................................E...............................................................................................................E................................................................................E.....................................................................................................E..........................................................................................E...........................................................................12:29:16.066 [main] INFO org.evosuite.runtime.thread.ThreadStopper - Found new thread
..................12:29:16.143 [main] INFO org.evosuite.runtime.thread.ThreadStopper - Found new thread
..........................................................................E...................E..........................................................................................................................................................................................................................................E.........E......................................................E..........................................E...............................................................E..................................................................................E........................................................E..............................
Time: 5.861
There were 14 failures:
1) test_0003(org.apache.commons.math.complex.Complex_ESTest)
java.lang.AssertionError: expected:<NaN> but was:<Infinity>
	at org.junit.Assert.fail(Assert.java:89)
	at org.junit.Assert.failNotEquals(Assert.java:835)
	at org.junit.Assert.assertEquals(Assert.java:555)
	at org.junit.Assert.assertEquals(Assert.java:685)
	at org.apache.commons.math.complex.Complex_ESTest.test_0003(Complex_ESTest.java:58)
2) test_0448(org.apache.commons.math.complex.Complex_ESTest)
java.lang.AssertionError: expected:<NaN> but was:<Infinity>
	at org.junit.Assert.fail(Assert.java:89)
	at org.junit.Assert.failNotEquals(Assert.java:835)
	at org.junit.Assert.assertEquals(Assert.java:555)
	at org.junit.Assert.assertEquals(Assert.java:685)
	at org.apache.commons.math.complex.Complex_ESTest.test_0448(Complex_ESTest.java:4339)
3) test_0891(org.apache.commons.math.complex.Complex_ESTest)
java.lang.AssertionError: expected same:<(NaN, NaN)> was not:<(Infinity, Infinity)>
	at org.junit.Assert.fail(Assert.java:89)
	at org.junit.Assert.failNotSame(Assert.java:829)
	at org.junit.Assert.assertSame(Assert.java:772)
	at org.junit.Assert.assertSame(Assert.java:783)
	at org.apache.commons.math.complex.Complex_ESTest.test_0891(Complex_ESTest.java:8582)
4) test_0607(org.apache.commons.math.complex.Complex_ESTest)
java.lang.AssertionError: expected same:<(-Infinity, -Infinity)> was not:<(Infinity, Infinity)>
	at org.junit.Assert.fail(Assert.java:89)
	at org.junit.Assert.failNotSame(Assert.java:829)
	at org.junit.Assert.assertSame(Assert.java:772)
	at org.junit.Assert.assertSame(Assert.java:783)
	at org.apache.commons.math.complex.Complex_ESTest.test_0607(Complex_ESTest.java:5862)
5) test_1066(org.apache.commons.math.complex.Complex_ESTest)
java.lang.AssertionError: expected:<NaN> but was:<Infinity>
	at org.junit.Assert.fail(Assert.java:89)
	at org.junit.Assert.failNotEquals(Assert.java:835)
	at org.junit.Assert.assertEquals(Assert.java:555)
	at org.junit.Assert.assertEquals(Assert.java:685)
	at org.apache.commons.math.complex.Complex_ESTest.test_1066(Complex_ESTest.java:10255)
6) test_1226(org.apache.commons.math.complex.Complex_ESTest)
java.lang.AssertionError: expected same:<(Infinity, Infinity)> was not:<(Infinity, Infinity)>
	at org.junit.Assert.fail(Assert.java:89)
	at org.junit.Assert.failNotSame(Assert.java:829)
	at org.junit.Assert.assertSame(Assert.java:772)
	at org.junit.Assert.assertSame(Assert.java:783)
	at org.apache.commons.math.complex.Complex_ESTest.test_1226(Complex_ESTest.java:11768)
7) test_1222(org.apache.commons.math.complex.Complex_ESTest)
java.lang.AssertionError: expected:<NaN> but was:<Infinity>
	at org.junit.Assert.fail(Assert.java:89)
	at org.junit.Assert.failNotEquals(Assert.java:835)
	at org.junit.Assert.assertEquals(Assert.java:555)
	at org.junit.Assert.assertEquals(Assert.java:685)
	at org.apache.commons.math.complex.Complex_ESTest.test_1222(Complex_ESTest.java:11733)
8) test_0766(org.apache.commons.math.complex.Complex_ESTest)
java.lang.AssertionError: expected same:<(Infinity, -Infinity)> was not:<(Infinity, Infinity)>
	at org.junit.Assert.fail(Assert.java:89)
	at org.junit.Assert.failNotSame(Assert.java:829)
	at org.junit.Assert.assertSame(Assert.java:772)
	at org.junit.Assert.assertSame(Assert.java:783)
	at org.apache.commons.math.complex.Complex_ESTest.test_0766(Complex_ESTest.java:7367)
9) test_0759(org.apache.commons.math.complex.Complex_ESTest)
java.lang.AssertionError: expected:<NaN> but was:<Infinity>
	at org.junit.Assert.fail(Assert.java:89)
	at org.junit.Assert.failNotEquals(Assert.java:835)
	at org.junit.Assert.assertEquals(Assert.java:555)
	at org.junit.Assert.assertEquals(Assert.java:685)
	at org.apache.commons.math.complex.Complex_ESTest.test_0759(Complex_ESTest.java:7306)
10) test_0746(org.apache.commons.math.complex.Complex_ESTest)
java.lang.AssertionError
	at org.junit.Assert.fail(Assert.java:87)
	at org.junit.Assert.assertTrue(Assert.java:42)
	at org.junit.Assert.assertFalse(Assert.java:65)
	at org.junit.Assert.assertFalse(Assert.java:75)
	at org.apache.commons.math.complex.Complex_ESTest.test_0746(Complex_ESTest.java:7185)
11) test_0724(org.apache.commons.math.complex.Complex_ESTest)
java.lang.AssertionError: expected same:<(Infinity, NaN)> was not:<(Infinity, Infinity)>
	at org.junit.Assert.fail(Assert.java:89)
	at org.junit.Assert.failNotSame(Assert.java:829)
	at org.junit.Assert.assertSame(Assert.java:772)
	at org.junit.Assert.assertSame(Assert.java:783)
	at org.apache.commons.math.complex.Complex_ESTest.test_0724(Complex_ESTest.java:6998)
12) test_0913(org.apache.commons.math.complex.Complex_ESTest)
java.lang.AssertionError
	at org.junit.Assert.fail(Assert.java:87)
	at org.junit.Assert.assertTrue(Assert.java:42)
	at org.junit.Assert.assertFalse(Assert.java:65)
	at org.junit.Assert.assertFalse(Assert.java:75)
	at org.apache.commons.math.complex.Complex_ESTest.test_0913(Complex_ESTest.java:8778)
13) test_0079(org.apache.commons.math.complex.Complex_ESTest)
java.lang.AssertionError: expected same:<(-Infinity, -Infinity)> was not:<(Infinity, Infinity)>
	at org.junit.Assert.fail(Assert.java:89)
	at org.junit.Assert.failNotSame(Assert.java:829)
	at org.junit.Assert.assertSame(Assert.java:772)
	at org.junit.Assert.assertSame(Assert.java:783)
	at org.apache.commons.math.complex.Complex_ESTest.test_0079(Complex_ESTest.java:824)
14) test_0290(org.apache.commons.math.complex.Complex_ESTest)
java.lang.AssertionError: expected:<NaN> but was:<Infinity>
	at org.junit.Assert.fail(Assert.java:89)
	at org.junit.Assert.failNotEquals(Assert.java:835)
	at org.junit.Assert.assertEquals(Assert.java:555)
	at org.junit.Assert.assertEquals(Assert.java:685)
	at org.apache.commons.math.complex.Complex_ESTest.test_0290(Complex_ESTest.java:2823)

FAILURES!!!
Tests run: 1242,  Failures: 14

