JUnit version 4.13.2
12:11:17.705 [main] INFO org.evosuite.runtime.instrumentation.EvoClassLoader - Seeing class for first time: org.apache.commons.math3.analysis.differentiation.DSCompiler_ESTest
12:11:17.707 [main] INFO org.evosuite.runtime.instrumentation.EvoClassLoader - Instrumenting class 'org.apache.commons.math3.analysis.differentiation.DSCompiler_ESTest'.
12:11:17.820 [main] INFO org.evosuite.runtime.instrumentation.EvoClassLoader - Seeing class for first time: org.apache.commons.math3.analysis.differentiation.DSCompiler_ESTest_scaffolding
12:11:17.821 [main] INFO org.evosuite.runtime.instrumentation.EvoClassLoader - Instrumenting class 'org.apache.commons.math3.analysis.differentiation.DSCompiler_ESTest_scaffolding'.
12:11:17.822 [main] INFO org.evosuite.runtime.instrumentation.EvoClassLoader - Keeping class: org.apache.commons.math3.analysis.differentiation.DSCompiler_ESTest_scaffolding
12:11:17.823 [main] INFO org.evosuite.runtime.instrumentation.EvoClassLoader - Keeping class: org.apache.commons.math3.analysis.differentiation.DSCompiler_ESTest
12:11:17.995 [main] DEBUG org.evosuite.runtime.sandbox.MSecurityManager - Adding privileged thread: "Reference Handler"
12:11:17.995 [main] DEBUG org.evosuite.runtime.sandbox.MSecurityManager - Adding privileged thread: "Finalizer"
12:11:17.995 [main] DEBUG org.evosuite.runtime.sandbox.MSecurityManager - Adding privileged thread: "Signal Dispatcher"
12:11:17.995 [main] DEBUG org.evosuite.runtime.sandbox.MSecurityManager - Adding privileged thread: "Java2D Disposer"
12:11:17.995 [main] DEBUG org.evosuite.runtime.sandbox.MSecurityManager - Adding privileged thread: "AWT-XAWT"
12:11:17.995 [main] DEBUG org.evosuite.runtime.sandbox.MSecurityManager - Adding privileged thread: "main"
12:11:18.018 [main] INFO org.evosuite.runtime.instrumentation.EvoClassLoader - Seeing class for first time: org.apache.commons.math3.exception.util.ExceptionContextProvider
12:11:18.018 [main] INFO org.evosuite.runtime.instrumentation.EvoClassLoader - Instrumenting class 'org.apache.commons.math3.exception.util.ExceptionContextProvider'.
12:11:18.043 [main] INFO org.evosuite.runtime.instrumentation.EvoClassLoader - Defined package (3): package org.apache.commons.math3.exception.util, -505269952
12:11:18.043 [main] INFO org.evosuite.runtime.instrumentation.EvoClassLoader - Keeping class: org.apache.commons.math3.exception.util.ExceptionContextProvider
12:11:18.043 [main] INFO org.evosuite.runtime.instrumentation.EvoClassLoader - Seeing class for first time: org.apache.commons.math3.util.MathArrays
12:11:18.043 [main] INFO org.evosuite.runtime.instrumentation.EvoClassLoader - Instrumenting class 'org.apache.commons.math3.util.MathArrays'.
12:11:18.044 [main] INFO org.evosuite.runtime.instrumentation.MethodCallReplacementClassAdapter - Adding mock interface to class org/apache/commons/math3/util/MathArrays
12:11:18.096 [main] INFO org.evosuite.runtime.instrumentation.CreateClassResetClassAdapter - Creating brand-new static initializer in class org/apache/commons/math3/util/MathArrays
12:11:18.096 [main] INFO org.evosuite.runtime.instrumentation.CreateClassResetClassAdapter - Adding bytecode for initializing field SPLIT_FACTOR
12:11:18.097 [main] INFO org.evosuite.runtime.instrumentation.EvoClassLoader - Defined package (3): package org.apache.commons.math3.util, -2114137663
12:11:18.097 [main] INFO org.evosuite.runtime.instrumentation.EvoClassLoader - Keeping class: org.apache.commons.math3.util.MathArrays
12:11:18.098 [main] INFO org.evosuite.runtime.instrumentation.EvoClassLoader - Seeing class for first time: org.apache.commons.math3.exception.util.Localizable
12:11:18.098 [main] INFO org.evosuite.runtime.instrumentation.EvoClassLoader - Instrumenting class 'org.apache.commons.math3.exception.util.Localizable'.
12:11:18.099 [main] INFO org.evosuite.runtime.instrumentation.EvoClassLoader - Keeping class: org.apache.commons.math3.exception.util.Localizable
12:11:18.099 [main] INFO org.evosuite.runtime.instrumentation.EvoClassLoader - Seeing class for first time: org.apache.commons.math3.exception.MathIllegalArgumentException
12:11:18.099 [main] INFO org.evosuite.runtime.instrumentation.EvoClassLoader - Instrumenting class 'org.apache.commons.math3.exception.MathIllegalArgumentException'.
12:11:18.099 [main] INFO org.evosuite.runtime.instrumentation.MethodCallReplacementClassAdapter - Adding mock interface to class org/apache/commons/math3/exception/MathIllegalArgumentException
12:11:18.100 [main] INFO org.evosuite.runtime.instrumentation.CreateClassResetClassAdapter - Creating brand-new static initializer in class org/apache/commons/math3/exception/MathIllegalArgumentException
12:11:18.100 [main] INFO org.evosuite.runtime.instrumentation.EvoClassLoader - Defined package (3): package org.apache.commons.math3.exception, 1643916784
12:11:18.100 [main] INFO org.evosuite.runtime.instrumentation.EvoClassLoader - Keeping class: org.apache.commons.math3.exception.MathIllegalArgumentException
12:11:18.100 [main] INFO org.evosuite.runtime.instrumentation.EvoClassLoader - Seeing class for first time: org.apache.commons.math3.exception.MathArithmeticException
12:11:18.100 [main] INFO org.evosuite.runtime.instrumentation.EvoClassLoader - Instrumenting class 'org.apache.commons.math3.exception.MathArithmeticException'.
12:11:18.100 [main] INFO org.evosuite.runtime.instrumentation.MethodCallReplacementClassAdapter - Adding mock interface to class org/apache/commons/math3/exception/MathArithmeticException
12:11:18.101 [main] INFO org.evosuite.runtime.instrumentation.CreateClassResetClassAdapter - Creating brand-new static initializer in class org/apache/commons/math3/exception/MathArithmeticException
12:11:18.101 [main] INFO org.evosuite.runtime.instrumentation.EvoClassLoader - Keeping class: org.apache.commons.math3.exception.MathArithmeticException
12:11:18.101 [main] INFO org.evosuite.runtime.instrumentation.EvoClassLoader - Seeing class for first time: org.apache.commons.math3.exception.NullArgumentException
12:11:18.101 [main] INFO org.evosuite.runtime.instrumentation.EvoClassLoader - Instrumenting class 'org.apache.commons.math3.exception.NullArgumentException'.
12:11:18.101 [main] INFO org.evosuite.runtime.instrumentation.MethodCallReplacementClassAdapter - Adding mock interface to class org/apache/commons/math3/exception/NullArgumentException
12:11:18.102 [main] INFO org.evosuite.runtime.instrumentation.CreateClassResetClassAdapter - Creating brand-new static initializer in class org/apache/commons/math3/exception/NullArgumentException
12:11:18.102 [main] INFO org.evosuite.runtime.instrumentation.EvoClassLoader - Keeping class: org.apache.commons.math3.exception.NullArgumentException
12:11:18.102 [main] INFO org.evosuite.runtime.instrumentation.EvoClassLoader - Seeing class for first time: org.apache.commons.math3.exception.DimensionMismatchException
12:11:18.102 [main] INFO org.evosuite.runtime.instrumentation.EvoClassLoader - Instrumenting class 'org.apache.commons.math3.exception.DimensionMismatchException'.
12:11:18.102 [main] INFO org.evosuite.runtime.instrumentation.MethodCallReplacementClassAdapter - Adding mock interface to class org/apache/commons/math3/exception/DimensionMismatchException
12:11:18.103 [main] INFO org.evosuite.runtime.instrumentation.CreateClassResetClassAdapter - Creating brand-new static initializer in class org/apache/commons/math3/exception/DimensionMismatchException
12:11:18.103 [main] INFO org.evosuite.runtime.instrumentation.EvoClassLoader - Seeing class for first time: org.apache.commons.math3.exception.MathIllegalNumberException
12:11:18.103 [main] INFO org.evosuite.runtime.instrumentation.EvoClassLoader - Instrumenting class 'org.apache.commons.math3.exception.MathIllegalNumberException'.
12:11:18.103 [main] INFO org.evosuite.runtime.instrumentation.MethodCallReplacementClassAdapter - Adding mock interface to class org/apache/commons/math3/exception/MathIllegalNumberException
12:11:18.104 [main] INFO org.evosuite.runtime.instrumentation.CreateClassResetClassAdapter - Creating brand-new static initializer in class org/apache/commons/math3/exception/MathIllegalNumberException
12:11:18.104 [main] INFO org.evosuite.runtime.instrumentation.EvoClassLoader - Keeping class: org.apache.commons.math3.exception.MathIllegalNumberException
12:11:18.104 [main] INFO org.evosuite.runtime.instrumentation.EvoClassLoader - Keeping class: org.apache.commons.math3.exception.DimensionMismatchException
12:11:18.104 [main] INFO org.evosuite.runtime.instrumentation.EvoClassLoader - Seeing class for first time: org.apache.commons.math3.exception.NotPositiveException
12:11:18.104 [main] INFO org.evosuite.runtime.instrumentation.EvoClassLoader - Instrumenting class 'org.apache.commons.math3.exception.NotPositiveException'.
12:11:18.105 [main] INFO org.evosuite.runtime.instrumentation.MethodCallReplacementClassAdapter - Adding mock interface to class org/apache/commons/math3/exception/NotPositiveException
12:11:18.105 [main] INFO org.evosuite.runtime.instrumentation.CreateClassResetClassAdapter - Creating brand-new static initializer in class org/apache/commons/math3/exception/NotPositiveException
12:11:18.105 [main] INFO org.evosuite.runtime.instrumentation.EvoClassLoader - Seeing class for first time: org.apache.commons.math3.exception.NumberIsTooSmallException
12:11:18.105 [main] INFO org.evosuite.runtime.instrumentation.EvoClassLoader - Instrumenting class 'org.apache.commons.math3.exception.NumberIsTooSmallException'.
12:11:18.106 [main] INFO org.evosuite.runtime.instrumentation.MethodCallReplacementClassAdapter - Adding mock interface to class org/apache/commons/math3/exception/NumberIsTooSmallException
12:11:18.106 [main] INFO org.evosuite.runtime.instrumentation.CreateClassResetClassAdapter - Creating brand-new static initializer in class org/apache/commons/math3/exception/NumberIsTooSmallException
12:11:18.106 [main] INFO org.evosuite.runtime.instrumentation.EvoClassLoader - Keeping class: org.apache.commons.math3.exception.NumberIsTooSmallException
12:11:18.106 [main] INFO org.evosuite.runtime.instrumentation.EvoClassLoader - Keeping class: org.apache.commons.math3.exception.NotPositiveException
12:11:18.106 [main] INFO org.evosuite.runtime.instrumentation.EvoClassLoader - Seeing class for first time: org.apache.commons.math3.exception.NotStrictlyPositiveException
12:11:18.106 [main] INFO org.evosuite.runtime.instrumentation.EvoClassLoader - Instrumenting class 'org.apache.commons.math3.exception.NotStrictlyPositiveException'.
12:11:18.107 [main] INFO org.evosuite.runtime.instrumentation.MethodCallReplacementClassAdapter - Adding mock interface to class org/apache/commons/math3/exception/NotStrictlyPositiveException
12:11:18.107 [main] INFO org.evosuite.runtime.instrumentation.CreateClassResetClassAdapter - Creating brand-new static initializer in class org/apache/commons/math3/exception/NotStrictlyPositiveException
12:11:18.107 [main] INFO org.evosuite.runtime.instrumentation.EvoClassLoader - Keeping class: org.apache.commons.math3.exception.NotStrictlyPositiveException
12:11:18.107 [main] INFO org.evosuite.runtime.instrumentation.EvoClassLoader - Seeing class for first time: org.apache.commons.math3.exception.MathInternalError
12:11:18.107 [main] INFO org.evosuite.runtime.instrumentation.EvoClassLoader - Instrumenting class 'org.apache.commons.math3.exception.MathInternalError'.
12:11:18.108 [main] INFO org.evosuite.runtime.instrumentation.MethodCallReplacementClassAdapter - Adding mock interface to class org/apache/commons/math3/exception/MathInternalError
12:11:18.108 [main] INFO org.evosuite.runtime.instrumentation.CreateClassResetClassAdapter - Creating brand-new static initializer in class org/apache/commons/math3/exception/MathInternalError
12:11:18.108 [main] INFO org.evosuite.runtime.instrumentation.CreateClassResetClassAdapter - Adding bytecode for initializing field REPORT_URL
12:11:18.108 [main] INFO org.evosuite.runtime.instrumentation.EvoClassLoader - Seeing class for first time: org.apache.commons.math3.exception.MathIllegalStateException
12:11:18.108 [main] INFO org.evosuite.runtime.instrumentation.EvoClassLoader - Instrumenting class 'org.apache.commons.math3.exception.MathIllegalStateException'.
12:11:18.108 [main] INFO org.evosuite.runtime.instrumentation.MethodCallReplacementClassAdapter - Adding mock interface to class org/apache/commons/math3/exception/MathIllegalStateException
12:11:18.114 [main] INFO org.evosuite.runtime.instrumentation.CreateClassResetClassAdapter - Creating brand-new static initializer in class org/apache/commons/math3/exception/MathIllegalStateException
12:11:18.114 [main] INFO org.evosuite.runtime.instrumentation.EvoClassLoader - Keeping class: org.apache.commons.math3.exception.MathIllegalStateException
12:11:18.114 [main] INFO org.evosuite.runtime.instrumentation.EvoClassLoader - Keeping class: org.apache.commons.math3.exception.MathInternalError
12:11:18.114 [main] INFO org.evosuite.runtime.instrumentation.EvoClassLoader - Seeing class for first time: org.apache.commons.math3.exception.NonMonotonicSequenceException
12:11:18.114 [main] INFO org.evosuite.runtime.instrumentation.EvoClassLoader - Instrumenting class 'org.apache.commons.math3.exception.NonMonotonicSequenceException'.
12:11:18.115 [main] INFO org.evosuite.runtime.instrumentation.MethodCallReplacementClassAdapter - Adding mock interface to class org/apache/commons/math3/exception/NonMonotonicSequenceException
12:11:18.115 [main] INFO org.evosuite.runtime.instrumentation.CreateClassResetClassAdapter - Creating brand-new static initializer in class org/apache/commons/math3/exception/NonMonotonicSequenceException
12:11:18.115 [main] INFO org.evosuite.runtime.instrumentation.EvoClassLoader - Keeping class: org.apache.commons.math3.exception.NonMonotonicSequenceException
12:11:18.116 [main] INFO org.evosuite.runtime.instrumentation.EvoClassLoader - Seeing class for first time: org.apache.commons.math3.exception.util.ArgUtils
12:11:18.116 [main] INFO org.evosuite.runtime.instrumentation.EvoClassLoader - Instrumenting class 'org.apache.commons.math3.exception.util.ArgUtils'.
12:11:18.117 [main] INFO org.evosuite.runtime.instrumentation.MethodCallReplacementClassAdapter - Adding mock interface to class org/apache/commons/math3/exception/util/ArgUtils
12:11:18.117 [main] INFO org.evosuite.runtime.instrumentation.CreateClassResetClassAdapter - Creating brand-new static initializer in class org/apache/commons/math3/exception/util/ArgUtils
12:11:18.117 [main] INFO org.evosuite.runtime.instrumentation.EvoClassLoader - Keeping class: org.apache.commons.math3.exception.util.ArgUtils
12:11:18.118 [main] INFO org.evosuite.runtime.instrumentation.EvoClassLoader - Seeing class for first time: org.apache.commons.math3.util.FastMath$ExpIntTable
12:11:18.118 [main] INFO org.evosuite.runtime.instrumentation.EvoClassLoader - Instrumenting class 'org.apache.commons.math3.util.FastMath$ExpIntTable'.
12:11:18.119 [main] INFO org.evosuite.runtime.instrumentation.MethodCallReplacementClassAdapter - Adding mock interface to class org/apache/commons/math3/util/FastMath$ExpIntTable
12:11:18.119 [main] INFO org.evosuite.runtime.instrumentation.CreateClassResetClassAdapter - Found static initializer in class org/apache/commons/math3/util/FastMath$ExpIntTable
12:11:18.119 [main] INFO org.evosuite.runtime.instrumentation.EvoClassLoader - Keeping class: org.apache.commons.math3.util.FastMath$ExpIntTable
12:11:18.119 [main] INFO org.evosuite.runtime.instrumentation.EvoClassLoader - Seeing class for first time: org.apache.commons.math3.util.FastMathLiteralArrays
12:11:18.119 [main] INFO org.evosuite.runtime.instrumentation.EvoClassLoader - Instrumenting class 'org.apache.commons.math3.util.FastMathLiteralArrays'.
12:11:18.121 [main] INFO org.evosuite.runtime.instrumentation.MethodCallReplacementClassAdapter - Adding mock interface to class org/apache/commons/math3/util/FastMathLiteralArrays
12:11:18.122 [main] INFO org.evosuite.runtime.instrumentation.CreateClassResetClassAdapter - Found static initializer in class org/apache/commons/math3/util/FastMathLiteralArrays
12:11:18.129 [main] INFO org.evosuite.runtime.instrumentation.EvoClassLoader - Keeping class: org.apache.commons.math3.util.FastMathLiteralArrays
12:11:18.142 [main] INFO org.evosuite.runtime.instrumentation.EvoClassLoader - Seeing class for first time: org.apache.commons.math3.util.FastMath$lnMant
12:11:18.142 [main] INFO org.evosuite.runtime.instrumentation.EvoClassLoader - Instrumenting class 'org.apache.commons.math3.util.FastMath$lnMant'.
12:11:18.143 [main] INFO org.evosuite.runtime.instrumentation.MethodCallReplacementClassAdapter - Adding mock interface to class org/apache/commons/math3/util/FastMath$lnMant
12:11:18.144 [main] INFO org.evosuite.runtime.instrumentation.CreateClassResetClassAdapter - Found static initializer in class org/apache/commons/math3/util/FastMath$lnMant
12:11:18.144 [main] INFO org.evosuite.runtime.instrumentation.EvoClassLoader - Keeping class: org.apache.commons.math3.util.FastMath$lnMant
12:11:18.145 [main] INFO org.evosuite.runtime.instrumentation.EvoClassLoader - Seeing class for first time: org.apache.commons.math3.analysis.differentiation.DSCompiler
12:11:18.145 [main] INFO org.evosuite.runtime.instrumentation.EvoClassLoader - Instrumenting class 'org.apache.commons.math3.analysis.differentiation.DSCompiler'.
12:11:18.146 [main] INFO org.evosuite.runtime.instrumentation.MethodCallReplacementClassAdapter - Adding mock interface to class org/apache/commons/math3/analysis/differentiation/DSCompiler
12:11:18.156 [main] INFO org.evosuite.runtime.instrumentation.CreateClassResetClassAdapter - Found static initializer in class org/apache/commons/math3/analysis/differentiation/DSCompiler
12:11:18.157 [main] INFO org.evosuite.runtime.instrumentation.EvoClassLoader - Keeping class: org.apache.commons.math3.analysis.differentiation.DSCompiler
12:11:18.157 [main] INFO org.evosuite.runtime.instrumentation.EvoClassLoader - Seeing class for first time: org.apache.commons.math3.exception.NumberIsTooLargeException
12:11:18.157 [main] INFO org.evosuite.runtime.instrumentation.EvoClassLoader - Instrumenting class 'org.apache.commons.math3.exception.NumberIsTooLargeException'.
12:11:18.158 [main] INFO org.evosuite.runtime.instrumentation.MethodCallReplacementClassAdapter - Adding mock interface to class org/apache/commons/math3/exception/NumberIsTooLargeException
12:11:18.158 [main] INFO org.evosuite.runtime.instrumentation.CreateClassResetClassAdapter - Creating brand-new static initializer in class org/apache/commons/math3/exception/NumberIsTooLargeException
12:11:18.158 [main] INFO org.evosuite.runtime.instrumentation.EvoClassLoader - Keeping class: org.apache.commons.math3.exception.NumberIsTooLargeException
12:11:18.159 [main] INFO org.evosuite.runtime.instrumentation.EvoClassLoader - Seeing class for first time: org.apache.commons.math3.util.FastMath$ExpFracTable
12:11:18.159 [main] INFO org.evosuite.runtime.instrumentation.EvoClassLoader - Instrumenting class 'org.apache.commons.math3.util.FastMath$ExpFracTable'.
12:11:18.159 [main] INFO org.evosuite.runtime.instrumentation.MethodCallReplacementClassAdapter - Adding mock interface to class org/apache/commons/math3/util/FastMath$ExpFracTable
12:11:18.160 [main] INFO org.evosuite.runtime.instrumentation.CreateClassResetClassAdapter - Found static initializer in class org/apache/commons/math3/util/FastMath$ExpFracTable
12:11:18.160 [main] INFO org.evosuite.runtime.instrumentation.EvoClassLoader - Keeping class: org.apache.commons.math3.util.FastMath$ExpFracTable
12:11:18.160 [main] INFO org.evosuite.runtime.instrumentation.EvoClassLoader - Seeing class for first time: org.apache.commons.math3.util.FastMath$CodyWaite
12:11:18.160 [main] INFO org.evosuite.runtime.instrumentation.EvoClassLoader - Instrumenting class 'org.apache.commons.math3.util.FastMath$CodyWaite'.
12:11:18.161 [main] INFO org.evosuite.runtime.instrumentation.MethodCallReplacementClassAdapter - Adding mock interface to class org/apache/commons/math3/util/FastMath$CodyWaite
12:11:18.161 [main] INFO org.evosuite.runtime.instrumentation.CreateClassResetClassAdapter - Creating brand-new static initializer in class org/apache/commons/math3/util/FastMath$CodyWaite
12:11:18.161 [main] INFO org.evosuite.runtime.instrumentation.EvoClassLoader - Keeping class: org.apache.commons.math3.util.FastMath$CodyWaite
12:11:18.162 [main] INFO org.evosuite.runtime.instrumentation.EvoClassLoader - Seeing class for first time: org.apache.commons.math3.exception.util.LocalizedFormats
12:11:18.162 [main] INFO org.evosuite.runtime.instrumentation.EvoClassLoader - Instrumenting class 'org.apache.commons.math3.exception.util.LocalizedFormats'.
12:11:18.163 [main] INFO org.evosuite.runtime.instrumentation.MethodCallReplacementClassAdapter - Adding mock interface to class org/apache/commons/math3/exception/util/LocalizedFormats
12:11:18.164 [main] INFO org.evosuite.runtime.instrumentation.CreateClassResetClassAdapter - Found static initializer in class org/apache/commons/math3/exception/util/LocalizedFormats
12:11:18.169 [main] INFO org.evosuite.runtime.instrumentation.EvoClassLoader - Keeping class: org.apache.commons.math3.exception.util.LocalizedFormats
12:11:18.174 [main] INFO org.evosuite.runtime.instrumentation.EvoClassLoader - Seeing class for first time: org.apache.commons.math3.util.FastMath
12:11:18.174 [main] INFO org.evosuite.runtime.instrumentation.EvoClassLoader - Instrumenting class 'org.apache.commons.math3.util.FastMath'.
12:11:18.175 [main] INFO org.evosuite.runtime.instrumentation.MethodCallReplacementClassAdapter - Adding mock interface to class org/apache/commons/math3/util/FastMath
12:11:18.180 [main] INFO org.evosuite.runtime.instrumentation.CreateClassResetClassAdapter - Found static initializer in class org/apache/commons/math3/util/FastMath
12:11:18.181 [main] INFO org.evosuite.runtime.instrumentation.EvoClassLoader - Keeping class: org.apache.commons.math3.util.FastMath
12:11:18.185 [main] INFO org.evosuite.runtime.instrumentation.EvoClassLoader - Seeing class for first time: org.apache.commons.math3.exception.util.ExceptionContext
12:11:18.185 [main] INFO org.evosuite.runtime.instrumentation.EvoClassLoader - Instrumenting class 'org.apache.commons.math3.exception.util.ExceptionContext'.
12:11:18.185 [main] INFO org.evosuite.runtime.instrumentation.MethodCallReplacementClassAdapter - Adding mock interface to class org/apache/commons/math3/exception/util/ExceptionContext
12:11:18.186 [main] INFO org.evosuite.runtime.instrumentation.CreateClassResetClassAdapter - Creating brand-new static initializer in class org/apache/commons/math3/exception/util/ExceptionContext
12:11:18.186 [main] INFO org.evosuite.runtime.instrumentation.EvoClassLoader - Keeping class: org.apache.commons.math3.exception.util.ExceptionContext
12:11:18.187 [main] INFO org.evosuite.runtime.instrumentation.EvoClassLoader - Seeing class for first time: org.apache.commons.math3.util.ArithmeticUtils
12:11:18.187 [main] INFO org.evosuite.runtime.instrumentation.EvoClassLoader - Instrumenting class 'org.apache.commons.math3.util.ArithmeticUtils'.
12:11:18.187 [main] INFO org.evosuite.runtime.instrumentation.MethodCallReplacementClassAdapter - Adding mock interface to class org/apache/commons/math3/util/ArithmeticUtils
12:11:18.188 [main] INFO org.evosuite.runtime.instrumentation.CreateClassResetClassAdapter - Found static initializer in class org/apache/commons/math3/util/ArithmeticUtils
12:11:18.189 [main] INFO org.evosuite.runtime.instrumentation.EvoClassLoader - Keeping class: org.apache.commons.math3.util.ArithmeticUtils
12:11:18.190 [main] INFO org.evosuite.runtime.instrumentation.EvoClassLoader - Seeing class for first time: org.apache.commons.math3.analysis.differentiation.DerivativeStructure
12:11:18.190 [main] INFO org.evosuite.runtime.instrumentation.EvoClassLoader - Instrumenting class 'org.apache.commons.math3.analysis.differentiation.DerivativeStructure'.
12:11:18.190 [main] INFO org.evosuite.runtime.instrumentation.MethodCallReplacementClassAdapter - Adding mock interface to class org/apache/commons/math3/analysis/differentiation/DerivativeStructure
12:11:18.192 [main] INFO org.evosuite.runtime.instrumentation.CreateClassResetClassAdapter - Creating brand-new static initializer in class org/apache/commons/math3/analysis/differentiation/DerivativeStructure
12:11:18.192 [main] INFO org.evosuite.runtime.instrumentation.EvoClassLoader - Seeing class for first time: org.apache.commons.math3.FieldElement
12:11:18.192 [main] INFO org.evosuite.runtime.instrumentation.EvoClassLoader - Instrumenting class 'org.apache.commons.math3.FieldElement'.
12:11:18.192 [main] INFO org.evosuite.runtime.instrumentation.EvoClassLoader - Defined package (3): package org.apache.commons.math3, -898793265
12:11:18.192 [main] INFO org.evosuite.runtime.instrumentation.EvoClassLoader - Keeping class: org.apache.commons.math3.FieldElement
12:11:18.193 [main] INFO org.evosuite.runtime.instrumentation.EvoClassLoader - Keeping class: org.apache.commons.math3.analysis.differentiation.DerivativeStructure
12:11:18.193 [main] INFO org.evosuite.runtime.instrumentation.EvoClassLoader - Seeing class for first time: org.apache.commons.math3.util.MathArrays$OrderDirection
12:11:18.193 [main] INFO org.evosuite.runtime.instrumentation.EvoClassLoader - Instrumenting class 'org.apache.commons.math3.util.MathArrays$OrderDirection'.
12:11:18.193 [main] INFO org.evosuite.runtime.instrumentation.MethodCallReplacementClassAdapter - Adding mock interface to class org/apache/commons/math3/util/MathArrays$OrderDirection
12:11:18.193 [main] INFO org.evosuite.runtime.instrumentation.CreateClassResetClassAdapter - Found static initializer in class org/apache/commons/math3/util/MathArrays$OrderDirection
12:11:18.194 [main] INFO org.evosuite.runtime.instrumentation.EvoClassLoader - Keeping class: org.apache.commons.math3.util.MathArrays$OrderDirection
.12:11:18.205 [main] INFO org.evosuite.runtime.instrumentation.EvoClassLoader - Seeing class for first time: org.apache.commons.math3.util.Precision
12:11:18.205 [main] INFO org.evosuite.runtime.instrumentation.EvoClassLoader - Instrumenting class 'org.apache.commons.math3.util.Precision'.
12:11:18.205 [main] INFO org.evosuite.runtime.instrumentation.MethodCallReplacementClassAdapter - Adding mock interface to class org/apache/commons/math3/util/Precision
12:11:18.205 [main] INFO org.evosuite.runtime.instrumentation.CreateClassResetClassAdapter - Found static initializer in class org/apache/commons/math3/util/Precision
12:11:18.206 [main] INFO org.evosuite.runtime.instrumentation.EvoClassLoader - Keeping class: org.apache.commons.math3.util.Precision
.........E............................................E.................................E....E...E.......E........................................E........................E..........................................................E......................................................................E............................................E..................................................E.................................................................................................................................................................................................................E........................................E.............E......................................
Time: 1.482
There were 15 failures:
1) test_0078(org.apache.commons.math3.analysis.differentiation.DSCompiler_ESTest)
java.lang.AssertionError: expected:<NaN> but was:<0.0>
	at org.junit.Assert.fail(Assert.java:89)
	at org.junit.Assert.failNotEquals(Assert.java:835)
	at org.junit.Assert.assertEquals(Assert.java:555)
	at org.junit.Assert.assertEquals(Assert.java:685)
	at org.apache.commons.math3.analysis.differentiation.DSCompiler_ESTest.test_0078(DSCompiler_ESTest.java:1093)
2) test_0178(org.apache.commons.math3.analysis.differentiation.DSCompiler_ESTest)
java.lang.ArrayIndexOutOfBoundsException: 643
	at org.apache.commons.math3.analysis.differentiation.DSCompiler.taylor(DSCompiler.java:1738)
	at org.apache.commons.math3.analysis.differentiation.DSCompiler_ESTest.test_0178(DSCompiler_ESTest.java:2482)
3) test_0161(org.apache.commons.math3.analysis.differentiation.DSCompiler_ESTest)
java.lang.ArrayIndexOutOfBoundsException: 15
	at org.apache.commons.math3.analysis.differentiation.DSCompiler.taylor(DSCompiler.java:1738)
	at org.apache.commons.math3.analysis.differentiation.DSCompiler_ESTest.test_0161(DSCompiler_ESTest.java:2184)
4) test_0283(org.apache.commons.math3.analysis.differentiation.DSCompiler_ESTest)
java.lang.ArrayIndexOutOfBoundsException: 1041
	at org.apache.commons.math3.analysis.differentiation.DSCompiler.taylor(DSCompiler.java:1738)
	at org.apache.commons.math3.analysis.differentiation.DSCompiler_ESTest.test_0283(DSCompiler_ESTest.java:4657)
5) test_0284(org.apache.commons.math3.analysis.differentiation.DSCompiler_ESTest)
java.lang.ArrayIndexOutOfBoundsException: 872
	at org.apache.commons.math3.analysis.differentiation.DSCompiler.taylor(DSCompiler.java:1738)
	at org.apache.commons.math3.analysis.differentiation.DSCompiler_ESTest.test_0284(DSCompiler_ESTest.java:4672)
6) test_0090(org.apache.commons.math3.analysis.differentiation.DSCompiler_ESTest)
arrays first differed at element [3]; expected:<NaN> but was:<0.0>
	at org.junit.internal.ComparisonCriteria.arrayEquals(ComparisonCriteria.java:78)
	at org.junit.internal.ComparisonCriteria.arrayEquals(ComparisonCriteria.java:28)
	at org.junit.Assert.assertArrayEquals(Assert.java:471)
	at org.junit.Assert.assertArrayEquals(Assert.java:485)
	at org.apache.commons.math3.analysis.differentiation.DSCompiler_ESTest.test_0090(DSCompiler_ESTest.java:1215)
	... 11 trimmed
Caused by: java.lang.AssertionError: expected:<NaN> but was:<0.0>
	at org.junit.Assert.fail(Assert.java:89)
	at org.junit.Assert.failNotEquals(Assert.java:835)
	at org.junit.Assert.assertEquals(Assert.java:555)
	at org.junit.Assert.assertEquals(Assert.java:685)
	at org.junit.internal.InexactComparisonCriteria.assertElementsEqual(InexactComparisonCriteria.java:19)
	at org.junit.internal.ComparisonCriteria.arrayEquals(ComparisonCriteria.java:76)
	... 16 more
7) test_0502(org.apache.commons.math3.analysis.differentiation.DSCompiler_ESTest)
arrays first differed at element [0]; expected:<0.0> but was:<NaN>
	at org.junit.internal.ComparisonCriteria.arrayEquals(ComparisonCriteria.java:78)
	at org.junit.internal.ComparisonCriteria.arrayEquals(ComparisonCriteria.java:28)
	at org.junit.Assert.assertArrayEquals(Assert.java:471)
	at org.junit.Assert.assertArrayEquals(Assert.java:485)
	at org.apache.commons.math3.analysis.differentiation.DSCompiler_ESTest.test_0502(DSCompiler_ESTest.java:7686)
	... 11 trimmed
Caused by: java.lang.AssertionError: expected:<0.0> but was:<NaN>
	at org.junit.Assert.fail(Assert.java:89)
	at org.junit.Assert.failNotEquals(Assert.java:835)
	at org.junit.Assert.assertEquals(Assert.java:555)
	at org.junit.Assert.assertEquals(Assert.java:685)
	at org.junit.internal.InexactComparisonCriteria.assertElementsEqual(InexactComparisonCriteria.java:19)
	at org.junit.internal.ComparisonCriteria.arrayEquals(ComparisonCriteria.java:76)
	... 16 more
8) test_0610(org.apache.commons.math3.analysis.differentiation.DSCompiler_ESTest)
java.lang.NullPointerException
	at org.apache.commons.math3.analysis.differentiation.DSCompiler.taylor(DSCompiler.java:1738)
	at org.apache.commons.math3.analysis.differentiation.DSCompiler_ESTest.test_0610(DSCompiler_ESTest.java:9099)
9) test_0661(org.apache.commons.math3.analysis.differentiation.DSCompiler_ESTest)
arrays first differed at element [0]; expected:<0.0> but was:<NaN>
	at org.junit.internal.ComparisonCriteria.arrayEquals(ComparisonCriteria.java:78)
	at org.junit.internal.ComparisonCriteria.arrayEquals(ComparisonCriteria.java:28)
	at org.junit.Assert.assertArrayEquals(Assert.java:471)
	at org.junit.Assert.assertArrayEquals(Assert.java:485)
	at org.apache.commons.math3.analysis.differentiation.DSCompiler_ESTest.test_0661(DSCompiler_ESTest.java:9825)
	... 11 trimmed
Caused by: java.lang.AssertionError: expected:<0.0> but was:<NaN>
	at org.junit.Assert.fail(Assert.java:89)
	at org.junit.Assert.failNotEquals(Assert.java:835)
	at org.junit.Assert.assertEquals(Assert.java:555)
	at org.junit.Assert.assertEquals(Assert.java:685)
	at org.junit.internal.InexactComparisonCriteria.assertElementsEqual(InexactComparisonCriteria.java:19)
	at org.junit.internal.ComparisonCriteria.arrayEquals(ComparisonCriteria.java:76)
	... 16 more
10) test_0524(org.apache.commons.math3.analysis.differentiation.DSCompiler_ESTest)
java.lang.ArrayIndexOutOfBoundsException: 118
	at org.apache.commons.math3.analysis.differentiation.DSCompiler.taylor(DSCompiler.java:1738)
	at org.apache.commons.math3.analysis.differentiation.DSCompiler_ESTest.test_0524(DSCompiler_ESTest.java:7972)
11) test_0354(org.apache.commons.math3.analysis.differentiation.DSCompiler_ESTest)
arrays first differed at element [0]; expected:<0.0> but was:<NaN>
	at org.junit.internal.ComparisonCriteria.arrayEquals(ComparisonCriteria.java:78)
	at org.junit.internal.ComparisonCriteria.arrayEquals(ComparisonCriteria.java:28)
	at org.junit.Assert.assertArrayEquals(Assert.java:471)
	at org.junit.Assert.assertArrayEquals(Assert.java:485)
	at org.apache.commons.math3.analysis.differentiation.DSCompiler_ESTest.test_0354(DSCompiler_ESTest.java:5681)
	... 11 trimmed
Caused by: java.lang.AssertionError: expected:<0.0> but was:<NaN>
	at org.junit.Assert.fail(Assert.java:89)
	at org.junit.Assert.failNotEquals(Assert.java:835)
	at org.junit.Assert.assertEquals(Assert.java:555)
	at org.junit.Assert.assertEquals(Assert.java:685)
	at org.junit.internal.InexactComparisonCriteria.assertElementsEqual(InexactComparisonCriteria.java:19)
	at org.junit.internal.ComparisonCriteria.arrayEquals(ComparisonCriteria.java:76)
	... 16 more
12) test_0585(org.apache.commons.math3.analysis.differentiation.DSCompiler_ESTest)
arrays first differed at element [0]; expected:<0.0> but was:<NaN>
	at org.junit.internal.ComparisonCriteria.arrayEquals(ComparisonCriteria.java:78)
	at org.junit.internal.ComparisonCriteria.arrayEquals(ComparisonCriteria.java:28)
	at org.junit.Assert.assertArrayEquals(Assert.java:471)
	at org.junit.Assert.assertArrayEquals(Assert.java:485)
	at org.apache.commons.math3.analysis.differentiation.DSCompiler_ESTest.test_0585(DSCompiler_ESTest.java:8818)
	... 11 trimmed
Caused by: java.lang.AssertionError: expected:<0.0> but was:<NaN>
	at org.junit.Assert.fail(Assert.java:89)
	at org.junit.Assert.failNotEquals(Assert.java:835)
	at org.junit.Assert.assertEquals(Assert.java:555)
	at org.junit.Assert.assertEquals(Assert.java:685)
	at org.junit.internal.InexactComparisonCriteria.assertElementsEqual(InexactComparisonCriteria.java:19)
	at org.junit.internal.ComparisonCriteria.arrayEquals(ComparisonCriteria.java:76)
	... 16 more
13) test_0374(org.apache.commons.math3.analysis.differentiation.DSCompiler_ESTest)
java.lang.AssertionError: expected:<NaN> but was:<0.0>
	at org.junit.Assert.fail(Assert.java:89)
	at org.junit.Assert.failNotEquals(Assert.java:835)
	at org.junit.Assert.assertEquals(Assert.java:555)
	at org.junit.Assert.assertEquals(Assert.java:685)
	at org.apache.commons.math3.analysis.differentiation.DSCompiler_ESTest.test_0374(DSCompiler_ESTest.java:5925)
14) test_0138(org.apache.commons.math3.analysis.differentiation.DSCompiler_ESTest)
arrays first differed at element [0]; expected:<0.0> but was:<NaN>
	at org.junit.internal.ComparisonCriteria.arrayEquals(ComparisonCriteria.java:78)
	at org.junit.internal.ComparisonCriteria.arrayEquals(ComparisonCriteria.java:28)
	at org.junit.Assert.assertArrayEquals(Assert.java:471)
	at org.junit.Assert.assertArrayEquals(Assert.java:485)
	at org.apache.commons.math3.analysis.differentiation.DSCompiler_ESTest.test_0138(DSCompiler_ESTest.java:1888)
	... 11 trimmed
Caused by: java.lang.AssertionError: expected:<0.0> but was:<NaN>
	at org.junit.Assert.fail(Assert.java:89)
	at org.junit.Assert.failNotEquals(Assert.java:835)
	at org.junit.Assert.assertEquals(Assert.java:555)
	at org.junit.Assert.assertEquals(Assert.java:685)
	at org.junit.internal.InexactComparisonCriteria.assertElementsEqual(InexactComparisonCriteria.java:19)
	at org.junit.internal.ComparisonCriteria.arrayEquals(ComparisonCriteria.java:76)
	... 16 more
15) test_0243(org.apache.commons.math3.analysis.differentiation.DSCompiler_ESTest)
java.lang.ArrayIndexOutOfBoundsException: 15
	at org.apache.commons.math3.analysis.differentiation.DSCompiler.taylor(DSCompiler.java:1738)
	at org.apache.commons.math3.analysis.differentiation.DSCompiler_ESTest.test_0243(DSCompiler_ESTest.java:3889)

FAILURES!!!
Tests run: 687,  Failures: 15

