JUnit version 4.13.2
17:26:19.354 [main] INFO org.evosuite.runtime.instrumentation.EvoClassLoader - Seeing class for first time: org.apache.commons.math3.analysis.differentiation.DSCompiler_ESTest
17:26:19.356 [main] INFO org.evosuite.runtime.instrumentation.EvoClassLoader - Instrumenting class 'org.apache.commons.math3.analysis.differentiation.DSCompiler_ESTest'.
17:26:19.469 [main] INFO org.evosuite.runtime.instrumentation.EvoClassLoader - Seeing class for first time: org.apache.commons.math3.analysis.differentiation.DSCompiler_ESTest_scaffolding
17:26:19.469 [main] INFO org.evosuite.runtime.instrumentation.EvoClassLoader - Instrumenting class 'org.apache.commons.math3.analysis.differentiation.DSCompiler_ESTest_scaffolding'.
17:26:19.470 [main] INFO org.evosuite.runtime.instrumentation.EvoClassLoader - Keeping class: org.apache.commons.math3.analysis.differentiation.DSCompiler_ESTest_scaffolding
17:26:19.470 [main] INFO org.evosuite.runtime.instrumentation.EvoClassLoader - Keeping class: org.apache.commons.math3.analysis.differentiation.DSCompiler_ESTest
17:26:19.636 [main] DEBUG org.evosuite.runtime.sandbox.MSecurityManager - Adding privileged thread: "Reference Handler"
17:26:19.637 [main] DEBUG org.evosuite.runtime.sandbox.MSecurityManager - Adding privileged thread: "Finalizer"
17:26:19.637 [main] DEBUG org.evosuite.runtime.sandbox.MSecurityManager - Adding privileged thread: "Signal Dispatcher"
17:26:19.637 [main] DEBUG org.evosuite.runtime.sandbox.MSecurityManager - Adding privileged thread: "Java2D Disposer"
17:26:19.637 [main] DEBUG org.evosuite.runtime.sandbox.MSecurityManager - Adding privileged thread: "AWT-XAWT"
17:26:19.637 [main] DEBUG org.evosuite.runtime.sandbox.MSecurityManager - Adding privileged thread: "main"
17:26:19.658 [main] INFO org.evosuite.runtime.instrumentation.EvoClassLoader - Seeing class for first time: org.apache.commons.math3.exception.util.ExceptionContextProvider
17:26:19.658 [main] INFO org.evosuite.runtime.instrumentation.EvoClassLoader - Instrumenting class 'org.apache.commons.math3.exception.util.ExceptionContextProvider'.
17:26:19.684 [main] INFO org.evosuite.runtime.instrumentation.EvoClassLoader - Defined package (3): package org.apache.commons.math3.exception.util, -505269952
17:26:19.684 [main] INFO org.evosuite.runtime.instrumentation.EvoClassLoader - Keeping class: org.apache.commons.math3.exception.util.ExceptionContextProvider
17:26:19.684 [main] INFO org.evosuite.runtime.instrumentation.EvoClassLoader - Seeing class for first time: org.apache.commons.math3.util.MathArrays
17:26:19.684 [main] INFO org.evosuite.runtime.instrumentation.EvoClassLoader - Instrumenting class 'org.apache.commons.math3.util.MathArrays'.
17:26:19.686 [main] INFO org.evosuite.runtime.instrumentation.MethodCallReplacementClassAdapter - Adding mock interface to class org/apache/commons/math3/util/MathArrays
17:26:19.756 [main] INFO org.evosuite.runtime.instrumentation.CreateClassResetClassAdapter - Creating brand-new static initializer in class org/apache/commons/math3/util/MathArrays
17:26:19.756 [main] INFO org.evosuite.runtime.instrumentation.CreateClassResetClassAdapter - Adding bytecode for initializing field SPLIT_FACTOR
17:26:19.757 [main] INFO org.evosuite.runtime.instrumentation.EvoClassLoader - Defined package (3): package org.apache.commons.math3.util, -2114137663
17:26:19.758 [main] INFO org.evosuite.runtime.instrumentation.EvoClassLoader - Keeping class: org.apache.commons.math3.util.MathArrays
17:26:19.758 [main] INFO org.evosuite.runtime.instrumentation.EvoClassLoader - Seeing class for first time: org.apache.commons.math3.exception.util.Localizable
17:26:19.758 [main] INFO org.evosuite.runtime.instrumentation.EvoClassLoader - Instrumenting class 'org.apache.commons.math3.exception.util.Localizable'.
17:26:19.759 [main] INFO org.evosuite.runtime.instrumentation.EvoClassLoader - Keeping class: org.apache.commons.math3.exception.util.Localizable
17:26:19.759 [main] INFO org.evosuite.runtime.instrumentation.EvoClassLoader - Seeing class for first time: org.apache.commons.math3.exception.MathIllegalArgumentException
17:26:19.759 [main] INFO org.evosuite.runtime.instrumentation.EvoClassLoader - Instrumenting class 'org.apache.commons.math3.exception.MathIllegalArgumentException'.
17:26:19.760 [main] INFO org.evosuite.runtime.instrumentation.MethodCallReplacementClassAdapter - Adding mock interface to class org/apache/commons/math3/exception/MathIllegalArgumentException
17:26:19.761 [main] INFO org.evosuite.runtime.instrumentation.CreateClassResetClassAdapter - Creating brand-new static initializer in class org/apache/commons/math3/exception/MathIllegalArgumentException
17:26:19.761 [main] INFO org.evosuite.runtime.instrumentation.EvoClassLoader - Defined package (3): package org.apache.commons.math3.exception, 1643916784
17:26:19.761 [main] INFO org.evosuite.runtime.instrumentation.EvoClassLoader - Keeping class: org.apache.commons.math3.exception.MathIllegalArgumentException
17:26:19.761 [main] INFO org.evosuite.runtime.instrumentation.EvoClassLoader - Seeing class for first time: org.apache.commons.math3.exception.MathArithmeticException
17:26:19.761 [main] INFO org.evosuite.runtime.instrumentation.EvoClassLoader - Instrumenting class 'org.apache.commons.math3.exception.MathArithmeticException'.
17:26:19.762 [main] INFO org.evosuite.runtime.instrumentation.MethodCallReplacementClassAdapter - Adding mock interface to class org/apache/commons/math3/exception/MathArithmeticException
17:26:19.762 [main] INFO org.evosuite.runtime.instrumentation.CreateClassResetClassAdapter - Creating brand-new static initializer in class org/apache/commons/math3/exception/MathArithmeticException
17:26:19.762 [main] INFO org.evosuite.runtime.instrumentation.EvoClassLoader - Keeping class: org.apache.commons.math3.exception.MathArithmeticException
17:26:19.763 [main] INFO org.evosuite.runtime.instrumentation.EvoClassLoader - Seeing class for first time: org.apache.commons.math3.exception.DimensionMismatchException
17:26:19.763 [main] INFO org.evosuite.runtime.instrumentation.EvoClassLoader - Instrumenting class 'org.apache.commons.math3.exception.DimensionMismatchException'.
17:26:19.763 [main] INFO org.evosuite.runtime.instrumentation.MethodCallReplacementClassAdapter - Adding mock interface to class org/apache/commons/math3/exception/DimensionMismatchException
17:26:19.764 [main] INFO org.evosuite.runtime.instrumentation.CreateClassResetClassAdapter - Creating brand-new static initializer in class org/apache/commons/math3/exception/DimensionMismatchException
17:26:19.764 [main] INFO org.evosuite.runtime.instrumentation.EvoClassLoader - Seeing class for first time: org.apache.commons.math3.exception.MathIllegalNumberException
17:26:19.764 [main] INFO org.evosuite.runtime.instrumentation.EvoClassLoader - Instrumenting class 'org.apache.commons.math3.exception.MathIllegalNumberException'.
17:26:19.764 [main] INFO org.evosuite.runtime.instrumentation.MethodCallReplacementClassAdapter - Adding mock interface to class org/apache/commons/math3/exception/MathIllegalNumberException
17:26:19.765 [main] INFO org.evosuite.runtime.instrumentation.CreateClassResetClassAdapter - Creating brand-new static initializer in class org/apache/commons/math3/exception/MathIllegalNumberException
17:26:19.765 [main] INFO org.evosuite.runtime.instrumentation.EvoClassLoader - Keeping class: org.apache.commons.math3.exception.MathIllegalNumberException
17:26:19.765 [main] INFO org.evosuite.runtime.instrumentation.EvoClassLoader - Keeping class: org.apache.commons.math3.exception.DimensionMismatchException
17:26:19.765 [main] INFO org.evosuite.runtime.instrumentation.EvoClassLoader - Seeing class for first time: org.apache.commons.math3.exception.NullArgumentException
17:26:19.765 [main] INFO org.evosuite.runtime.instrumentation.EvoClassLoader - Instrumenting class 'org.apache.commons.math3.exception.NullArgumentException'.
17:26:19.766 [main] INFO org.evosuite.runtime.instrumentation.MethodCallReplacementClassAdapter - Adding mock interface to class org/apache/commons/math3/exception/NullArgumentException
17:26:19.766 [main] INFO org.evosuite.runtime.instrumentation.CreateClassResetClassAdapter - Creating brand-new static initializer in class org/apache/commons/math3/exception/NullArgumentException
17:26:19.767 [main] INFO org.evosuite.runtime.instrumentation.EvoClassLoader - Keeping class: org.apache.commons.math3.exception.NullArgumentException
17:26:19.767 [main] INFO org.evosuite.runtime.instrumentation.EvoClassLoader - Seeing class for first time: org.apache.commons.math3.exception.NotPositiveException
17:26:19.767 [main] INFO org.evosuite.runtime.instrumentation.EvoClassLoader - Instrumenting class 'org.apache.commons.math3.exception.NotPositiveException'.
17:26:19.767 [main] INFO org.evosuite.runtime.instrumentation.MethodCallReplacementClassAdapter - Adding mock interface to class org/apache/commons/math3/exception/NotPositiveException
17:26:19.768 [main] INFO org.evosuite.runtime.instrumentation.CreateClassResetClassAdapter - Creating brand-new static initializer in class org/apache/commons/math3/exception/NotPositiveException
17:26:19.768 [main] INFO org.evosuite.runtime.instrumentation.EvoClassLoader - Seeing class for first time: org.apache.commons.math3.exception.NumberIsTooSmallException
17:26:19.768 [main] INFO org.evosuite.runtime.instrumentation.EvoClassLoader - Instrumenting class 'org.apache.commons.math3.exception.NumberIsTooSmallException'.
17:26:19.769 [main] INFO org.evosuite.runtime.instrumentation.MethodCallReplacementClassAdapter - Adding mock interface to class org/apache/commons/math3/exception/NumberIsTooSmallException
17:26:19.769 [main] INFO org.evosuite.runtime.instrumentation.CreateClassResetClassAdapter - Creating brand-new static initializer in class org/apache/commons/math3/exception/NumberIsTooSmallException
17:26:19.769 [main] INFO org.evosuite.runtime.instrumentation.EvoClassLoader - Keeping class: org.apache.commons.math3.exception.NumberIsTooSmallException
17:26:19.769 [main] INFO org.evosuite.runtime.instrumentation.EvoClassLoader - Keeping class: org.apache.commons.math3.exception.NotPositiveException
17:26:19.769 [main] INFO org.evosuite.runtime.instrumentation.EvoClassLoader - Seeing class for first time: org.apache.commons.math3.exception.NotStrictlyPositiveException
17:26:19.769 [main] INFO org.evosuite.runtime.instrumentation.EvoClassLoader - Instrumenting class 'org.apache.commons.math3.exception.NotStrictlyPositiveException'.
17:26:19.770 [main] INFO org.evosuite.runtime.instrumentation.MethodCallReplacementClassAdapter - Adding mock interface to class org/apache/commons/math3/exception/NotStrictlyPositiveException
17:26:19.770 [main] INFO org.evosuite.runtime.instrumentation.CreateClassResetClassAdapter - Creating brand-new static initializer in class org/apache/commons/math3/exception/NotStrictlyPositiveException
17:26:19.770 [main] INFO org.evosuite.runtime.instrumentation.EvoClassLoader - Keeping class: org.apache.commons.math3.exception.NotStrictlyPositiveException
17:26:19.770 [main] INFO org.evosuite.runtime.instrumentation.EvoClassLoader - Seeing class for first time: org.apache.commons.math3.exception.MathInternalError
17:26:19.770 [main] INFO org.evosuite.runtime.instrumentation.EvoClassLoader - Instrumenting class 'org.apache.commons.math3.exception.MathInternalError'.
17:26:19.771 [main] INFO org.evosuite.runtime.instrumentation.MethodCallReplacementClassAdapter - Adding mock interface to class org/apache/commons/math3/exception/MathInternalError
17:26:19.771 [main] INFO org.evosuite.runtime.instrumentation.CreateClassResetClassAdapter - Creating brand-new static initializer in class org/apache/commons/math3/exception/MathInternalError
17:26:19.771 [main] INFO org.evosuite.runtime.instrumentation.CreateClassResetClassAdapter - Adding bytecode for initializing field REPORT_URL
17:26:19.771 [main] INFO org.evosuite.runtime.instrumentation.EvoClassLoader - Seeing class for first time: org.apache.commons.math3.exception.MathIllegalStateException
17:26:19.771 [main] INFO org.evosuite.runtime.instrumentation.EvoClassLoader - Instrumenting class 'org.apache.commons.math3.exception.MathIllegalStateException'.
17:26:19.772 [main] INFO org.evosuite.runtime.instrumentation.MethodCallReplacementClassAdapter - Adding mock interface to class org/apache/commons/math3/exception/MathIllegalStateException
17:26:19.778 [main] INFO org.evosuite.runtime.instrumentation.CreateClassResetClassAdapter - Creating brand-new static initializer in class org/apache/commons/math3/exception/MathIllegalStateException
17:26:19.778 [main] INFO org.evosuite.runtime.instrumentation.EvoClassLoader - Keeping class: org.apache.commons.math3.exception.MathIllegalStateException
17:26:19.778 [main] INFO org.evosuite.runtime.instrumentation.EvoClassLoader - Keeping class: org.apache.commons.math3.exception.MathInternalError
17:26:19.779 [main] INFO org.evosuite.runtime.instrumentation.EvoClassLoader - Seeing class for first time: org.apache.commons.math3.exception.NonMonotonicSequenceException
17:26:19.779 [main] INFO org.evosuite.runtime.instrumentation.EvoClassLoader - Instrumenting class 'org.apache.commons.math3.exception.NonMonotonicSequenceException'.
17:26:19.779 [main] INFO org.evosuite.runtime.instrumentation.MethodCallReplacementClassAdapter - Adding mock interface to class org/apache/commons/math3/exception/NonMonotonicSequenceException
17:26:19.780 [main] INFO org.evosuite.runtime.instrumentation.CreateClassResetClassAdapter - Creating brand-new static initializer in class org/apache/commons/math3/exception/NonMonotonicSequenceException
17:26:19.780 [main] INFO org.evosuite.runtime.instrumentation.EvoClassLoader - Keeping class: org.apache.commons.math3.exception.NonMonotonicSequenceException
17:26:19.781 [main] INFO org.evosuite.runtime.instrumentation.EvoClassLoader - Seeing class for first time: org.apache.commons.math3.exception.util.ArgUtils
17:26:19.781 [main] INFO org.evosuite.runtime.instrumentation.EvoClassLoader - Instrumenting class 'org.apache.commons.math3.exception.util.ArgUtils'.
17:26:19.781 [main] INFO org.evosuite.runtime.instrumentation.MethodCallReplacementClassAdapter - Adding mock interface to class org/apache/commons/math3/exception/util/ArgUtils
17:26:19.781 [main] INFO org.evosuite.runtime.instrumentation.CreateClassResetClassAdapter - Creating brand-new static initializer in class org/apache/commons/math3/exception/util/ArgUtils
17:26:19.782 [main] INFO org.evosuite.runtime.instrumentation.EvoClassLoader - Keeping class: org.apache.commons.math3.exception.util.ArgUtils
17:26:19.782 [main] INFO org.evosuite.runtime.instrumentation.EvoClassLoader - Seeing class for first time: org.apache.commons.math3.util.FastMath$ExpIntTable
17:26:19.782 [main] INFO org.evosuite.runtime.instrumentation.EvoClassLoader - Instrumenting class 'org.apache.commons.math3.util.FastMath$ExpIntTable'.
17:26:19.783 [main] INFO org.evosuite.runtime.instrumentation.MethodCallReplacementClassAdapter - Adding mock interface to class org/apache/commons/math3/util/FastMath$ExpIntTable
17:26:19.783 [main] INFO org.evosuite.runtime.instrumentation.CreateClassResetClassAdapter - Found static initializer in class org/apache/commons/math3/util/FastMath$ExpIntTable
17:26:19.783 [main] INFO org.evosuite.runtime.instrumentation.EvoClassLoader - Keeping class: org.apache.commons.math3.util.FastMath$ExpIntTable
17:26:19.784 [main] INFO org.evosuite.runtime.instrumentation.EvoClassLoader - Seeing class for first time: org.apache.commons.math3.util.FastMathLiteralArrays
17:26:19.784 [main] INFO org.evosuite.runtime.instrumentation.EvoClassLoader - Instrumenting class 'org.apache.commons.math3.util.FastMathLiteralArrays'.
17:26:19.785 [main] INFO org.evosuite.runtime.instrumentation.MethodCallReplacementClassAdapter - Adding mock interface to class org/apache/commons/math3/util/FastMathLiteralArrays
17:26:19.786 [main] INFO org.evosuite.runtime.instrumentation.CreateClassResetClassAdapter - Found static initializer in class org/apache/commons/math3/util/FastMathLiteralArrays
17:26:19.792 [main] INFO org.evosuite.runtime.instrumentation.EvoClassLoader - Keeping class: org.apache.commons.math3.util.FastMathLiteralArrays
17:26:19.810 [main] INFO org.evosuite.runtime.instrumentation.EvoClassLoader - Seeing class for first time: org.apache.commons.math3.util.FastMath$lnMant
17:26:19.810 [main] INFO org.evosuite.runtime.instrumentation.EvoClassLoader - Instrumenting class 'org.apache.commons.math3.util.FastMath$lnMant'.
17:26:19.810 [main] INFO org.evosuite.runtime.instrumentation.MethodCallReplacementClassAdapter - Adding mock interface to class org/apache/commons/math3/util/FastMath$lnMant
17:26:19.811 [main] INFO org.evosuite.runtime.instrumentation.CreateClassResetClassAdapter - Found static initializer in class org/apache/commons/math3/util/FastMath$lnMant
17:26:19.811 [main] INFO org.evosuite.runtime.instrumentation.EvoClassLoader - Keeping class: org.apache.commons.math3.util.FastMath$lnMant
17:26:19.812 [main] INFO org.evosuite.runtime.instrumentation.EvoClassLoader - Seeing class for first time: org.apache.commons.math3.analysis.differentiation.DSCompiler
17:26:19.812 [main] INFO org.evosuite.runtime.instrumentation.EvoClassLoader - Instrumenting class 'org.apache.commons.math3.analysis.differentiation.DSCompiler'.
17:26:19.813 [main] INFO org.evosuite.runtime.instrumentation.MethodCallReplacementClassAdapter - Adding mock interface to class org/apache/commons/math3/analysis/differentiation/DSCompiler
17:26:19.823 [main] INFO org.evosuite.runtime.instrumentation.CreateClassResetClassAdapter - Found static initializer in class org/apache/commons/math3/analysis/differentiation/DSCompiler
17:26:19.823 [main] INFO org.evosuite.runtime.instrumentation.EvoClassLoader - Keeping class: org.apache.commons.math3.analysis.differentiation.DSCompiler
17:26:19.824 [main] INFO org.evosuite.runtime.instrumentation.EvoClassLoader - Seeing class for first time: org.apache.commons.math3.exception.NumberIsTooLargeException
17:26:19.824 [main] INFO org.evosuite.runtime.instrumentation.EvoClassLoader - Instrumenting class 'org.apache.commons.math3.exception.NumberIsTooLargeException'.
17:26:19.825 [main] INFO org.evosuite.runtime.instrumentation.MethodCallReplacementClassAdapter - Adding mock interface to class org/apache/commons/math3/exception/NumberIsTooLargeException
17:26:19.825 [main] INFO org.evosuite.runtime.instrumentation.CreateClassResetClassAdapter - Creating brand-new static initializer in class org/apache/commons/math3/exception/NumberIsTooLargeException
17:26:19.825 [main] INFO org.evosuite.runtime.instrumentation.EvoClassLoader - Keeping class: org.apache.commons.math3.exception.NumberIsTooLargeException
17:26:19.826 [main] INFO org.evosuite.runtime.instrumentation.EvoClassLoader - Seeing class for first time: org.apache.commons.math3.util.FastMath$ExpFracTable
17:26:19.826 [main] INFO org.evosuite.runtime.instrumentation.EvoClassLoader - Instrumenting class 'org.apache.commons.math3.util.FastMath$ExpFracTable'.
17:26:19.826 [main] INFO org.evosuite.runtime.instrumentation.MethodCallReplacementClassAdapter - Adding mock interface to class org/apache/commons/math3/util/FastMath$ExpFracTable
17:26:19.827 [main] INFO org.evosuite.runtime.instrumentation.CreateClassResetClassAdapter - Found static initializer in class org/apache/commons/math3/util/FastMath$ExpFracTable
17:26:19.827 [main] INFO org.evosuite.runtime.instrumentation.EvoClassLoader - Keeping class: org.apache.commons.math3.util.FastMath$ExpFracTable
17:26:19.827 [main] INFO org.evosuite.runtime.instrumentation.EvoClassLoader - Seeing class for first time: org.apache.commons.math3.util.FastMath$CodyWaite
17:26:19.827 [main] INFO org.evosuite.runtime.instrumentation.EvoClassLoader - Instrumenting class 'org.apache.commons.math3.util.FastMath$CodyWaite'.
17:26:19.828 [main] INFO org.evosuite.runtime.instrumentation.MethodCallReplacementClassAdapter - Adding mock interface to class org/apache/commons/math3/util/FastMath$CodyWaite
17:26:19.828 [main] INFO org.evosuite.runtime.instrumentation.CreateClassResetClassAdapter - Creating brand-new static initializer in class org/apache/commons/math3/util/FastMath$CodyWaite
17:26:19.828 [main] INFO org.evosuite.runtime.instrumentation.EvoClassLoader - Keeping class: org.apache.commons.math3.util.FastMath$CodyWaite
17:26:19.828 [main] INFO org.evosuite.runtime.instrumentation.EvoClassLoader - Seeing class for first time: org.apache.commons.math3.exception.util.LocalizedFormats
17:26:19.828 [main] INFO org.evosuite.runtime.instrumentation.EvoClassLoader - Instrumenting class 'org.apache.commons.math3.exception.util.LocalizedFormats'.
17:26:19.829 [main] INFO org.evosuite.runtime.instrumentation.MethodCallReplacementClassAdapter - Adding mock interface to class org/apache/commons/math3/exception/util/LocalizedFormats
17:26:19.831 [main] INFO org.evosuite.runtime.instrumentation.CreateClassResetClassAdapter - Found static initializer in class org/apache/commons/math3/exception/util/LocalizedFormats
17:26:19.836 [main] INFO org.evosuite.runtime.instrumentation.EvoClassLoader - Keeping class: org.apache.commons.math3.exception.util.LocalizedFormats
17:26:19.840 [main] INFO org.evosuite.runtime.instrumentation.EvoClassLoader - Seeing class for first time: org.apache.commons.math3.util.FastMath
17:26:19.840 [main] INFO org.evosuite.runtime.instrumentation.EvoClassLoader - Instrumenting class 'org.apache.commons.math3.util.FastMath'.
17:26:19.841 [main] INFO org.evosuite.runtime.instrumentation.MethodCallReplacementClassAdapter - Adding mock interface to class org/apache/commons/math3/util/FastMath
17:26:19.847 [main] INFO org.evosuite.runtime.instrumentation.CreateClassResetClassAdapter - Found static initializer in class org/apache/commons/math3/util/FastMath
17:26:19.848 [main] INFO org.evosuite.runtime.instrumentation.EvoClassLoader - Keeping class: org.apache.commons.math3.util.FastMath
17:26:19.851 [main] INFO org.evosuite.runtime.instrumentation.EvoClassLoader - Seeing class for first time: org.apache.commons.math3.exception.util.ExceptionContext
17:26:19.851 [main] INFO org.evosuite.runtime.instrumentation.EvoClassLoader - Instrumenting class 'org.apache.commons.math3.exception.util.ExceptionContext'.
17:26:19.852 [main] INFO org.evosuite.runtime.instrumentation.MethodCallReplacementClassAdapter - Adding mock interface to class org/apache/commons/math3/exception/util/ExceptionContext
17:26:19.852 [main] INFO org.evosuite.runtime.instrumentation.CreateClassResetClassAdapter - Creating brand-new static initializer in class org/apache/commons/math3/exception/util/ExceptionContext
17:26:19.852 [main] INFO org.evosuite.runtime.instrumentation.EvoClassLoader - Keeping class: org.apache.commons.math3.exception.util.ExceptionContext
17:26:19.853 [main] INFO org.evosuite.runtime.instrumentation.EvoClassLoader - Seeing class for first time: org.apache.commons.math3.util.ArithmeticUtils
17:26:19.853 [main] INFO org.evosuite.runtime.instrumentation.EvoClassLoader - Instrumenting class 'org.apache.commons.math3.util.ArithmeticUtils'.
17:26:19.853 [main] INFO org.evosuite.runtime.instrumentation.MethodCallReplacementClassAdapter - Adding mock interface to class org/apache/commons/math3/util/ArithmeticUtils
17:26:19.855 [main] INFO org.evosuite.runtime.instrumentation.CreateClassResetClassAdapter - Found static initializer in class org/apache/commons/math3/util/ArithmeticUtils
17:26:19.855 [main] INFO org.evosuite.runtime.instrumentation.EvoClassLoader - Keeping class: org.apache.commons.math3.util.ArithmeticUtils
17:26:19.856 [main] INFO org.evosuite.runtime.instrumentation.EvoClassLoader - Seeing class for first time: org.apache.commons.math3.analysis.differentiation.DerivativeStructure
17:26:19.856 [main] INFO org.evosuite.runtime.instrumentation.EvoClassLoader - Instrumenting class 'org.apache.commons.math3.analysis.differentiation.DerivativeStructure'.
17:26:19.856 [main] INFO org.evosuite.runtime.instrumentation.MethodCallReplacementClassAdapter - Adding mock interface to class org/apache/commons/math3/analysis/differentiation/DerivativeStructure
17:26:19.858 [main] INFO org.evosuite.runtime.instrumentation.CreateClassResetClassAdapter - Creating brand-new static initializer in class org/apache/commons/math3/analysis/differentiation/DerivativeStructure
17:26:19.858 [main] INFO org.evosuite.runtime.instrumentation.EvoClassLoader - Seeing class for first time: org.apache.commons.math3.FieldElement
17:26:19.858 [main] INFO org.evosuite.runtime.instrumentation.EvoClassLoader - Instrumenting class 'org.apache.commons.math3.FieldElement'.
17:26:19.858 [main] INFO org.evosuite.runtime.instrumentation.EvoClassLoader - Defined package (3): package org.apache.commons.math3, -898793265
17:26:19.858 [main] INFO org.evosuite.runtime.instrumentation.EvoClassLoader - Keeping class: org.apache.commons.math3.FieldElement
17:26:19.859 [main] INFO org.evosuite.runtime.instrumentation.EvoClassLoader - Keeping class: org.apache.commons.math3.analysis.differentiation.DerivativeStructure
17:26:19.859 [main] INFO org.evosuite.runtime.instrumentation.EvoClassLoader - Seeing class for first time: org.apache.commons.math3.util.MathArrays$OrderDirection
17:26:19.859 [main] INFO org.evosuite.runtime.instrumentation.EvoClassLoader - Instrumenting class 'org.apache.commons.math3.util.MathArrays$OrderDirection'.
17:26:19.859 [main] INFO org.evosuite.runtime.instrumentation.MethodCallReplacementClassAdapter - Adding mock interface to class org/apache/commons/math3/util/MathArrays$OrderDirection
17:26:19.859 [main] INFO org.evosuite.runtime.instrumentation.CreateClassResetClassAdapter - Found static initializer in class org/apache/commons/math3/util/MathArrays$OrderDirection
17:26:19.859 [main] INFO org.evosuite.runtime.instrumentation.EvoClassLoader - Keeping class: org.apache.commons.math3.util.MathArrays$OrderDirection
.17:26:19.868 [main] INFO org.evosuite.runtime.instrumentation.EvoClassLoader - Seeing class for first time: org.apache.commons.math3.util.Precision
17:26:19.868 [main] INFO org.evosuite.runtime.instrumentation.EvoClassLoader - Instrumenting class 'org.apache.commons.math3.util.Precision'.
17:26:19.869 [main] INFO org.evosuite.runtime.instrumentation.MethodCallReplacementClassAdapter - Adding mock interface to class org/apache/commons/math3/util/Precision
17:26:19.869 [main] INFO org.evosuite.runtime.instrumentation.CreateClassResetClassAdapter - Found static initializer in class org/apache/commons/math3/util/Precision
17:26:19.869 [main] INFO org.evosuite.runtime.instrumentation.EvoClassLoader - Keeping class: org.apache.commons.math3.util.Precision
................E.............................................E...................................E...............................E..................................E............................................E..E.................E.......................................E.........................................................................................E...................E.....................17:26:20.663 [main] INFO org.evosuite.runtime.thread.ThreadStopper - Found new thread
.E..............................................................E....................................................................E..............................................E...........E.......................................................E................................E..................................................................E.................E.................
Time: 1.594
There were 20 failures:
1) test_0074(org.apache.commons.math3.analysis.differentiation.DSCompiler_ESTest)
java.lang.AssertionError: expected:<NaN> but was:<0.0>
	at org.junit.Assert.fail(Assert.java:89)
	at org.junit.Assert.failNotEquals(Assert.java:835)
	at org.junit.Assert.assertEquals(Assert.java:555)
	at org.junit.Assert.assertEquals(Assert.java:685)
	at org.apache.commons.math3.analysis.differentiation.DSCompiler_ESTest.test_0074(DSCompiler_ESTest.java:1022)
2) test_0052(org.apache.commons.math3.analysis.differentiation.DSCompiler_ESTest)
java.lang.ArrayIndexOutOfBoundsException: 3
	at org.apache.commons.math3.analysis.differentiation.DSCompiler.pow(DSCompiler.java:894)
	at org.apache.commons.math3.analysis.differentiation.DSCompiler.divide(DSCompiler.java:797)
	at org.apache.commons.math3.analysis.differentiation.DSCompiler.atan2(DSCompiler.java:1398)
	at org.apache.commons.math3.analysis.differentiation.DSCompiler_ESTest.test_0052(DSCompiler_ESTest.java:748)
3) test_0289(org.apache.commons.math3.analysis.differentiation.DSCompiler_ESTest)
arrays first differed at element [3]; expected:<0.0> but was:<NaN>
	at org.junit.internal.ComparisonCriteria.arrayEquals(ComparisonCriteria.java:78)
	at org.junit.internal.ComparisonCriteria.arrayEquals(ComparisonCriteria.java:28)
	at org.junit.Assert.assertArrayEquals(Assert.java:471)
	at org.junit.Assert.assertArrayEquals(Assert.java:485)
	at org.apache.commons.math3.analysis.differentiation.DSCompiler_ESTest.test_0289(DSCompiler_ESTest.java:3949)
	... 11 trimmed
Caused by: java.lang.AssertionError: expected:<0.0> but was:<NaN>
	at org.junit.Assert.fail(Assert.java:89)
	at org.junit.Assert.failNotEquals(Assert.java:835)
	at org.junit.Assert.assertEquals(Assert.java:555)
	at org.junit.Assert.assertEquals(Assert.java:685)
	at org.junit.internal.InexactComparisonCriteria.assertElementsEqual(InexactComparisonCriteria.java:19)
	at org.junit.internal.ComparisonCriteria.arrayEquals(ComparisonCriteria.java:76)
	... 16 more
4) test_0716(org.apache.commons.math3.analysis.differentiation.DSCompiler_ESTest)
java.lang.ArrayIndexOutOfBoundsException: -665
	at org.apache.commons.math3.analysis.differentiation.DSCompiler.multiply(DSCompiler.java:775)
	at org.apache.commons.math3.analysis.differentiation.DSCompiler.atan2(DSCompiler.java:1388)
	at org.apache.commons.math3.analysis.differentiation.DSCompiler_ESTest.test_0716(DSCompiler_ESTest.java:9479)
5) test_0512(org.apache.commons.math3.analysis.differentiation.DSCompiler_ESTest)
java.lang.AssertionError: expected:<NaN> but was:<0.0>
	at org.junit.Assert.fail(Assert.java:89)
	at org.junit.Assert.failNotEquals(Assert.java:835)
	at org.junit.Assert.assertEquals(Assert.java:555)
	at org.junit.Assert.assertEquals(Assert.java:685)
	at org.apache.commons.math3.analysis.differentiation.DSCompiler_ESTest.test_0512(DSCompiler_ESTest.java:6759)
6) test_0735(org.apache.commons.math3.analysis.differentiation.DSCompiler_ESTest)
java.lang.ArrayIndexOutOfBoundsException: 2
	at org.apache.commons.math3.analysis.differentiation.DSCompiler.compose(DSCompiler.java:1719)
	at org.apache.commons.math3.analysis.differentiation.DSCompiler.pow(DSCompiler.java:909)
	at org.apache.commons.math3.analysis.differentiation.DSCompiler.divide(DSCompiler.java:797)
	at org.apache.commons.math3.analysis.differentiation.DSCompiler.atan2(DSCompiler.java:1398)
	at org.apache.commons.math3.analysis.differentiation.DSCompiler_ESTest.test_0735(DSCompiler_ESTest.java:9726)
7) test_0736(org.apache.commons.math3.analysis.differentiation.DSCompiler_ESTest)
java.lang.ArrayIndexOutOfBoundsException: 2
	at org.apache.commons.math3.analysis.differentiation.DSCompiler.pow(DSCompiler.java:894)
	at org.apache.commons.math3.analysis.differentiation.DSCompiler.divide(DSCompiler.java:797)
	at org.apache.commons.math3.analysis.differentiation.DSCompiler.atan2(DSCompiler.java:1398)
	at org.apache.commons.math3.analysis.differentiation.DSCompiler_ESTest.test_0736(DSCompiler_ESTest.java:9734)
8) test_0603(org.apache.commons.math3.analysis.differentiation.DSCompiler_ESTest)
java.lang.ArrayIndexOutOfBoundsException: 2278
	at org.apache.commons.math3.analysis.differentiation.DSCompiler.taylor(DSCompiler.java:1737)
	at org.apache.commons.math3.analysis.differentiation.DSCompiler_ESTest.test_0603(DSCompiler_ESTest.java:7962)
9) test_0311(org.apache.commons.math3.analysis.differentiation.DSCompiler_ESTest)
java.lang.AssertionError: expected:<NaN> but was:<0.0>
	at org.junit.Assert.fail(Assert.java:89)
	at org.junit.Assert.failNotEquals(Assert.java:835)
	at org.junit.Assert.assertEquals(Assert.java:555)
	at org.junit.Assert.assertEquals(Assert.java:685)
	at org.apache.commons.math3.analysis.differentiation.DSCompiler_ESTest.test_0311(DSCompiler_ESTest.java:4224)
10) test_0761(org.apache.commons.math3.analysis.differentiation.DSCompiler_ESTest)
java.lang.NullPointerException
	at org.apache.commons.math3.analysis.differentiation.DSCompiler.taylor(DSCompiler.java:1737)
	at org.apache.commons.math3.analysis.differentiation.DSCompiler_ESTest.test_0761(DSCompiler_ESTest.java:10014)
11) test_0521(org.apache.commons.math3.analysis.differentiation.DSCompiler_ESTest)
java.lang.ArrayIndexOutOfBoundsException: 6
	at org.apache.commons.math3.analysis.differentiation.DSCompiler.compose(DSCompiler.java:1719)
	at org.apache.commons.math3.analysis.differentiation.DSCompiler.pow(DSCompiler.java:909)
	at org.apache.commons.math3.analysis.differentiation.DSCompiler.divide(DSCompiler.java:797)
	at org.apache.commons.math3.analysis.differentiation.DSCompiler.atan2(DSCompiler.java:1398)
	at org.apache.commons.math3.analysis.differentiation.DSCompiler_ESTest.test_0521(DSCompiler_ESTest.java:6867)
12) test_0231(org.apache.commons.math3.analysis.differentiation.DSCompiler_ESTest)
java.lang.AssertionError: expected:<NaN> but was:<0.0>
	at org.junit.Assert.fail(Assert.java:89)
	at org.junit.Assert.failNotEquals(Assert.java:835)
	at org.junit.Assert.assertEquals(Assert.java:555)
	at org.junit.Assert.assertEquals(Assert.java:685)
	at org.apache.commons.math3.analysis.differentiation.DSCompiler_ESTest.test_0231(DSCompiler_ESTest.java:3116)
13) test_0580(org.apache.commons.math3.analysis.differentiation.DSCompiler_ESTest)
java.lang.ArrayIndexOutOfBoundsException: 1
	at org.apache.commons.math3.analysis.differentiation.DSCompiler.pow(DSCompiler.java:894)
	at org.apache.commons.math3.analysis.differentiation.DSCompiler.divide(DSCompiler.java:797)
	at org.apache.commons.math3.analysis.differentiation.DSCompiler.atan2(DSCompiler.java:1398)
	at org.apache.commons.math3.analysis.differentiation.DSCompiler_ESTest.test_0580(DSCompiler_ESTest.java:7690)
14) test_0213(org.apache.commons.math3.analysis.differentiation.DSCompiler_ESTest)
arrays first differed at element [0]; expected:<0.0> but was:<NaN>
	at org.junit.internal.ComparisonCriteria.arrayEquals(ComparisonCriteria.java:78)
	at org.junit.internal.ComparisonCriteria.arrayEquals(ComparisonCriteria.java:28)
	at org.junit.Assert.assertArrayEquals(Assert.java:471)
	at org.junit.Assert.assertArrayEquals(Assert.java:485)
	at org.apache.commons.math3.analysis.differentiation.DSCompiler_ESTest.test_0213(DSCompiler_ESTest.java:2889)
	... 11 trimmed
Caused by: java.lang.AssertionError: expected:<0.0> but was:<NaN>
	at org.junit.Assert.fail(Assert.java:89)
	at org.junit.Assert.failNotEquals(Assert.java:835)
	at org.junit.Assert.assertEquals(Assert.java:555)
	at org.junit.Assert.assertEquals(Assert.java:685)
	at org.junit.internal.InexactComparisonCriteria.assertElementsEqual(InexactComparisonCriteria.java:19)
	at org.junit.internal.ComparisonCriteria.arrayEquals(ComparisonCriteria.java:76)
	... 16 more
15) test_0443(org.apache.commons.math3.analysis.differentiation.DSCompiler_ESTest)
java.lang.AssertionError: expected:<NaN> but was:<0.0>
	at org.junit.Assert.fail(Assert.java:89)
	at org.junit.Assert.failNotEquals(Assert.java:835)
	at org.junit.Assert.assertEquals(Assert.java:555)
	at org.junit.Assert.assertEquals(Assert.java:685)
	at org.apache.commons.math3.analysis.differentiation.DSCompiler_ESTest.test_0443(DSCompiler_ESTest.java:5860)
16) test_0566(org.apache.commons.math3.analysis.differentiation.DSCompiler_ESTest)
java.lang.ArrayIndexOutOfBoundsException: 15
	at org.apache.commons.math3.analysis.differentiation.DSCompiler.multiply(DSCompiler.java:775)
	at org.apache.commons.math3.analysis.differentiation.DSCompiler.atan2(DSCompiler.java:1388)
	at org.apache.commons.math3.analysis.differentiation.DSCompiler_ESTest.test_0566(DSCompiler_ESTest.java:7504)
17) test_0385(org.apache.commons.math3.analysis.differentiation.DSCompiler_ESTest)
java.lang.ArrayIndexOutOfBoundsException: 5
	at org.apache.commons.math3.analysis.differentiation.DSCompiler.taylor(DSCompiler.java:1737)
	at org.apache.commons.math3.analysis.differentiation.DSCompiler_ESTest.test_0385(DSCompiler_ESTest.java:5183)
18) test_0149(org.apache.commons.math3.analysis.differentiation.DSCompiler_ESTest)
java.lang.ArrayIndexOutOfBoundsException: 11
	at org.apache.commons.math3.analysis.differentiation.DSCompiler.taylor(DSCompiler.java:1737)
	at org.apache.commons.math3.analysis.differentiation.DSCompiler_ESTest.test_0149(DSCompiler_ESTest.java:2007)
19) test_0123(org.apache.commons.math3.analysis.differentiation.DSCompiler_ESTest)
arrays first differed at element [0]; expected:<0.0> but was:<NaN>
	at org.junit.internal.ComparisonCriteria.arrayEquals(ComparisonCriteria.java:78)
	at org.junit.internal.ComparisonCriteria.arrayEquals(ComparisonCriteria.java:28)
	at org.junit.Assert.assertArrayEquals(Assert.java:471)
	at org.junit.Assert.assertArrayEquals(Assert.java:485)
	at org.apache.commons.math3.analysis.differentiation.DSCompiler_ESTest.test_0123(DSCompiler_ESTest.java:1715)
	... 11 trimmed
Caused by: java.lang.AssertionError: expected:<0.0> but was:<NaN>
	at org.junit.Assert.fail(Assert.java:89)
	at org.junit.Assert.failNotEquals(Assert.java:835)
	at org.junit.Assert.assertEquals(Assert.java:555)
	at org.junit.Assert.assertEquals(Assert.java:685)
	at org.junit.internal.InexactComparisonCriteria.assertElementsEqual(InexactComparisonCriteria.java:19)
	at org.junit.internal.ComparisonCriteria.arrayEquals(ComparisonCriteria.java:76)
	... 16 more
20) test_0124(org.apache.commons.math3.analysis.differentiation.DSCompiler_ESTest)
arrays first differed at element [0]; expected:<0.0> but was:<NaN>
	at org.junit.internal.ComparisonCriteria.arrayEquals(ComparisonCriteria.java:78)
	at org.junit.internal.ComparisonCriteria.arrayEquals(ComparisonCriteria.java:28)
	at org.junit.Assert.assertArrayEquals(Assert.java:471)
	at org.junit.Assert.assertArrayEquals(Assert.java:485)
	at org.apache.commons.math3.analysis.differentiation.DSCompiler_ESTest.test_0124(DSCompiler_ESTest.java:1723)
	... 11 trimmed
Caused by: java.lang.AssertionError: expected:<0.0> but was:<NaN>
	at org.junit.Assert.fail(Assert.java:89)
	at org.junit.Assert.failNotEquals(Assert.java:835)
	at org.junit.Assert.assertEquals(Assert.java:555)
	at org.junit.Assert.assertEquals(Assert.java:685)
	at org.junit.internal.InexactComparisonCriteria.assertElementsEqual(InexactComparisonCriteria.java:19)
	at org.junit.internal.ComparisonCriteria.arrayEquals(ComparisonCriteria.java:76)
	... 16 more

FAILURES!!!
Tests run: 768,  Failures: 20

