JUnit version 4.13.2
17:26:22.402 [main] INFO org.evosuite.runtime.instrumentation.EvoClassLoader - Seeing class for first time: org.apache.commons.math3.analysis.differentiation.DSCompiler_ESTest
17:26:22.404 [main] INFO org.evosuite.runtime.instrumentation.EvoClassLoader - Instrumenting class 'org.apache.commons.math3.analysis.differentiation.DSCompiler_ESTest'.
17:26:22.519 [main] INFO org.evosuite.runtime.instrumentation.EvoClassLoader - Seeing class for first time: org.apache.commons.math3.analysis.differentiation.DSCompiler_ESTest_scaffolding
17:26:22.519 [main] INFO org.evosuite.runtime.instrumentation.EvoClassLoader - Instrumenting class 'org.apache.commons.math3.analysis.differentiation.DSCompiler_ESTest_scaffolding'.
17:26:22.521 [main] INFO org.evosuite.runtime.instrumentation.EvoClassLoader - Keeping class: org.apache.commons.math3.analysis.differentiation.DSCompiler_ESTest_scaffolding
17:26:22.521 [main] INFO org.evosuite.runtime.instrumentation.EvoClassLoader - Keeping class: org.apache.commons.math3.analysis.differentiation.DSCompiler_ESTest
17:26:22.697 [main] DEBUG org.evosuite.runtime.sandbox.MSecurityManager - Adding privileged thread: "Reference Handler"
17:26:22.697 [main] DEBUG org.evosuite.runtime.sandbox.MSecurityManager - Adding privileged thread: "Finalizer"
17:26:22.697 [main] DEBUG org.evosuite.runtime.sandbox.MSecurityManager - Adding privileged thread: "Signal Dispatcher"
17:26:22.697 [main] DEBUG org.evosuite.runtime.sandbox.MSecurityManager - Adding privileged thread: "Java2D Disposer"
17:26:22.697 [main] DEBUG org.evosuite.runtime.sandbox.MSecurityManager - Adding privileged thread: "AWT-XAWT"
17:26:22.697 [main] DEBUG org.evosuite.runtime.sandbox.MSecurityManager - Adding privileged thread: "main"
17:26:22.718 [main] INFO org.evosuite.runtime.instrumentation.EvoClassLoader - Seeing class for first time: org.apache.commons.math3.exception.util.ExceptionContextProvider
17:26:22.718 [main] INFO org.evosuite.runtime.instrumentation.EvoClassLoader - Instrumenting class 'org.apache.commons.math3.exception.util.ExceptionContextProvider'.
17:26:22.742 [main] INFO org.evosuite.runtime.instrumentation.EvoClassLoader - Defined package (3): package org.apache.commons.math3.exception.util, -505269952
17:26:22.742 [main] INFO org.evosuite.runtime.instrumentation.EvoClassLoader - Keeping class: org.apache.commons.math3.exception.util.ExceptionContextProvider
17:26:22.742 [main] INFO org.evosuite.runtime.instrumentation.EvoClassLoader - Seeing class for first time: org.apache.commons.math3.util.MathArrays
17:26:22.742 [main] INFO org.evosuite.runtime.instrumentation.EvoClassLoader - Instrumenting class 'org.apache.commons.math3.util.MathArrays'.
17:26:22.744 [main] INFO org.evosuite.runtime.instrumentation.MethodCallReplacementClassAdapter - Adding mock interface to class org/apache/commons/math3/util/MathArrays
17:26:22.788 [main] INFO org.evosuite.runtime.instrumentation.CreateClassResetClassAdapter - Creating brand-new static initializer in class org/apache/commons/math3/util/MathArrays
17:26:22.788 [main] INFO org.evosuite.runtime.instrumentation.CreateClassResetClassAdapter - Adding bytecode for initializing field SPLIT_FACTOR
17:26:22.789 [main] INFO org.evosuite.runtime.instrumentation.EvoClassLoader - Defined package (3): package org.apache.commons.math3.util, -2114137663
17:26:22.789 [main] INFO org.evosuite.runtime.instrumentation.EvoClassLoader - Keeping class: org.apache.commons.math3.util.MathArrays
17:26:22.789 [main] INFO org.evosuite.runtime.instrumentation.EvoClassLoader - Seeing class for first time: org.apache.commons.math3.exception.util.Localizable
17:26:22.789 [main] INFO org.evosuite.runtime.instrumentation.EvoClassLoader - Instrumenting class 'org.apache.commons.math3.exception.util.Localizable'.
17:26:22.790 [main] INFO org.evosuite.runtime.instrumentation.EvoClassLoader - Keeping class: org.apache.commons.math3.exception.util.Localizable
17:26:22.790 [main] INFO org.evosuite.runtime.instrumentation.EvoClassLoader - Seeing class for first time: org.apache.commons.math3.exception.MathIllegalArgumentException
17:26:22.790 [main] INFO org.evosuite.runtime.instrumentation.EvoClassLoader - Instrumenting class 'org.apache.commons.math3.exception.MathIllegalArgumentException'.
17:26:22.790 [main] INFO org.evosuite.runtime.instrumentation.MethodCallReplacementClassAdapter - Adding mock interface to class org/apache/commons/math3/exception/MathIllegalArgumentException
17:26:22.791 [main] INFO org.evosuite.runtime.instrumentation.CreateClassResetClassAdapter - Creating brand-new static initializer in class org/apache/commons/math3/exception/MathIllegalArgumentException
17:26:22.791 [main] INFO org.evosuite.runtime.instrumentation.EvoClassLoader - Defined package (3): package org.apache.commons.math3.exception, 1643916784
17:26:22.791 [main] INFO org.evosuite.runtime.instrumentation.EvoClassLoader - Keeping class: org.apache.commons.math3.exception.MathIllegalArgumentException
17:26:22.791 [main] INFO org.evosuite.runtime.instrumentation.EvoClassLoader - Seeing class for first time: org.apache.commons.math3.exception.MathArithmeticException
17:26:22.791 [main] INFO org.evosuite.runtime.instrumentation.EvoClassLoader - Instrumenting class 'org.apache.commons.math3.exception.MathArithmeticException'.
17:26:22.792 [main] INFO org.evosuite.runtime.instrumentation.MethodCallReplacementClassAdapter - Adding mock interface to class org/apache/commons/math3/exception/MathArithmeticException
17:26:22.792 [main] INFO org.evosuite.runtime.instrumentation.CreateClassResetClassAdapter - Creating brand-new static initializer in class org/apache/commons/math3/exception/MathArithmeticException
17:26:22.792 [main] INFO org.evosuite.runtime.instrumentation.EvoClassLoader - Keeping class: org.apache.commons.math3.exception.MathArithmeticException
17:26:22.792 [main] INFO org.evosuite.runtime.instrumentation.EvoClassLoader - Seeing class for first time: org.apache.commons.math3.exception.MathInternalError
17:26:22.792 [main] INFO org.evosuite.runtime.instrumentation.EvoClassLoader - Instrumenting class 'org.apache.commons.math3.exception.MathInternalError'.
17:26:22.793 [main] INFO org.evosuite.runtime.instrumentation.MethodCallReplacementClassAdapter - Adding mock interface to class org/apache/commons/math3/exception/MathInternalError
17:26:22.793 [main] INFO org.evosuite.runtime.instrumentation.CreateClassResetClassAdapter - Creating brand-new static initializer in class org/apache/commons/math3/exception/MathInternalError
17:26:22.793 [main] INFO org.evosuite.runtime.instrumentation.CreateClassResetClassAdapter - Adding bytecode for initializing field REPORT_URL
17:26:22.793 [main] INFO org.evosuite.runtime.instrumentation.EvoClassLoader - Seeing class for first time: org.apache.commons.math3.exception.MathIllegalStateException
17:26:22.793 [main] INFO org.evosuite.runtime.instrumentation.EvoClassLoader - Instrumenting class 'org.apache.commons.math3.exception.MathIllegalStateException'.
17:26:22.794 [main] INFO org.evosuite.runtime.instrumentation.MethodCallReplacementClassAdapter - Adding mock interface to class org/apache/commons/math3/exception/MathIllegalStateException
17:26:22.794 [main] INFO org.evosuite.runtime.instrumentation.CreateClassResetClassAdapter - Creating brand-new static initializer in class org/apache/commons/math3/exception/MathIllegalStateException
17:26:22.794 [main] INFO org.evosuite.runtime.instrumentation.EvoClassLoader - Keeping class: org.apache.commons.math3.exception.MathIllegalStateException
17:26:22.794 [main] INFO org.evosuite.runtime.instrumentation.EvoClassLoader - Keeping class: org.apache.commons.math3.exception.MathInternalError
17:26:22.795 [main] INFO org.evosuite.runtime.instrumentation.EvoClassLoader - Seeing class for first time: org.apache.commons.math3.exception.NonMonotonicSequenceException
17:26:22.795 [main] INFO org.evosuite.runtime.instrumentation.EvoClassLoader - Instrumenting class 'org.apache.commons.math3.exception.NonMonotonicSequenceException'.
17:26:22.796 [main] INFO org.evosuite.runtime.instrumentation.MethodCallReplacementClassAdapter - Adding mock interface to class org/apache/commons/math3/exception/NonMonotonicSequenceException
17:26:22.796 [main] INFO org.evosuite.runtime.instrumentation.CreateClassResetClassAdapter - Creating brand-new static initializer in class org/apache/commons/math3/exception/NonMonotonicSequenceException
17:26:22.796 [main] INFO org.evosuite.runtime.instrumentation.EvoClassLoader - Seeing class for first time: org.apache.commons.math3.exception.MathIllegalNumberException
17:26:22.796 [main] INFO org.evosuite.runtime.instrumentation.EvoClassLoader - Instrumenting class 'org.apache.commons.math3.exception.MathIllegalNumberException'.
17:26:22.797 [main] INFO org.evosuite.runtime.instrumentation.MethodCallReplacementClassAdapter - Adding mock interface to class org/apache/commons/math3/exception/MathIllegalNumberException
17:26:22.797 [main] INFO org.evosuite.runtime.instrumentation.CreateClassResetClassAdapter - Creating brand-new static initializer in class org/apache/commons/math3/exception/MathIllegalNumberException
17:26:22.797 [main] INFO org.evosuite.runtime.instrumentation.EvoClassLoader - Keeping class: org.apache.commons.math3.exception.MathIllegalNumberException
17:26:22.797 [main] INFO org.evosuite.runtime.instrumentation.EvoClassLoader - Keeping class: org.apache.commons.math3.exception.NonMonotonicSequenceException
17:26:22.798 [main] INFO org.evosuite.runtime.instrumentation.EvoClassLoader - Seeing class for first time: org.apache.commons.math3.exception.DimensionMismatchException
17:26:22.798 [main] INFO org.evosuite.runtime.instrumentation.EvoClassLoader - Instrumenting class 'org.apache.commons.math3.exception.DimensionMismatchException'.
17:26:22.798 [main] INFO org.evosuite.runtime.instrumentation.MethodCallReplacementClassAdapter - Adding mock interface to class org/apache/commons/math3/exception/DimensionMismatchException
17:26:22.798 [main] INFO org.evosuite.runtime.instrumentation.CreateClassResetClassAdapter - Creating brand-new static initializer in class org/apache/commons/math3/exception/DimensionMismatchException
17:26:22.798 [main] INFO org.evosuite.runtime.instrumentation.EvoClassLoader - Keeping class: org.apache.commons.math3.exception.DimensionMismatchException
17:26:22.799 [main] INFO org.evosuite.runtime.instrumentation.EvoClassLoader - Seeing class for first time: org.apache.commons.math3.exception.NullArgumentException
17:26:22.799 [main] INFO org.evosuite.runtime.instrumentation.EvoClassLoader - Instrumenting class 'org.apache.commons.math3.exception.NullArgumentException'.
17:26:22.799 [main] INFO org.evosuite.runtime.instrumentation.MethodCallReplacementClassAdapter - Adding mock interface to class org/apache/commons/math3/exception/NullArgumentException
17:26:22.799 [main] INFO org.evosuite.runtime.instrumentation.CreateClassResetClassAdapter - Creating brand-new static initializer in class org/apache/commons/math3/exception/NullArgumentException
17:26:22.799 [main] INFO org.evosuite.runtime.instrumentation.EvoClassLoader - Keeping class: org.apache.commons.math3.exception.NullArgumentException
17:26:22.800 [main] INFO org.evosuite.runtime.instrumentation.EvoClassLoader - Seeing class for first time: org.apache.commons.math3.exception.NotPositiveException
17:26:22.800 [main] INFO org.evosuite.runtime.instrumentation.EvoClassLoader - Instrumenting class 'org.apache.commons.math3.exception.NotPositiveException'.
17:26:22.800 [main] INFO org.evosuite.runtime.instrumentation.MethodCallReplacementClassAdapter - Adding mock interface to class org/apache/commons/math3/exception/NotPositiveException
17:26:22.806 [main] INFO org.evosuite.runtime.instrumentation.CreateClassResetClassAdapter - Creating brand-new static initializer in class org/apache/commons/math3/exception/NotPositiveException
17:26:22.806 [main] INFO org.evosuite.runtime.instrumentation.EvoClassLoader - Seeing class for first time: org.apache.commons.math3.exception.NumberIsTooSmallException
17:26:22.806 [main] INFO org.evosuite.runtime.instrumentation.EvoClassLoader - Instrumenting class 'org.apache.commons.math3.exception.NumberIsTooSmallException'.
17:26:22.806 [main] INFO org.evosuite.runtime.instrumentation.MethodCallReplacementClassAdapter - Adding mock interface to class org/apache/commons/math3/exception/NumberIsTooSmallException
17:26:22.807 [main] INFO org.evosuite.runtime.instrumentation.CreateClassResetClassAdapter - Creating brand-new static initializer in class org/apache/commons/math3/exception/NumberIsTooSmallException
17:26:22.807 [main] INFO org.evosuite.runtime.instrumentation.EvoClassLoader - Keeping class: org.apache.commons.math3.exception.NumberIsTooSmallException
17:26:22.807 [main] INFO org.evosuite.runtime.instrumentation.EvoClassLoader - Keeping class: org.apache.commons.math3.exception.NotPositiveException
17:26:22.807 [main] INFO org.evosuite.runtime.instrumentation.EvoClassLoader - Seeing class for first time: org.apache.commons.math3.exception.NotStrictlyPositiveException
17:26:22.807 [main] INFO org.evosuite.runtime.instrumentation.EvoClassLoader - Instrumenting class 'org.apache.commons.math3.exception.NotStrictlyPositiveException'.
17:26:22.807 [main] INFO org.evosuite.runtime.instrumentation.MethodCallReplacementClassAdapter - Adding mock interface to class org/apache/commons/math3/exception/NotStrictlyPositiveException
17:26:22.808 [main] INFO org.evosuite.runtime.instrumentation.CreateClassResetClassAdapter - Creating brand-new static initializer in class org/apache/commons/math3/exception/NotStrictlyPositiveException
17:26:22.808 [main] INFO org.evosuite.runtime.instrumentation.EvoClassLoader - Keeping class: org.apache.commons.math3.exception.NotStrictlyPositiveException
17:26:22.808 [main] INFO org.evosuite.runtime.instrumentation.EvoClassLoader - Seeing class for first time: org.apache.commons.math3.exception.util.ArgUtils
17:26:22.808 [main] INFO org.evosuite.runtime.instrumentation.EvoClassLoader - Instrumenting class 'org.apache.commons.math3.exception.util.ArgUtils'.
17:26:22.809 [main] INFO org.evosuite.runtime.instrumentation.MethodCallReplacementClassAdapter - Adding mock interface to class org/apache/commons/math3/exception/util/ArgUtils
17:26:22.809 [main] INFO org.evosuite.runtime.instrumentation.CreateClassResetClassAdapter - Creating brand-new static initializer in class org/apache/commons/math3/exception/util/ArgUtils
17:26:22.809 [main] INFO org.evosuite.runtime.instrumentation.EvoClassLoader - Keeping class: org.apache.commons.math3.exception.util.ArgUtils
17:26:22.810 [main] INFO org.evosuite.runtime.instrumentation.EvoClassLoader - Seeing class for first time: org.apache.commons.math3.util.FastMath$ExpIntTable
17:26:22.810 [main] INFO org.evosuite.runtime.instrumentation.EvoClassLoader - Instrumenting class 'org.apache.commons.math3.util.FastMath$ExpIntTable'.
17:26:22.810 [main] INFO org.evosuite.runtime.instrumentation.MethodCallReplacementClassAdapter - Adding mock interface to class org/apache/commons/math3/util/FastMath$ExpIntTable
17:26:22.810 [main] INFO org.evosuite.runtime.instrumentation.CreateClassResetClassAdapter - Found static initializer in class org/apache/commons/math3/util/FastMath$ExpIntTable
17:26:22.811 [main] INFO org.evosuite.runtime.instrumentation.EvoClassLoader - Keeping class: org.apache.commons.math3.util.FastMath$ExpIntTable
17:26:22.811 [main] INFO org.evosuite.runtime.instrumentation.EvoClassLoader - Seeing class for first time: org.apache.commons.math3.util.FastMathLiteralArrays
17:26:22.811 [main] INFO org.evosuite.runtime.instrumentation.EvoClassLoader - Instrumenting class 'org.apache.commons.math3.util.FastMathLiteralArrays'.
17:26:22.813 [main] INFO org.evosuite.runtime.instrumentation.MethodCallReplacementClassAdapter - Adding mock interface to class org/apache/commons/math3/util/FastMathLiteralArrays
17:26:22.813 [main] INFO org.evosuite.runtime.instrumentation.CreateClassResetClassAdapter - Found static initializer in class org/apache/commons/math3/util/FastMathLiteralArrays
17:26:22.820 [main] INFO org.evosuite.runtime.instrumentation.EvoClassLoader - Keeping class: org.apache.commons.math3.util.FastMathLiteralArrays
17:26:22.830 [main] INFO org.evosuite.runtime.instrumentation.EvoClassLoader - Seeing class for first time: org.apache.commons.math3.util.FastMath$lnMant
17:26:22.830 [main] INFO org.evosuite.runtime.instrumentation.EvoClassLoader - Instrumenting class 'org.apache.commons.math3.util.FastMath$lnMant'.
17:26:22.830 [main] INFO org.evosuite.runtime.instrumentation.MethodCallReplacementClassAdapter - Adding mock interface to class org/apache/commons/math3/util/FastMath$lnMant
17:26:22.831 [main] INFO org.evosuite.runtime.instrumentation.CreateClassResetClassAdapter - Found static initializer in class org/apache/commons/math3/util/FastMath$lnMant
17:26:22.831 [main] INFO org.evosuite.runtime.instrumentation.EvoClassLoader - Keeping class: org.apache.commons.math3.util.FastMath$lnMant
17:26:22.832 [main] INFO org.evosuite.runtime.instrumentation.EvoClassLoader - Seeing class for first time: org.apache.commons.math3.analysis.differentiation.DSCompiler
17:26:22.832 [main] INFO org.evosuite.runtime.instrumentation.EvoClassLoader - Instrumenting class 'org.apache.commons.math3.analysis.differentiation.DSCompiler'.
17:26:22.833 [main] INFO org.evosuite.runtime.instrumentation.MethodCallReplacementClassAdapter - Adding mock interface to class org/apache/commons/math3/analysis/differentiation/DSCompiler
17:26:22.853 [main] INFO org.evosuite.runtime.instrumentation.CreateClassResetClassAdapter - Found static initializer in class org/apache/commons/math3/analysis/differentiation/DSCompiler
17:26:22.853 [main] INFO org.evosuite.runtime.instrumentation.EvoClassLoader - Keeping class: org.apache.commons.math3.analysis.differentiation.DSCompiler
17:26:22.854 [main] INFO org.evosuite.runtime.instrumentation.EvoClassLoader - Seeing class for first time: org.apache.commons.math3.exception.NumberIsTooLargeException
17:26:22.854 [main] INFO org.evosuite.runtime.instrumentation.EvoClassLoader - Instrumenting class 'org.apache.commons.math3.exception.NumberIsTooLargeException'.
17:26:22.855 [main] INFO org.evosuite.runtime.instrumentation.MethodCallReplacementClassAdapter - Adding mock interface to class org/apache/commons/math3/exception/NumberIsTooLargeException
17:26:22.856 [main] INFO org.evosuite.runtime.instrumentation.CreateClassResetClassAdapter - Creating brand-new static initializer in class org/apache/commons/math3/exception/NumberIsTooLargeException
17:26:22.856 [main] INFO org.evosuite.runtime.instrumentation.EvoClassLoader - Keeping class: org.apache.commons.math3.exception.NumberIsTooLargeException
17:26:22.856 [main] INFO org.evosuite.runtime.instrumentation.EvoClassLoader - Seeing class for first time: org.apache.commons.math3.util.FastMath$ExpFracTable
17:26:22.856 [main] INFO org.evosuite.runtime.instrumentation.EvoClassLoader - Instrumenting class 'org.apache.commons.math3.util.FastMath$ExpFracTable'.
17:26:22.857 [main] INFO org.evosuite.runtime.instrumentation.MethodCallReplacementClassAdapter - Adding mock interface to class org/apache/commons/math3/util/FastMath$ExpFracTable
17:26:22.857 [main] INFO org.evosuite.runtime.instrumentation.CreateClassResetClassAdapter - Found static initializer in class org/apache/commons/math3/util/FastMath$ExpFracTable
17:26:22.857 [main] INFO org.evosuite.runtime.instrumentation.EvoClassLoader - Keeping class: org.apache.commons.math3.util.FastMath$ExpFracTable
17:26:22.857 [main] INFO org.evosuite.runtime.instrumentation.EvoClassLoader - Seeing class for first time: org.apache.commons.math3.util.FastMath$CodyWaite
17:26:22.857 [main] INFO org.evosuite.runtime.instrumentation.EvoClassLoader - Instrumenting class 'org.apache.commons.math3.util.FastMath$CodyWaite'.
17:26:22.858 [main] INFO org.evosuite.runtime.instrumentation.MethodCallReplacementClassAdapter - Adding mock interface to class org/apache/commons/math3/util/FastMath$CodyWaite
17:26:22.858 [main] INFO org.evosuite.runtime.instrumentation.CreateClassResetClassAdapter - Creating brand-new static initializer in class org/apache/commons/math3/util/FastMath$CodyWaite
17:26:22.858 [main] INFO org.evosuite.runtime.instrumentation.EvoClassLoader - Keeping class: org.apache.commons.math3.util.FastMath$CodyWaite
17:26:22.858 [main] INFO org.evosuite.runtime.instrumentation.EvoClassLoader - Seeing class for first time: org.apache.commons.math3.exception.util.LocalizedFormats
17:26:22.858 [main] INFO org.evosuite.runtime.instrumentation.EvoClassLoader - Instrumenting class 'org.apache.commons.math3.exception.util.LocalizedFormats'.
17:26:22.859 [main] INFO org.evosuite.runtime.instrumentation.MethodCallReplacementClassAdapter - Adding mock interface to class org/apache/commons/math3/exception/util/LocalizedFormats
17:26:22.861 [main] INFO org.evosuite.runtime.instrumentation.CreateClassResetClassAdapter - Found static initializer in class org/apache/commons/math3/exception/util/LocalizedFormats
17:26:22.866 [main] INFO org.evosuite.runtime.instrumentation.EvoClassLoader - Keeping class: org.apache.commons.math3.exception.util.LocalizedFormats
17:26:22.871 [main] INFO org.evosuite.runtime.instrumentation.EvoClassLoader - Seeing class for first time: org.apache.commons.math3.util.FastMath
17:26:22.871 [main] INFO org.evosuite.runtime.instrumentation.EvoClassLoader - Instrumenting class 'org.apache.commons.math3.util.FastMath'.
17:26:22.872 [main] INFO org.evosuite.runtime.instrumentation.MethodCallReplacementClassAdapter - Adding mock interface to class org/apache/commons/math3/util/FastMath
17:26:22.877 [main] INFO org.evosuite.runtime.instrumentation.CreateClassResetClassAdapter - Found static initializer in class org/apache/commons/math3/util/FastMath
17:26:22.878 [main] INFO org.evosuite.runtime.instrumentation.EvoClassLoader - Keeping class: org.apache.commons.math3.util.FastMath
17:26:22.881 [main] INFO org.evosuite.runtime.instrumentation.EvoClassLoader - Seeing class for first time: org.apache.commons.math3.exception.util.ExceptionContext
17:26:22.881 [main] INFO org.evosuite.runtime.instrumentation.EvoClassLoader - Instrumenting class 'org.apache.commons.math3.exception.util.ExceptionContext'.
17:26:22.882 [main] INFO org.evosuite.runtime.instrumentation.MethodCallReplacementClassAdapter - Adding mock interface to class org/apache/commons/math3/exception/util/ExceptionContext
17:26:22.882 [main] INFO org.evosuite.runtime.instrumentation.CreateClassResetClassAdapter - Creating brand-new static initializer in class org/apache/commons/math3/exception/util/ExceptionContext
17:26:22.883 [main] INFO org.evosuite.runtime.instrumentation.EvoClassLoader - Keeping class: org.apache.commons.math3.exception.util.ExceptionContext
17:26:22.883 [main] INFO org.evosuite.runtime.instrumentation.EvoClassLoader - Seeing class for first time: org.apache.commons.math3.util.ArithmeticUtils
17:26:22.883 [main] INFO org.evosuite.runtime.instrumentation.EvoClassLoader - Instrumenting class 'org.apache.commons.math3.util.ArithmeticUtils'.
17:26:22.884 [main] INFO org.evosuite.runtime.instrumentation.MethodCallReplacementClassAdapter - Adding mock interface to class org/apache/commons/math3/util/ArithmeticUtils
17:26:22.885 [main] INFO org.evosuite.runtime.instrumentation.CreateClassResetClassAdapter - Found static initializer in class org/apache/commons/math3/util/ArithmeticUtils
17:26:22.886 [main] INFO org.evosuite.runtime.instrumentation.EvoClassLoader - Keeping class: org.apache.commons.math3.util.ArithmeticUtils
17:26:22.887 [main] INFO org.evosuite.runtime.instrumentation.EvoClassLoader - Seeing class for first time: org.apache.commons.math3.analysis.differentiation.DerivativeStructure
17:26:22.887 [main] INFO org.evosuite.runtime.instrumentation.EvoClassLoader - Instrumenting class 'org.apache.commons.math3.analysis.differentiation.DerivativeStructure'.
17:26:22.887 [main] INFO org.evosuite.runtime.instrumentation.MethodCallReplacementClassAdapter - Adding mock interface to class org/apache/commons/math3/analysis/differentiation/DerivativeStructure
17:26:22.888 [main] INFO org.evosuite.runtime.instrumentation.CreateClassResetClassAdapter - Creating brand-new static initializer in class org/apache/commons/math3/analysis/differentiation/DerivativeStructure
17:26:22.888 [main] INFO org.evosuite.runtime.instrumentation.EvoClassLoader - Seeing class for first time: org.apache.commons.math3.FieldElement
17:26:22.889 [main] INFO org.evosuite.runtime.instrumentation.EvoClassLoader - Instrumenting class 'org.apache.commons.math3.FieldElement'.
17:26:22.889 [main] INFO org.evosuite.runtime.instrumentation.EvoClassLoader - Defined package (3): package org.apache.commons.math3, -898793265
17:26:22.889 [main] INFO org.evosuite.runtime.instrumentation.EvoClassLoader - Keeping class: org.apache.commons.math3.FieldElement
17:26:22.889 [main] INFO org.evosuite.runtime.instrumentation.EvoClassLoader - Keeping class: org.apache.commons.math3.analysis.differentiation.DerivativeStructure
17:26:22.889 [main] INFO org.evosuite.runtime.instrumentation.EvoClassLoader - Seeing class for first time: org.apache.commons.math3.util.MathArrays$OrderDirection
17:26:22.889 [main] INFO org.evosuite.runtime.instrumentation.EvoClassLoader - Instrumenting class 'org.apache.commons.math3.util.MathArrays$OrderDirection'.
17:26:22.889 [main] INFO org.evosuite.runtime.instrumentation.MethodCallReplacementClassAdapter - Adding mock interface to class org/apache/commons/math3/util/MathArrays$OrderDirection
17:26:22.889 [main] INFO org.evosuite.runtime.instrumentation.CreateClassResetClassAdapter - Found static initializer in class org/apache/commons/math3/util/MathArrays$OrderDirection
17:26:22.890 [main] INFO org.evosuite.runtime.instrumentation.EvoClassLoader - Keeping class: org.apache.commons.math3.util.MathArrays$OrderDirection
.17:26:22.899 [main] INFO org.evosuite.runtime.instrumentation.EvoClassLoader - Seeing class for first time: org.apache.commons.math3.util.Precision
17:26:22.899 [main] INFO org.evosuite.runtime.instrumentation.EvoClassLoader - Instrumenting class 'org.apache.commons.math3.util.Precision'.
17:26:22.899 [main] INFO org.evosuite.runtime.instrumentation.MethodCallReplacementClassAdapter - Adding mock interface to class org/apache/commons/math3/util/Precision
17:26:22.900 [main] INFO org.evosuite.runtime.instrumentation.CreateClassResetClassAdapter - Found static initializer in class org/apache/commons/math3/util/Precision
17:26:22.900 [main] INFO org.evosuite.runtime.instrumentation.EvoClassLoader - Keeping class: org.apache.commons.math3.util.Precision
................E.............................................E..................................................................E..................................E............................................E..E.................E.......................................E.........................................................................................E...................E......................E..............................................................E....................................................................E..............................................E...........E.......................................................E................................E..................................................................E.................E.................17:26:24.228 [main] INFO org.evosuite.runtime.thread.ThreadStopper - Found new thread

Time: 1.629
There were 19 failures:
1) test_0074(org.apache.commons.math3.analysis.differentiation.DSCompiler_ESTest)
java.lang.AssertionError: expected:<NaN> but was:<0.0>
	at org.junit.Assert.fail(Assert.java:89)
	at org.junit.Assert.failNotEquals(Assert.java:835)
	at org.junit.Assert.assertEquals(Assert.java:555)
	at org.junit.Assert.assertEquals(Assert.java:685)
	at org.apache.commons.math3.analysis.differentiation.DSCompiler_ESTest.test_0074(DSCompiler_ESTest.java:1022)
2) test_0052(org.apache.commons.math3.analysis.differentiation.DSCompiler_ESTest)
java.lang.ArrayIndexOutOfBoundsException: 3
	at org.apache.commons.math3.analysis.differentiation.DSCompiler.pow(DSCompiler.java:894)
	at org.apache.commons.math3.analysis.differentiation.DSCompiler.divide(DSCompiler.java:797)
	at org.apache.commons.math3.analysis.differentiation.DSCompiler.atan2(DSCompiler.java:1398)
	at org.apache.commons.math3.analysis.differentiation.DSCompiler_ESTest.test_0052(DSCompiler_ESTest.java:748)
3) test_0716(org.apache.commons.math3.analysis.differentiation.DSCompiler_ESTest)
java.lang.ArrayIndexOutOfBoundsException: -665
	at org.apache.commons.math3.analysis.differentiation.DSCompiler.multiply(DSCompiler.java:775)
	at org.apache.commons.math3.analysis.differentiation.DSCompiler.atan2(DSCompiler.java:1388)
	at org.apache.commons.math3.analysis.differentiation.DSCompiler_ESTest.test_0716(DSCompiler_ESTest.java:9479)
4) test_0512(org.apache.commons.math3.analysis.differentiation.DSCompiler_ESTest)
java.lang.AssertionError: expected:<NaN> but was:<0.0>
	at org.junit.Assert.fail(Assert.java:89)
	at org.junit.Assert.failNotEquals(Assert.java:835)
	at org.junit.Assert.assertEquals(Assert.java:555)
	at org.junit.Assert.assertEquals(Assert.java:685)
	at org.apache.commons.math3.analysis.differentiation.DSCompiler_ESTest.test_0512(DSCompiler_ESTest.java:6759)
5) test_0735(org.apache.commons.math3.analysis.differentiation.DSCompiler_ESTest)
java.lang.ArrayIndexOutOfBoundsException: 2
	at org.apache.commons.math3.analysis.differentiation.DSCompiler.compose(DSCompiler.java:1720)
	at org.apache.commons.math3.analysis.differentiation.DSCompiler.pow(DSCompiler.java:909)
	at org.apache.commons.math3.analysis.differentiation.DSCompiler.divide(DSCompiler.java:797)
	at org.apache.commons.math3.analysis.differentiation.DSCompiler.atan2(DSCompiler.java:1398)
	at org.apache.commons.math3.analysis.differentiation.DSCompiler_ESTest.test_0735(DSCompiler_ESTest.java:9726)
6) test_0736(org.apache.commons.math3.analysis.differentiation.DSCompiler_ESTest)
java.lang.ArrayIndexOutOfBoundsException: 2
	at org.apache.commons.math3.analysis.differentiation.DSCompiler.pow(DSCompiler.java:894)
	at org.apache.commons.math3.analysis.differentiation.DSCompiler.divide(DSCompiler.java:797)
	at org.apache.commons.math3.analysis.differentiation.DSCompiler.atan2(DSCompiler.java:1398)
	at org.apache.commons.math3.analysis.differentiation.DSCompiler_ESTest.test_0736(DSCompiler_ESTest.java:9734)
7) test_0603(org.apache.commons.math3.analysis.differentiation.DSCompiler_ESTest)
java.lang.ArrayIndexOutOfBoundsException: 2278
	at org.apache.commons.math3.analysis.differentiation.DSCompiler.taylor(DSCompiler.java:1738)
	at org.apache.commons.math3.analysis.differentiation.DSCompiler_ESTest.test_0603(DSCompiler_ESTest.java:7962)
8) test_0311(org.apache.commons.math3.analysis.differentiation.DSCompiler_ESTest)
java.lang.AssertionError: expected:<NaN> but was:<0.0>
	at org.junit.Assert.fail(Assert.java:89)
	at org.junit.Assert.failNotEquals(Assert.java:835)
	at org.junit.Assert.assertEquals(Assert.java:555)
	at org.junit.Assert.assertEquals(Assert.java:685)
	at org.apache.commons.math3.analysis.differentiation.DSCompiler_ESTest.test_0311(DSCompiler_ESTest.java:4224)
9) test_0761(org.apache.commons.math3.analysis.differentiation.DSCompiler_ESTest)
java.lang.NullPointerException
	at org.apache.commons.math3.analysis.differentiation.DSCompiler.taylor(DSCompiler.java:1738)
	at org.apache.commons.math3.analysis.differentiation.DSCompiler_ESTest.test_0761(DSCompiler_ESTest.java:10014)
10) test_0521(org.apache.commons.math3.analysis.differentiation.DSCompiler_ESTest)
java.lang.ArrayIndexOutOfBoundsException: 6
	at org.apache.commons.math3.analysis.differentiation.DSCompiler.compose(DSCompiler.java:1720)
	at org.apache.commons.math3.analysis.differentiation.DSCompiler.pow(DSCompiler.java:909)
	at org.apache.commons.math3.analysis.differentiation.DSCompiler.divide(DSCompiler.java:797)
	at org.apache.commons.math3.analysis.differentiation.DSCompiler.atan2(DSCompiler.java:1398)
	at org.apache.commons.math3.analysis.differentiation.DSCompiler_ESTest.test_0521(DSCompiler_ESTest.java:6867)
11) test_0231(org.apache.commons.math3.analysis.differentiation.DSCompiler_ESTest)
java.lang.AssertionError: expected:<NaN> but was:<0.0>
	at org.junit.Assert.fail(Assert.java:89)
	at org.junit.Assert.failNotEquals(Assert.java:835)
	at org.junit.Assert.assertEquals(Assert.java:555)
	at org.junit.Assert.assertEquals(Assert.java:685)
	at org.apache.commons.math3.analysis.differentiation.DSCompiler_ESTest.test_0231(DSCompiler_ESTest.java:3116)
12) test_0580(org.apache.commons.math3.analysis.differentiation.DSCompiler_ESTest)
java.lang.ArrayIndexOutOfBoundsException: 1
	at org.apache.commons.math3.analysis.differentiation.DSCompiler.pow(DSCompiler.java:894)
	at org.apache.commons.math3.analysis.differentiation.DSCompiler.divide(DSCompiler.java:797)
	at org.apache.commons.math3.analysis.differentiation.DSCompiler.atan2(DSCompiler.java:1398)
	at org.apache.commons.math3.analysis.differentiation.DSCompiler_ESTest.test_0580(DSCompiler_ESTest.java:7690)
13) test_0213(org.apache.commons.math3.analysis.differentiation.DSCompiler_ESTest)
arrays first differed at element [0]; expected:<0.0> but was:<NaN>
	at org.junit.internal.ComparisonCriteria.arrayEquals(ComparisonCriteria.java:78)
	at org.junit.internal.ComparisonCriteria.arrayEquals(ComparisonCriteria.java:28)
	at org.junit.Assert.assertArrayEquals(Assert.java:471)
	at org.junit.Assert.assertArrayEquals(Assert.java:485)
	at org.apache.commons.math3.analysis.differentiation.DSCompiler_ESTest.test_0213(DSCompiler_ESTest.java:2889)
	... 11 trimmed
Caused by: java.lang.AssertionError: expected:<0.0> but was:<NaN>
	at org.junit.Assert.fail(Assert.java:89)
	at org.junit.Assert.failNotEquals(Assert.java:835)
	at org.junit.Assert.assertEquals(Assert.java:555)
	at org.junit.Assert.assertEquals(Assert.java:685)
	at org.junit.internal.InexactComparisonCriteria.assertElementsEqual(InexactComparisonCriteria.java:19)
	at org.junit.internal.ComparisonCriteria.arrayEquals(ComparisonCriteria.java:76)
	... 16 more
14) test_0443(org.apache.commons.math3.analysis.differentiation.DSCompiler_ESTest)
java.lang.AssertionError: expected:<NaN> but was:<0.0>
	at org.junit.Assert.fail(Assert.java:89)
	at org.junit.Assert.failNotEquals(Assert.java:835)
	at org.junit.Assert.assertEquals(Assert.java:555)
	at org.junit.Assert.assertEquals(Assert.java:685)
	at org.apache.commons.math3.analysis.differentiation.DSCompiler_ESTest.test_0443(DSCompiler_ESTest.java:5860)
15) test_0566(org.apache.commons.math3.analysis.differentiation.DSCompiler_ESTest)
java.lang.ArrayIndexOutOfBoundsException: 15
	at org.apache.commons.math3.analysis.differentiation.DSCompiler.multiply(DSCompiler.java:775)
	at org.apache.commons.math3.analysis.differentiation.DSCompiler.atan2(DSCompiler.java:1388)
	at org.apache.commons.math3.analysis.differentiation.DSCompiler_ESTest.test_0566(DSCompiler_ESTest.java:7504)
16) test_0385(org.apache.commons.math3.analysis.differentiation.DSCompiler_ESTest)
java.lang.ArrayIndexOutOfBoundsException: 5
	at org.apache.commons.math3.analysis.differentiation.DSCompiler.taylor(DSCompiler.java:1738)
	at org.apache.commons.math3.analysis.differentiation.DSCompiler_ESTest.test_0385(DSCompiler_ESTest.java:5183)
17) test_0149(org.apache.commons.math3.analysis.differentiation.DSCompiler_ESTest)
java.lang.ArrayIndexOutOfBoundsException: 11
	at org.apache.commons.math3.analysis.differentiation.DSCompiler.taylor(DSCompiler.java:1738)
	at org.apache.commons.math3.analysis.differentiation.DSCompiler_ESTest.test_0149(DSCompiler_ESTest.java:2007)
18) test_0123(org.apache.commons.math3.analysis.differentiation.DSCompiler_ESTest)
arrays first differed at element [0]; expected:<0.0> but was:<NaN>
	at org.junit.internal.ComparisonCriteria.arrayEquals(ComparisonCriteria.java:78)
	at org.junit.internal.ComparisonCriteria.arrayEquals(ComparisonCriteria.java:28)
	at org.junit.Assert.assertArrayEquals(Assert.java:471)
	at org.junit.Assert.assertArrayEquals(Assert.java:485)
	at org.apache.commons.math3.analysis.differentiation.DSCompiler_ESTest.test_0123(DSCompiler_ESTest.java:1715)
	... 11 trimmed
Caused by: java.lang.AssertionError: expected:<0.0> but was:<NaN>
	at org.junit.Assert.fail(Assert.java:89)
	at org.junit.Assert.failNotEquals(Assert.java:835)
	at org.junit.Assert.assertEquals(Assert.java:555)
	at org.junit.Assert.assertEquals(Assert.java:685)
	at org.junit.internal.InexactComparisonCriteria.assertElementsEqual(InexactComparisonCriteria.java:19)
	at org.junit.internal.ComparisonCriteria.arrayEquals(ComparisonCriteria.java:76)
	... 16 more
19) test_0124(org.apache.commons.math3.analysis.differentiation.DSCompiler_ESTest)
arrays first differed at element [0]; expected:<0.0> but was:<NaN>
	at org.junit.internal.ComparisonCriteria.arrayEquals(ComparisonCriteria.java:78)
	at org.junit.internal.ComparisonCriteria.arrayEquals(ComparisonCriteria.java:28)
	at org.junit.Assert.assertArrayEquals(Assert.java:471)
	at org.junit.Assert.assertArrayEquals(Assert.java:485)
	at org.apache.commons.math3.analysis.differentiation.DSCompiler_ESTest.test_0124(DSCompiler_ESTest.java:1723)
	... 11 trimmed
Caused by: java.lang.AssertionError: expected:<0.0> but was:<NaN>
	at org.junit.Assert.fail(Assert.java:89)
	at org.junit.Assert.failNotEquals(Assert.java:835)
	at org.junit.Assert.assertEquals(Assert.java:555)
	at org.junit.Assert.assertEquals(Assert.java:685)
	at org.junit.internal.InexactComparisonCriteria.assertElementsEqual(InexactComparisonCriteria.java:19)
	at org.junit.internal.ComparisonCriteria.arrayEquals(ComparisonCriteria.java:76)
	... 16 more

FAILURES!!!
Tests run: 768,  Failures: 19

