JUnit version 4.13.2
17:26:07.601 [main] INFO org.evosuite.runtime.instrumentation.EvoClassLoader - Seeing class for first time: org.apache.commons.math3.analysis.differentiation.DSCompiler_ESTest
17:26:07.602 [main] INFO org.evosuite.runtime.instrumentation.EvoClassLoader - Instrumenting class 'org.apache.commons.math3.analysis.differentiation.DSCompiler_ESTest'.
17:26:07.713 [main] INFO org.evosuite.runtime.instrumentation.EvoClassLoader - Seeing class for first time: org.apache.commons.math3.analysis.differentiation.DSCompiler_ESTest_scaffolding
17:26:07.713 [main] INFO org.evosuite.runtime.instrumentation.EvoClassLoader - Instrumenting class 'org.apache.commons.math3.analysis.differentiation.DSCompiler_ESTest_scaffolding'.
17:26:07.714 [main] INFO org.evosuite.runtime.instrumentation.EvoClassLoader - Keeping class: org.apache.commons.math3.analysis.differentiation.DSCompiler_ESTest_scaffolding
17:26:07.715 [main] INFO org.evosuite.runtime.instrumentation.EvoClassLoader - Keeping class: org.apache.commons.math3.analysis.differentiation.DSCompiler_ESTest
17:26:07.891 [main] DEBUG org.evosuite.runtime.sandbox.MSecurityManager - Adding privileged thread: "Reference Handler"
17:26:07.892 [main] DEBUG org.evosuite.runtime.sandbox.MSecurityManager - Adding privileged thread: "Finalizer"
17:26:07.892 [main] DEBUG org.evosuite.runtime.sandbox.MSecurityManager - Adding privileged thread: "Signal Dispatcher"
17:26:07.892 [main] DEBUG org.evosuite.runtime.sandbox.MSecurityManager - Adding privileged thread: "Java2D Disposer"
17:26:07.892 [main] DEBUG org.evosuite.runtime.sandbox.MSecurityManager - Adding privileged thread: "AWT-XAWT"
17:26:07.892 [main] DEBUG org.evosuite.runtime.sandbox.MSecurityManager - Adding privileged thread: "main"
17:26:07.913 [main] INFO org.evosuite.runtime.instrumentation.EvoClassLoader - Seeing class for first time: org.apache.commons.math3.exception.util.ExceptionContextProvider
17:26:07.913 [main] INFO org.evosuite.runtime.instrumentation.EvoClassLoader - Instrumenting class 'org.apache.commons.math3.exception.util.ExceptionContextProvider'.
17:26:07.938 [main] INFO org.evosuite.runtime.instrumentation.EvoClassLoader - Defined package (3): package org.apache.commons.math3.exception.util, -505269952
17:26:07.938 [main] INFO org.evosuite.runtime.instrumentation.EvoClassLoader - Keeping class: org.apache.commons.math3.exception.util.ExceptionContextProvider
17:26:07.938 [main] INFO org.evosuite.runtime.instrumentation.EvoClassLoader - Seeing class for first time: org.apache.commons.math3.util.MathArrays
17:26:07.938 [main] INFO org.evosuite.runtime.instrumentation.EvoClassLoader - Instrumenting class 'org.apache.commons.math3.util.MathArrays'.
17:26:07.939 [main] INFO org.evosuite.runtime.instrumentation.MethodCallReplacementClassAdapter - Adding mock interface to class org/apache/commons/math3/util/MathArrays
17:26:07.987 [main] INFO org.evosuite.runtime.instrumentation.CreateClassResetClassAdapter - Creating brand-new static initializer in class org/apache/commons/math3/util/MathArrays
17:26:07.987 [main] INFO org.evosuite.runtime.instrumentation.CreateClassResetClassAdapter - Adding bytecode for initializing field SPLIT_FACTOR
17:26:07.988 [main] INFO org.evosuite.runtime.instrumentation.EvoClassLoader - Defined package (3): package org.apache.commons.math3.util, -2114137663
17:26:07.988 [main] INFO org.evosuite.runtime.instrumentation.EvoClassLoader - Keeping class: org.apache.commons.math3.util.MathArrays
17:26:07.988 [main] INFO org.evosuite.runtime.instrumentation.EvoClassLoader - Seeing class for first time: org.apache.commons.math3.exception.util.Localizable
17:26:07.988 [main] INFO org.evosuite.runtime.instrumentation.EvoClassLoader - Instrumenting class 'org.apache.commons.math3.exception.util.Localizable'.
17:26:07.989 [main] INFO org.evosuite.runtime.instrumentation.EvoClassLoader - Keeping class: org.apache.commons.math3.exception.util.Localizable
17:26:07.989 [main] INFO org.evosuite.runtime.instrumentation.EvoClassLoader - Seeing class for first time: org.apache.commons.math3.exception.MathIllegalArgumentException
17:26:07.989 [main] INFO org.evosuite.runtime.instrumentation.EvoClassLoader - Instrumenting class 'org.apache.commons.math3.exception.MathIllegalArgumentException'.
17:26:07.989 [main] INFO org.evosuite.runtime.instrumentation.MethodCallReplacementClassAdapter - Adding mock interface to class org/apache/commons/math3/exception/MathIllegalArgumentException
17:26:07.990 [main] INFO org.evosuite.runtime.instrumentation.CreateClassResetClassAdapter - Creating brand-new static initializer in class org/apache/commons/math3/exception/MathIllegalArgumentException
17:26:07.990 [main] INFO org.evosuite.runtime.instrumentation.EvoClassLoader - Defined package (3): package org.apache.commons.math3.exception, 1643916784
17:26:07.990 [main] INFO org.evosuite.runtime.instrumentation.EvoClassLoader - Keeping class: org.apache.commons.math3.exception.MathIllegalArgumentException
17:26:07.990 [main] INFO org.evosuite.runtime.instrumentation.EvoClassLoader - Seeing class for first time: org.apache.commons.math3.exception.MathArithmeticException
17:26:07.990 [main] INFO org.evosuite.runtime.instrumentation.EvoClassLoader - Instrumenting class 'org.apache.commons.math3.exception.MathArithmeticException'.
17:26:07.990 [main] INFO org.evosuite.runtime.instrumentation.MethodCallReplacementClassAdapter - Adding mock interface to class org/apache/commons/math3/exception/MathArithmeticException
17:26:07.991 [main] INFO org.evosuite.runtime.instrumentation.CreateClassResetClassAdapter - Creating brand-new static initializer in class org/apache/commons/math3/exception/MathArithmeticException
17:26:07.991 [main] INFO org.evosuite.runtime.instrumentation.EvoClassLoader - Keeping class: org.apache.commons.math3.exception.MathArithmeticException
17:26:07.991 [main] INFO org.evosuite.runtime.instrumentation.EvoClassLoader - Seeing class for first time: org.apache.commons.math3.exception.NullArgumentException
17:26:07.991 [main] INFO org.evosuite.runtime.instrumentation.EvoClassLoader - Instrumenting class 'org.apache.commons.math3.exception.NullArgumentException'.
17:26:07.991 [main] INFO org.evosuite.runtime.instrumentation.MethodCallReplacementClassAdapter - Adding mock interface to class org/apache/commons/math3/exception/NullArgumentException
17:26:07.992 [main] INFO org.evosuite.runtime.instrumentation.CreateClassResetClassAdapter - Creating brand-new static initializer in class org/apache/commons/math3/exception/NullArgumentException
17:26:07.992 [main] INFO org.evosuite.runtime.instrumentation.EvoClassLoader - Keeping class: org.apache.commons.math3.exception.NullArgumentException
17:26:07.992 [main] INFO org.evosuite.runtime.instrumentation.EvoClassLoader - Seeing class for first time: org.apache.commons.math3.exception.DimensionMismatchException
17:26:07.992 [main] INFO org.evosuite.runtime.instrumentation.EvoClassLoader - Instrumenting class 'org.apache.commons.math3.exception.DimensionMismatchException'.
17:26:07.992 [main] INFO org.evosuite.runtime.instrumentation.MethodCallReplacementClassAdapter - Adding mock interface to class org/apache/commons/math3/exception/DimensionMismatchException
17:26:07.993 [main] INFO org.evosuite.runtime.instrumentation.CreateClassResetClassAdapter - Creating brand-new static initializer in class org/apache/commons/math3/exception/DimensionMismatchException
17:26:07.993 [main] INFO org.evosuite.runtime.instrumentation.EvoClassLoader - Seeing class for first time: org.apache.commons.math3.exception.MathIllegalNumberException
17:26:07.993 [main] INFO org.evosuite.runtime.instrumentation.EvoClassLoader - Instrumenting class 'org.apache.commons.math3.exception.MathIllegalNumberException'.
17:26:07.994 [main] INFO org.evosuite.runtime.instrumentation.MethodCallReplacementClassAdapter - Adding mock interface to class org/apache/commons/math3/exception/MathIllegalNumberException
17:26:07.994 [main] INFO org.evosuite.runtime.instrumentation.CreateClassResetClassAdapter - Creating brand-new static initializer in class org/apache/commons/math3/exception/MathIllegalNumberException
17:26:07.994 [main] INFO org.evosuite.runtime.instrumentation.EvoClassLoader - Keeping class: org.apache.commons.math3.exception.MathIllegalNumberException
17:26:07.994 [main] INFO org.evosuite.runtime.instrumentation.EvoClassLoader - Keeping class: org.apache.commons.math3.exception.DimensionMismatchException
17:26:07.994 [main] INFO org.evosuite.runtime.instrumentation.EvoClassLoader - Seeing class for first time: org.apache.commons.math3.exception.NotPositiveException
17:26:07.994 [main] INFO org.evosuite.runtime.instrumentation.EvoClassLoader - Instrumenting class 'org.apache.commons.math3.exception.NotPositiveException'.
17:26:07.995 [main] INFO org.evosuite.runtime.instrumentation.MethodCallReplacementClassAdapter - Adding mock interface to class org/apache/commons/math3/exception/NotPositiveException
17:26:07.995 [main] INFO org.evosuite.runtime.instrumentation.CreateClassResetClassAdapter - Creating brand-new static initializer in class org/apache/commons/math3/exception/NotPositiveException
17:26:07.995 [main] INFO org.evosuite.runtime.instrumentation.EvoClassLoader - Seeing class for first time: org.apache.commons.math3.exception.NumberIsTooSmallException
17:26:07.995 [main] INFO org.evosuite.runtime.instrumentation.EvoClassLoader - Instrumenting class 'org.apache.commons.math3.exception.NumberIsTooSmallException'.
17:26:07.996 [main] INFO org.evosuite.runtime.instrumentation.MethodCallReplacementClassAdapter - Adding mock interface to class org/apache/commons/math3/exception/NumberIsTooSmallException
17:26:07.996 [main] INFO org.evosuite.runtime.instrumentation.CreateClassResetClassAdapter - Creating brand-new static initializer in class org/apache/commons/math3/exception/NumberIsTooSmallException
17:26:07.997 [main] INFO org.evosuite.runtime.instrumentation.EvoClassLoader - Keeping class: org.apache.commons.math3.exception.NumberIsTooSmallException
17:26:07.997 [main] INFO org.evosuite.runtime.instrumentation.EvoClassLoader - Keeping class: org.apache.commons.math3.exception.NotPositiveException
17:26:07.997 [main] INFO org.evosuite.runtime.instrumentation.EvoClassLoader - Seeing class for first time: org.apache.commons.math3.exception.NotStrictlyPositiveException
17:26:07.997 [main] INFO org.evosuite.runtime.instrumentation.EvoClassLoader - Instrumenting class 'org.apache.commons.math3.exception.NotStrictlyPositiveException'.
17:26:07.997 [main] INFO org.evosuite.runtime.instrumentation.MethodCallReplacementClassAdapter - Adding mock interface to class org/apache/commons/math3/exception/NotStrictlyPositiveException
17:26:07.998 [main] INFO org.evosuite.runtime.instrumentation.CreateClassResetClassAdapter - Creating brand-new static initializer in class org/apache/commons/math3/exception/NotStrictlyPositiveException
17:26:07.998 [main] INFO org.evosuite.runtime.instrumentation.EvoClassLoader - Keeping class: org.apache.commons.math3.exception.NotStrictlyPositiveException
17:26:07.998 [main] INFO org.evosuite.runtime.instrumentation.EvoClassLoader - Seeing class for first time: org.apache.commons.math3.exception.MathInternalError
17:26:07.998 [main] INFO org.evosuite.runtime.instrumentation.EvoClassLoader - Instrumenting class 'org.apache.commons.math3.exception.MathInternalError'.
17:26:07.998 [main] INFO org.evosuite.runtime.instrumentation.MethodCallReplacementClassAdapter - Adding mock interface to class org/apache/commons/math3/exception/MathInternalError
17:26:07.999 [main] INFO org.evosuite.runtime.instrumentation.CreateClassResetClassAdapter - Creating brand-new static initializer in class org/apache/commons/math3/exception/MathInternalError
17:26:07.999 [main] INFO org.evosuite.runtime.instrumentation.CreateClassResetClassAdapter - Adding bytecode for initializing field REPORT_URL
17:26:07.999 [main] INFO org.evosuite.runtime.instrumentation.EvoClassLoader - Seeing class for first time: org.apache.commons.math3.exception.MathIllegalStateException
17:26:07.999 [main] INFO org.evosuite.runtime.instrumentation.EvoClassLoader - Instrumenting class 'org.apache.commons.math3.exception.MathIllegalStateException'.
17:26:07.999 [main] INFO org.evosuite.runtime.instrumentation.MethodCallReplacementClassAdapter - Adding mock interface to class org/apache/commons/math3/exception/MathIllegalStateException
17:26:08.004 [main] INFO org.evosuite.runtime.instrumentation.CreateClassResetClassAdapter - Creating brand-new static initializer in class org/apache/commons/math3/exception/MathIllegalStateException
17:26:08.004 [main] INFO org.evosuite.runtime.instrumentation.EvoClassLoader - Keeping class: org.apache.commons.math3.exception.MathIllegalStateException
17:26:08.004 [main] INFO org.evosuite.runtime.instrumentation.EvoClassLoader - Keeping class: org.apache.commons.math3.exception.MathInternalError
17:26:08.004 [main] INFO org.evosuite.runtime.instrumentation.EvoClassLoader - Seeing class for first time: org.apache.commons.math3.exception.NonMonotonicSequenceException
17:26:08.004 [main] INFO org.evosuite.runtime.instrumentation.EvoClassLoader - Instrumenting class 'org.apache.commons.math3.exception.NonMonotonicSequenceException'.
17:26:08.004 [main] INFO org.evosuite.runtime.instrumentation.MethodCallReplacementClassAdapter - Adding mock interface to class org/apache/commons/math3/exception/NonMonotonicSequenceException
17:26:08.005 [main] INFO org.evosuite.runtime.instrumentation.CreateClassResetClassAdapter - Creating brand-new static initializer in class org/apache/commons/math3/exception/NonMonotonicSequenceException
17:26:08.005 [main] INFO org.evosuite.runtime.instrumentation.EvoClassLoader - Keeping class: org.apache.commons.math3.exception.NonMonotonicSequenceException
17:26:08.006 [main] INFO org.evosuite.runtime.instrumentation.EvoClassLoader - Seeing class for first time: org.apache.commons.math3.exception.util.ArgUtils
17:26:08.006 [main] INFO org.evosuite.runtime.instrumentation.EvoClassLoader - Instrumenting class 'org.apache.commons.math3.exception.util.ArgUtils'.
17:26:08.006 [main] INFO org.evosuite.runtime.instrumentation.MethodCallReplacementClassAdapter - Adding mock interface to class org/apache/commons/math3/exception/util/ArgUtils
17:26:08.007 [main] INFO org.evosuite.runtime.instrumentation.CreateClassResetClassAdapter - Creating brand-new static initializer in class org/apache/commons/math3/exception/util/ArgUtils
17:26:08.007 [main] INFO org.evosuite.runtime.instrumentation.EvoClassLoader - Keeping class: org.apache.commons.math3.exception.util.ArgUtils
17:26:08.008 [main] INFO org.evosuite.runtime.instrumentation.EvoClassLoader - Seeing class for first time: org.apache.commons.math3.util.FastMath$ExpIntTable
17:26:08.008 [main] INFO org.evosuite.runtime.instrumentation.EvoClassLoader - Instrumenting class 'org.apache.commons.math3.util.FastMath$ExpIntTable'.
17:26:08.008 [main] INFO org.evosuite.runtime.instrumentation.MethodCallReplacementClassAdapter - Adding mock interface to class org/apache/commons/math3/util/FastMath$ExpIntTable
17:26:08.008 [main] INFO org.evosuite.runtime.instrumentation.CreateClassResetClassAdapter - Found static initializer in class org/apache/commons/math3/util/FastMath$ExpIntTable
17:26:08.009 [main] INFO org.evosuite.runtime.instrumentation.EvoClassLoader - Keeping class: org.apache.commons.math3.util.FastMath$ExpIntTable
17:26:08.009 [main] INFO org.evosuite.runtime.instrumentation.EvoClassLoader - Seeing class for first time: org.apache.commons.math3.util.FastMathLiteralArrays
17:26:08.009 [main] INFO org.evosuite.runtime.instrumentation.EvoClassLoader - Instrumenting class 'org.apache.commons.math3.util.FastMathLiteralArrays'.
17:26:08.011 [main] INFO org.evosuite.runtime.instrumentation.MethodCallReplacementClassAdapter - Adding mock interface to class org/apache/commons/math3/util/FastMathLiteralArrays
17:26:08.011 [main] INFO org.evosuite.runtime.instrumentation.CreateClassResetClassAdapter - Found static initializer in class org/apache/commons/math3/util/FastMathLiteralArrays
17:26:08.018 [main] INFO org.evosuite.runtime.instrumentation.EvoClassLoader - Keeping class: org.apache.commons.math3.util.FastMathLiteralArrays
17:26:08.035 [main] INFO org.evosuite.runtime.instrumentation.EvoClassLoader - Seeing class for first time: org.apache.commons.math3.util.FastMath$lnMant
17:26:08.035 [main] INFO org.evosuite.runtime.instrumentation.EvoClassLoader - Instrumenting class 'org.apache.commons.math3.util.FastMath$lnMant'.
17:26:08.035 [main] INFO org.evosuite.runtime.instrumentation.MethodCallReplacementClassAdapter - Adding mock interface to class org/apache/commons/math3/util/FastMath$lnMant
17:26:08.037 [main] INFO org.evosuite.runtime.instrumentation.CreateClassResetClassAdapter - Found static initializer in class org/apache/commons/math3/util/FastMath$lnMant
17:26:08.037 [main] INFO org.evosuite.runtime.instrumentation.EvoClassLoader - Keeping class: org.apache.commons.math3.util.FastMath$lnMant
17:26:08.038 [main] INFO org.evosuite.runtime.instrumentation.EvoClassLoader - Seeing class for first time: org.apache.commons.math3.analysis.differentiation.DSCompiler
17:26:08.038 [main] INFO org.evosuite.runtime.instrumentation.EvoClassLoader - Instrumenting class 'org.apache.commons.math3.analysis.differentiation.DSCompiler'.
17:26:08.039 [main] INFO org.evosuite.runtime.instrumentation.MethodCallReplacementClassAdapter - Adding mock interface to class org/apache/commons/math3/analysis/differentiation/DSCompiler
17:26:08.059 [main] INFO org.evosuite.runtime.instrumentation.CreateClassResetClassAdapter - Found static initializer in class org/apache/commons/math3/analysis/differentiation/DSCompiler
17:26:08.059 [main] INFO org.evosuite.runtime.instrumentation.EvoClassLoader - Keeping class: org.apache.commons.math3.analysis.differentiation.DSCompiler
17:26:08.060 [main] INFO org.evosuite.runtime.instrumentation.EvoClassLoader - Seeing class for first time: org.apache.commons.math3.exception.NumberIsTooLargeException
17:26:08.060 [main] INFO org.evosuite.runtime.instrumentation.EvoClassLoader - Instrumenting class 'org.apache.commons.math3.exception.NumberIsTooLargeException'.
17:26:08.060 [main] INFO org.evosuite.runtime.instrumentation.MethodCallReplacementClassAdapter - Adding mock interface to class org/apache/commons/math3/exception/NumberIsTooLargeException
17:26:08.061 [main] INFO org.evosuite.runtime.instrumentation.CreateClassResetClassAdapter - Creating brand-new static initializer in class org/apache/commons/math3/exception/NumberIsTooLargeException
17:26:08.061 [main] INFO org.evosuite.runtime.instrumentation.EvoClassLoader - Keeping class: org.apache.commons.math3.exception.NumberIsTooLargeException
17:26:08.062 [main] INFO org.evosuite.runtime.instrumentation.EvoClassLoader - Seeing class for first time: org.apache.commons.math3.util.FastMath$ExpFracTable
17:26:08.062 [main] INFO org.evosuite.runtime.instrumentation.EvoClassLoader - Instrumenting class 'org.apache.commons.math3.util.FastMath$ExpFracTable'.
17:26:08.062 [main] INFO org.evosuite.runtime.instrumentation.MethodCallReplacementClassAdapter - Adding mock interface to class org/apache/commons/math3/util/FastMath$ExpFracTable
17:26:08.062 [main] INFO org.evosuite.runtime.instrumentation.CreateClassResetClassAdapter - Found static initializer in class org/apache/commons/math3/util/FastMath$ExpFracTable
17:26:08.063 [main] INFO org.evosuite.runtime.instrumentation.EvoClassLoader - Keeping class: org.apache.commons.math3.util.FastMath$ExpFracTable
17:26:08.063 [main] INFO org.evosuite.runtime.instrumentation.EvoClassLoader - Seeing class for first time: org.apache.commons.math3.util.FastMath$CodyWaite
17:26:08.063 [main] INFO org.evosuite.runtime.instrumentation.EvoClassLoader - Instrumenting class 'org.apache.commons.math3.util.FastMath$CodyWaite'.
17:26:08.063 [main] INFO org.evosuite.runtime.instrumentation.MethodCallReplacementClassAdapter - Adding mock interface to class org/apache/commons/math3/util/FastMath$CodyWaite
17:26:08.064 [main] INFO org.evosuite.runtime.instrumentation.CreateClassResetClassAdapter - Creating brand-new static initializer in class org/apache/commons/math3/util/FastMath$CodyWaite
17:26:08.064 [main] INFO org.evosuite.runtime.instrumentation.EvoClassLoader - Keeping class: org.apache.commons.math3.util.FastMath$CodyWaite
17:26:08.064 [main] INFO org.evosuite.runtime.instrumentation.EvoClassLoader - Seeing class for first time: org.apache.commons.math3.exception.util.LocalizedFormats
17:26:08.064 [main] INFO org.evosuite.runtime.instrumentation.EvoClassLoader - Instrumenting class 'org.apache.commons.math3.exception.util.LocalizedFormats'.
17:26:08.065 [main] INFO org.evosuite.runtime.instrumentation.MethodCallReplacementClassAdapter - Adding mock interface to class org/apache/commons/math3/exception/util/LocalizedFormats
17:26:08.067 [main] INFO org.evosuite.runtime.instrumentation.CreateClassResetClassAdapter - Found static initializer in class org/apache/commons/math3/exception/util/LocalizedFormats
17:26:08.073 [main] INFO org.evosuite.runtime.instrumentation.EvoClassLoader - Keeping class: org.apache.commons.math3.exception.util.LocalizedFormats
17:26:08.077 [main] INFO org.evosuite.runtime.instrumentation.EvoClassLoader - Seeing class for first time: org.apache.commons.math3.util.FastMath
17:26:08.077 [main] INFO org.evosuite.runtime.instrumentation.EvoClassLoader - Instrumenting class 'org.apache.commons.math3.util.FastMath'.
17:26:08.079 [main] INFO org.evosuite.runtime.instrumentation.MethodCallReplacementClassAdapter - Adding mock interface to class org/apache/commons/math3/util/FastMath
17:26:08.084 [main] INFO org.evosuite.runtime.instrumentation.CreateClassResetClassAdapter - Found static initializer in class org/apache/commons/math3/util/FastMath
17:26:08.085 [main] INFO org.evosuite.runtime.instrumentation.EvoClassLoader - Keeping class: org.apache.commons.math3.util.FastMath
17:26:08.088 [main] INFO org.evosuite.runtime.instrumentation.EvoClassLoader - Seeing class for first time: org.apache.commons.math3.exception.util.ExceptionContext
17:26:08.088 [main] INFO org.evosuite.runtime.instrumentation.EvoClassLoader - Instrumenting class 'org.apache.commons.math3.exception.util.ExceptionContext'.
17:26:08.089 [main] INFO org.evosuite.runtime.instrumentation.MethodCallReplacementClassAdapter - Adding mock interface to class org/apache/commons/math3/exception/util/ExceptionContext
17:26:08.089 [main] INFO org.evosuite.runtime.instrumentation.CreateClassResetClassAdapter - Creating brand-new static initializer in class org/apache/commons/math3/exception/util/ExceptionContext
17:26:08.090 [main] INFO org.evosuite.runtime.instrumentation.EvoClassLoader - Keeping class: org.apache.commons.math3.exception.util.ExceptionContext
17:26:08.090 [main] INFO org.evosuite.runtime.instrumentation.EvoClassLoader - Seeing class for first time: org.apache.commons.math3.util.ArithmeticUtils
17:26:08.090 [main] INFO org.evosuite.runtime.instrumentation.EvoClassLoader - Instrumenting class 'org.apache.commons.math3.util.ArithmeticUtils'.
17:26:08.091 [main] INFO org.evosuite.runtime.instrumentation.MethodCallReplacementClassAdapter - Adding mock interface to class org/apache/commons/math3/util/ArithmeticUtils
17:26:08.092 [main] INFO org.evosuite.runtime.instrumentation.CreateClassResetClassAdapter - Found static initializer in class org/apache/commons/math3/util/ArithmeticUtils
17:26:08.092 [main] INFO org.evosuite.runtime.instrumentation.EvoClassLoader - Keeping class: org.apache.commons.math3.util.ArithmeticUtils
17:26:08.093 [main] INFO org.evosuite.runtime.instrumentation.EvoClassLoader - Seeing class for first time: org.apache.commons.math3.analysis.differentiation.DerivativeStructure
17:26:08.094 [main] INFO org.evosuite.runtime.instrumentation.EvoClassLoader - Instrumenting class 'org.apache.commons.math3.analysis.differentiation.DerivativeStructure'.
17:26:08.094 [main] INFO org.evosuite.runtime.instrumentation.MethodCallReplacementClassAdapter - Adding mock interface to class org/apache/commons/math3/analysis/differentiation/DerivativeStructure
17:26:08.095 [main] INFO org.evosuite.runtime.instrumentation.CreateClassResetClassAdapter - Creating brand-new static initializer in class org/apache/commons/math3/analysis/differentiation/DerivativeStructure
17:26:08.095 [main] INFO org.evosuite.runtime.instrumentation.EvoClassLoader - Seeing class for first time: org.apache.commons.math3.FieldElement
17:26:08.096 [main] INFO org.evosuite.runtime.instrumentation.EvoClassLoader - Instrumenting class 'org.apache.commons.math3.FieldElement'.
17:26:08.096 [main] INFO org.evosuite.runtime.instrumentation.EvoClassLoader - Defined package (3): package org.apache.commons.math3, -898793265
17:26:08.096 [main] INFO org.evosuite.runtime.instrumentation.EvoClassLoader - Keeping class: org.apache.commons.math3.FieldElement
17:26:08.096 [main] INFO org.evosuite.runtime.instrumentation.EvoClassLoader - Keeping class: org.apache.commons.math3.analysis.differentiation.DerivativeStructure
17:26:08.096 [main] INFO org.evosuite.runtime.instrumentation.EvoClassLoader - Seeing class for first time: org.apache.commons.math3.util.MathArrays$OrderDirection
17:26:08.096 [main] INFO org.evosuite.runtime.instrumentation.EvoClassLoader - Instrumenting class 'org.apache.commons.math3.util.MathArrays$OrderDirection'.
17:26:08.096 [main] INFO org.evosuite.runtime.instrumentation.MethodCallReplacementClassAdapter - Adding mock interface to class org/apache/commons/math3/util/MathArrays$OrderDirection
17:26:08.097 [main] INFO org.evosuite.runtime.instrumentation.CreateClassResetClassAdapter - Found static initializer in class org/apache/commons/math3/util/MathArrays$OrderDirection
17:26:08.097 [main] INFO org.evosuite.runtime.instrumentation.EvoClassLoader - Keeping class: org.apache.commons.math3.util.MathArrays$OrderDirection
.17:26:08.108 [main] INFO org.evosuite.runtime.instrumentation.EvoClassLoader - Seeing class for first time: org.apache.commons.math3.util.Precision
17:26:08.108 [main] INFO org.evosuite.runtime.instrumentation.EvoClassLoader - Instrumenting class 'org.apache.commons.math3.util.Precision'.
17:26:08.108 [main] INFO org.evosuite.runtime.instrumentation.MethodCallReplacementClassAdapter - Adding mock interface to class org/apache/commons/math3/util/Precision
17:26:08.109 [main] INFO org.evosuite.runtime.instrumentation.CreateClassResetClassAdapter - Found static initializer in class org/apache/commons/math3/util/Precision
17:26:08.110 [main] INFO org.evosuite.runtime.instrumentation.EvoClassLoader - Keeping class: org.apache.commons.math3.util.Precision
................E.............................................E..................................................................E..................................E............................................E..E.................E.......................................E.........................................................................................E...................E......................E..............................................................E....................................................................E..............................................E...........E.......................................................E................................E..................................................................E.................E.................
Time: 1.63
There were 19 failures:
1) test_0074(org.apache.commons.math3.analysis.differentiation.DSCompiler_ESTest)
java.lang.AssertionError: expected:<NaN> but was:<0.0>
	at org.junit.Assert.fail(Assert.java:89)
	at org.junit.Assert.failNotEquals(Assert.java:835)
	at org.junit.Assert.assertEquals(Assert.java:555)
	at org.junit.Assert.assertEquals(Assert.java:685)
	at org.apache.commons.math3.analysis.differentiation.DSCompiler_ESTest.test_0074(DSCompiler_ESTest.java:1022)
2) test_0052(org.apache.commons.math3.analysis.differentiation.DSCompiler_ESTest)
java.lang.ArrayIndexOutOfBoundsException: 3
	at org.apache.commons.math3.analysis.differentiation.DSCompiler.pow(DSCompiler.java:894)
	at org.apache.commons.math3.analysis.differentiation.DSCompiler.divide(DSCompiler.java:797)
	at org.apache.commons.math3.analysis.differentiation.DSCompiler.atan2(DSCompiler.java:1398)
	at org.apache.commons.math3.analysis.differentiation.DSCompiler_ESTest.test_0052(DSCompiler_ESTest.java:748)
3) test_0716(org.apache.commons.math3.analysis.differentiation.DSCompiler_ESTest)
java.lang.ArrayIndexOutOfBoundsException: -665
	at org.apache.commons.math3.analysis.differentiation.DSCompiler.multiply(DSCompiler.java:775)
	at org.apache.commons.math3.analysis.differentiation.DSCompiler.atan2(DSCompiler.java:1388)
	at org.apache.commons.math3.analysis.differentiation.DSCompiler_ESTest.test_0716(DSCompiler_ESTest.java:9479)
4) test_0512(org.apache.commons.math3.analysis.differentiation.DSCompiler_ESTest)
java.lang.AssertionError: expected:<NaN> but was:<0.0>
	at org.junit.Assert.fail(Assert.java:89)
	at org.junit.Assert.failNotEquals(Assert.java:835)
	at org.junit.Assert.assertEquals(Assert.java:555)
	at org.junit.Assert.assertEquals(Assert.java:685)
	at org.apache.commons.math3.analysis.differentiation.DSCompiler_ESTest.test_0512(DSCompiler_ESTest.java:6759)
5) test_0735(org.apache.commons.math3.analysis.differentiation.DSCompiler_ESTest)
java.lang.ArrayIndexOutOfBoundsException: 2
	at org.apache.commons.math3.analysis.differentiation.DSCompiler.compose(DSCompiler.java:1720)
	at org.apache.commons.math3.analysis.differentiation.DSCompiler.pow(DSCompiler.java:909)
	at org.apache.commons.math3.analysis.differentiation.DSCompiler.divide(DSCompiler.java:797)
	at org.apache.commons.math3.analysis.differentiation.DSCompiler.atan2(DSCompiler.java:1398)
	at org.apache.commons.math3.analysis.differentiation.DSCompiler_ESTest.test_0735(DSCompiler_ESTest.java:9726)
6) test_0736(org.apache.commons.math3.analysis.differentiation.DSCompiler_ESTest)
java.lang.ArrayIndexOutOfBoundsException: 2
	at org.apache.commons.math3.analysis.differentiation.DSCompiler.pow(DSCompiler.java:894)
	at org.apache.commons.math3.analysis.differentiation.DSCompiler.divide(DSCompiler.java:797)
	at org.apache.commons.math3.analysis.differentiation.DSCompiler.atan2(DSCompiler.java:1398)
	at org.apache.commons.math3.analysis.differentiation.DSCompiler_ESTest.test_0736(DSCompiler_ESTest.java:9734)
7) test_0603(org.apache.commons.math3.analysis.differentiation.DSCompiler_ESTest)
java.lang.ArrayIndexOutOfBoundsException: 2278
	at org.apache.commons.math3.analysis.differentiation.DSCompiler.taylor(DSCompiler.java:1738)
	at org.apache.commons.math3.analysis.differentiation.DSCompiler_ESTest.test_0603(DSCompiler_ESTest.java:7962)
8) test_0311(org.apache.commons.math3.analysis.differentiation.DSCompiler_ESTest)
java.lang.AssertionError: expected:<NaN> but was:<0.0>
	at org.junit.Assert.fail(Assert.java:89)
	at org.junit.Assert.failNotEquals(Assert.java:835)
	at org.junit.Assert.assertEquals(Assert.java:555)
	at org.junit.Assert.assertEquals(Assert.java:685)
	at org.apache.commons.math3.analysis.differentiation.DSCompiler_ESTest.test_0311(DSCompiler_ESTest.java:4224)
9) test_0761(org.apache.commons.math3.analysis.differentiation.DSCompiler_ESTest)
java.lang.NullPointerException
	at org.apache.commons.math3.analysis.differentiation.DSCompiler.taylor(DSCompiler.java:1738)
	at org.apache.commons.math3.analysis.differentiation.DSCompiler_ESTest.test_0761(DSCompiler_ESTest.java:10014)
10) test_0521(org.apache.commons.math3.analysis.differentiation.DSCompiler_ESTest)
java.lang.ArrayIndexOutOfBoundsException: 6
	at org.apache.commons.math3.analysis.differentiation.DSCompiler.compose(DSCompiler.java:1720)
	at org.apache.commons.math3.analysis.differentiation.DSCompiler.pow(DSCompiler.java:909)
	at org.apache.commons.math3.analysis.differentiation.DSCompiler.divide(DSCompiler.java:797)
	at org.apache.commons.math3.analysis.differentiation.DSCompiler.atan2(DSCompiler.java:1398)
	at org.apache.commons.math3.analysis.differentiation.DSCompiler_ESTest.test_0521(DSCompiler_ESTest.java:6867)
11) test_0231(org.apache.commons.math3.analysis.differentiation.DSCompiler_ESTest)
java.lang.AssertionError: expected:<NaN> but was:<0.0>
	at org.junit.Assert.fail(Assert.java:89)
	at org.junit.Assert.failNotEquals(Assert.java:835)
	at org.junit.Assert.assertEquals(Assert.java:555)
	at org.junit.Assert.assertEquals(Assert.java:685)
	at org.apache.commons.math3.analysis.differentiation.DSCompiler_ESTest.test_0231(DSCompiler_ESTest.java:3116)
12) test_0580(org.apache.commons.math3.analysis.differentiation.DSCompiler_ESTest)
java.lang.ArrayIndexOutOfBoundsException: 1
	at org.apache.commons.math3.analysis.differentiation.DSCompiler.pow(DSCompiler.java:894)
	at org.apache.commons.math3.analysis.differentiation.DSCompiler.divide(DSCompiler.java:797)
	at org.apache.commons.math3.analysis.differentiation.DSCompiler.atan2(DSCompiler.java:1398)
	at org.apache.commons.math3.analysis.differentiation.DSCompiler_ESTest.test_0580(DSCompiler_ESTest.java:7690)
13) test_0213(org.apache.commons.math3.analysis.differentiation.DSCompiler_ESTest)
arrays first differed at element [0]; expected:<0.0> but was:<NaN>
	at org.junit.internal.ComparisonCriteria.arrayEquals(ComparisonCriteria.java:78)
	at org.junit.internal.ComparisonCriteria.arrayEquals(ComparisonCriteria.java:28)
	at org.junit.Assert.assertArrayEquals(Assert.java:471)
	at org.junit.Assert.assertArrayEquals(Assert.java:485)
	at org.apache.commons.math3.analysis.differentiation.DSCompiler_ESTest.test_0213(DSCompiler_ESTest.java:2889)
	... 11 trimmed
Caused by: java.lang.AssertionError: expected:<0.0> but was:<NaN>
	at org.junit.Assert.fail(Assert.java:89)
	at org.junit.Assert.failNotEquals(Assert.java:835)
	at org.junit.Assert.assertEquals(Assert.java:555)
	at org.junit.Assert.assertEquals(Assert.java:685)
	at org.junit.internal.InexactComparisonCriteria.assertElementsEqual(InexactComparisonCriteria.java:19)
	at org.junit.internal.ComparisonCriteria.arrayEquals(ComparisonCriteria.java:76)
	... 16 more
14) test_0443(org.apache.commons.math3.analysis.differentiation.DSCompiler_ESTest)
java.lang.AssertionError: expected:<NaN> but was:<0.0>
	at org.junit.Assert.fail(Assert.java:89)
	at org.junit.Assert.failNotEquals(Assert.java:835)
	at org.junit.Assert.assertEquals(Assert.java:555)
	at org.junit.Assert.assertEquals(Assert.java:685)
	at org.apache.commons.math3.analysis.differentiation.DSCompiler_ESTest.test_0443(DSCompiler_ESTest.java:5860)
15) test_0566(org.apache.commons.math3.analysis.differentiation.DSCompiler_ESTest)
java.lang.ArrayIndexOutOfBoundsException: 15
	at org.apache.commons.math3.analysis.differentiation.DSCompiler.multiply(DSCompiler.java:775)
	at org.apache.commons.math3.analysis.differentiation.DSCompiler.atan2(DSCompiler.java:1388)
	at org.apache.commons.math3.analysis.differentiation.DSCompiler_ESTest.test_0566(DSCompiler_ESTest.java:7504)
16) test_0385(org.apache.commons.math3.analysis.differentiation.DSCompiler_ESTest)
java.lang.ArrayIndexOutOfBoundsException: 5
	at org.apache.commons.math3.analysis.differentiation.DSCompiler.taylor(DSCompiler.java:1738)
	at org.apache.commons.math3.analysis.differentiation.DSCompiler_ESTest.test_0385(DSCompiler_ESTest.java:5183)
17) test_0149(org.apache.commons.math3.analysis.differentiation.DSCompiler_ESTest)
java.lang.ArrayIndexOutOfBoundsException: 11
	at org.apache.commons.math3.analysis.differentiation.DSCompiler.taylor(DSCompiler.java:1738)
	at org.apache.commons.math3.analysis.differentiation.DSCompiler_ESTest.test_0149(DSCompiler_ESTest.java:2007)
18) test_0123(org.apache.commons.math3.analysis.differentiation.DSCompiler_ESTest)
arrays first differed at element [0]; expected:<0.0> but was:<NaN>
	at org.junit.internal.ComparisonCriteria.arrayEquals(ComparisonCriteria.java:78)
	at org.junit.internal.ComparisonCriteria.arrayEquals(ComparisonCriteria.java:28)
	at org.junit.Assert.assertArrayEquals(Assert.java:471)
	at org.junit.Assert.assertArrayEquals(Assert.java:485)
	at org.apache.commons.math3.analysis.differentiation.DSCompiler_ESTest.test_0123(DSCompiler_ESTest.java:1715)
	... 11 trimmed
Caused by: java.lang.AssertionError: expected:<0.0> but was:<NaN>
	at org.junit.Assert.fail(Assert.java:89)
	at org.junit.Assert.failNotEquals(Assert.java:835)
	at org.junit.Assert.assertEquals(Assert.java:555)
	at org.junit.Assert.assertEquals(Assert.java:685)
	at org.junit.internal.InexactComparisonCriteria.assertElementsEqual(InexactComparisonCriteria.java:19)
	at org.junit.internal.ComparisonCriteria.arrayEquals(ComparisonCriteria.java:76)
	... 16 more
19) test_0124(org.apache.commons.math3.analysis.differentiation.DSCompiler_ESTest)
arrays first differed at element [0]; expected:<0.0> but was:<NaN>
	at org.junit.internal.ComparisonCriteria.arrayEquals(ComparisonCriteria.java:78)
	at org.junit.internal.ComparisonCriteria.arrayEquals(ComparisonCriteria.java:28)
	at org.junit.Assert.assertArrayEquals(Assert.java:471)
	at org.junit.Assert.assertArrayEquals(Assert.java:485)
	at org.apache.commons.math3.analysis.differentiation.DSCompiler_ESTest.test_0124(DSCompiler_ESTest.java:1723)
	... 11 trimmed
Caused by: java.lang.AssertionError: expected:<0.0> but was:<NaN>
	at org.junit.Assert.fail(Assert.java:89)
	at org.junit.Assert.failNotEquals(Assert.java:835)
	at org.junit.Assert.assertEquals(Assert.java:555)
	at org.junit.Assert.assertEquals(Assert.java:685)
	at org.junit.internal.InexactComparisonCriteria.assertElementsEqual(InexactComparisonCriteria.java:19)
	at org.junit.internal.ComparisonCriteria.arrayEquals(ComparisonCriteria.java:76)
	... 16 more

FAILURES!!!
Tests run: 768,  Failures: 19

